{"/Users/davidmurray/Documents/hrv-app/api/ai/chat.ts": {"path":"/Users/davidmurray/Documents/hrv-app/api/ai/chat.ts","statementMap":{"0":{"start":{"line":20,"column":2},"end":{"line":22,"column":3}},"1":{"start":{"line":21,"column":4},"end":{"line":21,"column":65}},"2":{"start":{"line":24,"column":76},"end":{"line":24,"column":84}},"3":{"start":{"line":27,"column":26},"end":{"line":27,"column":67}},"4":{"start":{"line":28,"column":2},"end":{"line":36,"column":3}},"5":{"start":{"line":29,"column":22},"end":{"line":29,"column":57}},"6":{"start":{"line":30,"column":4},"end":{"line":35,"column":7}},"7":{"start":{"line":38,"column":2},"end":{"line":40,"column":3}},"8":{"start":{"line":39,"column":4},"end":{"line":39,"column":86}},"9":{"start":{"line":42,"column":17},"end":{"line":42,"column":43}},"10":{"start":{"line":44,"column":2},"end":{"line":47,"column":3}},"11":{"start":{"line":45,"column":4},"end":{"line":45,"column":69}},"12":{"start":{"line":46,"column":4},"end":{"line":46,"column":73}},"13":{"start":{"line":50,"column":2},"end":{"line":50,"column":53}},"14":{"start":{"line":51,"column":2},"end":{"line":51,"column":59}},"15":{"start":{"line":52,"column":2},"end":{"line":52,"column":44}},"16":{"start":{"line":54,"column":2},"end":{"line":171,"column":3}},"17":{"start":{"line":55,"column":19},"end":{"line":55,"column":41}},"18":{"start":{"line":58,"column":6},"end":{"line":58,"column":19}},"19":{"start":{"line":61,"column":25},"end":{"line":106,"column":92}},"20":{"start":{"line":109,"column":63},"end":{"line":114,"column":5}},"21":{"start":{"line":117,"column":4},"end":{"line":126,"column":5}},"22":{"start":{"line":118,"column":6},"end":{"line":125,"column":9}},"23":{"start":{"line":119,"column":8},"end":{"line":124,"column":9}},"24":{"start":{"line":120,"column":10},"end":{"line":123,"column":13}},"25":{"start":{"line":129,"column":4},"end":{"line":132,"column":7}},"26":{"start":{"line":135,"column":19},"end":{"line":141,"column":6}},"27":{"start":{"line":144,"column":4},"end":{"line":157,"column":5}},"28":{"start":{"line":145,"column":22},"end":{"line":145,"column":54}},"29":{"start":{"line":147,"column":6},"end":{"line":150,"column":7}},"30":{"start":{"line":149,"column":8},"end":{"line":149,"column":69}},"31":{"start":{"line":153,"column":6},"end":{"line":156,"column":7}},"32":{"start":{"line":154,"column":8},"end":{"line":154,"column":65}},"33":{"start":{"line":155,"column":8},"end":{"line":155,"column":14}},"34":{"start":{"line":159,"column":4},"end":{"line":159,"column":14}},"35":{"start":{"line":161,"column":4},"end":{"line":161,"column":53}},"36":{"start":{"line":164,"column":4},"end":{"line":169,"column":6}},"37":{"start":{"line":170,"column":4},"end":{"line":170,"column":14}}},"fnMap":{"0":{"name":"handler","decl":{"start":{"line":18,"column":30},"end":{"line":18,"column":37}},"loc":{"start":{"line":18,"column":79},"end":{"line":172,"column":1}},"line":18},"1":{"name":"(anonymous_1)","decl":{"start":{"line":118,"column":45},"end":{"line":118,"column":46}},"loc":{"start":{"line":118,"column":59},"end":{"line":125,"column":7}},"line":118}},"branchMap":{"0":{"loc":{"start":{"line":20,"column":2},"end":{"line":22,"column":3}},"type":"if","locations":[{"start":{"line":20,"column":2},"end":{"line":22,"column":3}},{"start":{},"end":{}}],"line":20},"1":{"loc":{"start":{"line":27,"column":41},"end":{"line":27,"column":62}},"type":"binary-expr","locations":[{"start":{"line":27,"column":41},"end":{"line":27,"column":47}},{"start":{"line":27,"column":51},"end":{"line":27,"column":62}}],"line":27},"2":{"loc":{"start":{"line":28,"column":2},"end":{"line":36,"column":3}},"type":"if","locations":[{"start":{"line":28,"column":2},"end":{"line":36,"column":3}},{"start":{},"end":{}}],"line":28},"3":{"loc":{"start":{"line":38,"column":2},"end":{"line":40,"column":3}},"type":"if","locations":[{"start":{"line":38,"column":2},"end":{"line":40,"column":3}},{"start":{},"end":{}}],"line":38},"4":{"loc":{"start":{"line":38,"column":6},"end":{"line":38,"column":33}},"type":"binary-expr","locations":[{"start":{"line":38,"column":6},"end":{"line":38,"column":14}},{"start":{"line":38,"column":18},"end":{"line":38,"column":33}}],"line":38},"5":{"loc":{"start":{"line":44,"column":2},"end":{"line":47,"column":3}},"type":"if","locations":[{"start":{"line":44,"column":2},"end":{"line":47,"column":3}},{"start":{},"end":{}}],"line":44},"6":{"loc":{"start":{"line":58,"column":6},"end":{"line":58,"column":19}},"type":"binary-expr","locations":[{"start":{"line":58,"column":6},"end":{"line":58,"column":13}},{"start":{"line":58,"column":17},"end":{"line":58,"column":19}}],"line":58},"7":{"loc":{"start":{"line":64,"column":6},"end":{"line":64,"column":35}},"type":"binary-expr","locations":[{"start":{"line":64,"column":6},"end":{"line":64,"column":22}},{"start":{"line":64,"column":26},"end":{"line":64,"column":35}}],"line":64},"8":{"loc":{"start":{"line":68,"column":2},"end":{"line":68,"column":82}},"type":"cond-expr","locations":[{"start":{"line":68,"column":16},"end":{"line":68,"column":52}},{"start":{"line":68,"column":55},"end":{"line":68,"column":82}}],"line":68},"9":{"loc":{"start":{"line":69,"column":2},"end":{"line":69,"column":88}},"type":"cond-expr","locations":[{"start":{"line":69,"column":18},"end":{"line":69,"column":56}},{"start":{"line":69,"column":59},"end":{"line":69,"column":88}}],"line":69},"10":{"loc":{"start":{"line":72,"column":2},"end":{"line":79,"column":33}},"type":"cond-expr","locations":[{"start":{"line":73,"column":6},"end":{"line":78,"column":86}},{"start":{"line":79,"column":6},"end":{"line":79,"column":33}}],"line":72},"11":{"loc":{"start":{"line":78,"column":12},"end":{"line":78,"column":34}},"type":"binary-expr","locations":[{"start":{"line":78,"column":12},"end":{"line":78,"column":28}},{"start":{"line":78,"column":32},"end":{"line":78,"column":34}}],"line":78},"12":{"loc":{"start":{"line":78,"column":41},"end":{"line":78,"column":70}},"type":"binary-expr","locations":[{"start":{"line":78,"column":41},"end":{"line":78,"column":64}},{"start":{"line":78,"column":68},"end":{"line":78,"column":70}}],"line":78},"13":{"loc":{"start":{"line":83,"column":2},"end":{"line":86,"column":28}},"type":"cond-expr","locations":[{"start":{"line":84,"column":6},"end":{"line":85,"column":41}},{"start":{"line":86,"column":6},"end":{"line":86,"column":28}}],"line":83},"14":{"loc":{"start":{"line":83,"column":2},"end":{"line":83,"column":41}},"type":"binary-expr","locations":[{"start":{"line":83,"column":2},"end":{"line":83,"column":14}},{"start":{"line":83,"column":18},"end":{"line":83,"column":41}}],"line":83},"15":{"loc":{"start":{"line":90,"column":2},"end":{"line":93,"column":41}},"type":"cond-expr","locations":[{"start":{"line":91,"column":6},"end":{"line":92,"column":41}},{"start":{"line":93,"column":6},"end":{"line":93,"column":41}}],"line":90},"16":{"loc":{"start":{"line":90,"column":2},"end":{"line":90,"column":41}},"type":"binary-expr","locations":[{"start":{"line":90,"column":2},"end":{"line":90,"column":14}},{"start":{"line":90,"column":18},"end":{"line":90,"column":41}}],"line":90},"17":{"loc":{"start":{"line":117,"column":4},"end":{"line":126,"column":5}},"type":"if","locations":[{"start":{"line":117,"column":4},"end":{"line":126,"column":5}},{"start":{},"end":{}}],"line":117},"18":{"loc":{"start":{"line":117,"column":8},"end":{"line":117,"column":65}},"type":"binary-expr","locations":[{"start":{"line":117,"column":8},"end":{"line":117,"column":27}},{"start":{"line":117,"column":31},"end":{"line":117,"column":65}}],"line":117},"19":{"loc":{"start":{"line":119,"column":8},"end":{"line":124,"column":9}},"type":"if","locations":[{"start":{"line":119,"column":8},"end":{"line":124,"column":9}},{"start":{},"end":{}}],"line":119},"20":{"loc":{"start":{"line":119,"column":12},"end":{"line":119,"column":59}},"type":"binary-expr","locations":[{"start":{"line":119,"column":12},"end":{"line":119,"column":31}},{"start":{"line":119,"column":35},"end":{"line":119,"column":59}}],"line":119},"21":{"loc":{"start":{"line":147,"column":6},"end":{"line":150,"column":7}},"type":"if","locations":[{"start":{"line":147,"column":6},"end":{"line":150,"column":7}},{"start":{},"end":{}}],"line":147},"22":{"loc":{"start":{"line":153,"column":6},"end":{"line":156,"column":7}},"type":"if","locations":[{"start":{"line":153,"column":6},"end":{"line":156,"column":7}},{"start":{},"end":{}}],"line":153},"23":{"loc":{"start":{"line":167,"column":17},"end":{"line":167,"column":73}},"type":"cond-expr","locations":[{"start":{"line":167,"column":42},"end":{"line":167,"column":55}},{"start":{"line":167,"column":58},"end":{"line":167,"column":73}}],"line":167}},"s":{"0":0,"1":0,"2":0,"3":0,"4":0,"5":0,"6":0,"7":0,"8":0,"9":0,"10":0,"11":0,"12":0,"13":0,"14":0,"15":0,"16":0,"17":0,"18":0,"19":0,"20":0,"21":0,"22":0,"23":0,"24":0,"25":0,"26":0,"27":0,"28":0,"29":0,"30":0,"31":0,"32":0,"33":0,"34":0,"35":0,"36":0,"37":0},"f":{"0":0,"1":0},"b":{"0":[0,0],"1":[0,0],"2":[0,0],"3":[0,0],"4":[0,0],"5":[0,0],"6":[0,0],"7":[0,0],"8":[0,0],"9":[0,0],"10":[0,0],"11":[0,0],"12":[0,0],"13":[0,0],"14":[0,0],"15":[0,0],"16":[0,0],"17":[0,0],"18":[0,0],"19":[0,0],"20":[0,0],"21":[0,0],"22":[0,0],"23":[0,0]}}
,"/Users/davidmurray/Documents/hrv-app/api/ai/daily-plan.ts": {"path":"/Users/davidmurray/Documents/hrv-app/api/ai/daily-plan.ts","statementMap":{"0":{"start":{"line":23,"column":2},"end":{"line":25,"column":3}},"1":{"start":{"line":24,"column":4},"end":{"line":24,"column":65}},"2":{"start":{"line":38,"column":6},"end":{"line":38,"column":14}},"3":{"start":{"line":40,"column":2},"end":{"line":42,"column":3}},"4":{"start":{"line":41,"column":4},"end":{"line":41,"column":78}},"5":{"start":{"line":45,"column":26},"end":{"line":45,"column":67}},"6":{"start":{"line":46,"column":2},"end":{"line":54,"column":3}},"7":{"start":{"line":47,"column":22},"end":{"line":47,"column":57}},"8":{"start":{"line":48,"column":4},"end":{"line":53,"column":7}},"9":{"start":{"line":56,"column":17},"end":{"line":56,"column":43}},"10":{"start":{"line":58,"column":2},"end":{"line":61,"column":3}},"11":{"start":{"line":59,"column":4},"end":{"line":59,"column":69}},"12":{"start":{"line":60,"column":4},"end":{"line":60,"column":73}},"13":{"start":{"line":63,"column":2},"end":{"line":212,"column":3}},"14":{"start":{"line":64,"column":19},"end":{"line":64,"column":41}},"15":{"start":{"line":67,"column":23},"end":{"line":67,"column":32}},"16":{"start":{"line":68,"column":4},"end":{"line":74,"column":5}},"17":{"start":{"line":69,"column":25},"end":{"line":69,"column":38}},"18":{"start":{"line":70,"column":24},"end":{"line":70,"column":45}},"19":{"start":{"line":71,"column":29},"end":{"line":71,"column":32}},"20":{"start":{"line":72,"column":25},"end":{"line":72,"column":90}},"21":{"start":{"line":73,"column":6},"end":{"line":73,"column":74}},"22":{"start":{"line":77,"column":25},"end":{"line":158,"column":2}},"23":{"start":{"line":161,"column":23},"end":{"line":176,"column":6}},"24":{"start":{"line":178,"column":28},"end":{"line":178,"column":67}},"25":{"start":{"line":180,"column":4},"end":{"line":182,"column":5}},"26":{"start":{"line":181,"column":6},"end":{"line":181,"column":49}},"27":{"start":{"line":184,"column":21},"end":{"line":184,"column":48}},"28":{"start":{"line":187,"column":22},"end":{"line":202,"column":5}},"29":{"start":{"line":205,"column":4},"end":{"line":205,"column":43}},"30":{"start":{"line":207,"column":4},"end":{"line":207,"column":57}},"31":{"start":{"line":208,"column":4},"end":{"line":211,"column":7}}},"fnMap":{"0":{"name":"handler","decl":{"start":{"line":21,"column":30},"end":{"line":21,"column":37}},"loc":{"start":{"line":21,"column":79},"end":{"line":213,"column":1}},"line":21}},"branchMap":{"0":{"loc":{"start":{"line":23,"column":2},"end":{"line":25,"column":3}},"type":"if","locations":[{"start":{"line":23,"column":2},"end":{"line":25,"column":3}},{"start":{},"end":{}}],"line":23},"1":{"loc":{"start":{"line":40,"column":2},"end":{"line":42,"column":3}},"type":"if","locations":[{"start":{"line":40,"column":2},"end":{"line":42,"column":3}},{"start":{},"end":{}}],"line":40},"2":{"loc":{"start":{"line":40,"column":6},"end":{"line":40,"column":25}},"type":"binary-expr","locations":[{"start":{"line":40,"column":6},"end":{"line":40,"column":11}},{"start":{"line":40,"column":15},"end":{"line":40,"column":25}}],"line":40},"3":{"loc":{"start":{"line":45,"column":41},"end":{"line":45,"column":62}},"type":"binary-expr","locations":[{"start":{"line":45,"column":41},"end":{"line":45,"column":47}},{"start":{"line":45,"column":51},"end":{"line":45,"column":62}}],"line":45},"4":{"loc":{"start":{"line":46,"column":2},"end":{"line":54,"column":3}},"type":"if","locations":[{"start":{"line":46,"column":2},"end":{"line":54,"column":3}},{"start":{},"end":{}}],"line":46},"5":{"loc":{"start":{"line":58,"column":2},"end":{"line":61,"column":3}},"type":"if","locations":[{"start":{"line":58,"column":2},"end":{"line":61,"column":3}},{"start":{},"end":{}}],"line":58},"6":{"loc":{"start":{"line":68,"column":4},"end":{"line":74,"column":5}},"type":"if","locations":[{"start":{"line":68,"column":4},"end":{"line":74,"column":5}},{"start":{},"end":{}}],"line":68},"7":{"loc":{"start":{"line":68,"column":8},"end":{"line":68,"column":31}},"type":"binary-expr","locations":[{"start":{"line":68,"column":8},"end":{"line":68,"column":22}},{"start":{"line":68,"column":26},"end":{"line":68,"column":31}}],"line":68},"8":{"loc":{"start":{"line":70,"column":24},"end":{"line":70,"column":45}},"type":"binary-expr","locations":[{"start":{"line":70,"column":24},"end":{"line":70,"column":39}},{"start":{"line":70,"column":43},"end":{"line":70,"column":45}}],"line":70},"9":{"loc":{"start":{"line":73,"column":21},"end":{"line":73,"column":73}},"type":"cond-expr","locations":[{"start":{"line":73,"column":38},"end":{"line":73,"column":54}},{"start":{"line":73,"column":57},"end":{"line":73,"column":73}}],"line":73},"10":{"loc":{"start":{"line":82,"column":2},"end":{"line":82,"column":72}},"type":"cond-expr","locations":[{"start":{"line":82,"column":16},"end":{"line":82,"column":52}},{"start":{"line":82,"column":55},"end":{"line":82,"column":72}}],"line":82},"11":{"loc":{"start":{"line":83,"column":2},"end":{"line":83,"column":78}},"type":"cond-expr","locations":[{"start":{"line":83,"column":18},"end":{"line":83,"column":56}},{"start":{"line":83,"column":59},"end":{"line":83,"column":78}}],"line":83},"12":{"loc":{"start":{"line":89,"column":2},"end":{"line":89,"column":69}},"type":"cond-expr","locations":[{"start":{"line":89,"column":21},"end":{"line":89,"column":64}},{"start":{"line":89,"column":67},"end":{"line":89,"column":69}}],"line":89},"13":{"loc":{"start":{"line":90,"column":21},"end":{"line":90,"column":51}},"type":"binary-expr","locations":[{"start":{"line":90,"column":21},"end":{"line":90,"column":32}},{"start":{"line":90,"column":36},"end":{"line":90,"column":51}}],"line":90},"14":{"loc":{"start":{"line":94,"column":2},"end":{"line":99,"column":36}},"type":"cond-expr","locations":[{"start":{"line":95,"column":6},"end":{"line":98,"column":41}},{"start":{"line":99,"column":6},"end":{"line":99,"column":36}}],"line":94},"15":{"loc":{"start":{"line":103,"column":2},"end":{"line":106,"column":31}},"type":"cond-expr","locations":[{"start":{"line":104,"column":6},"end":{"line":105,"column":53}},{"start":{"line":106,"column":6},"end":{"line":106,"column":31}}],"line":103},"16":{"loc":{"start":{"line":103,"column":2},"end":{"line":103,"column":41}},"type":"binary-expr","locations":[{"start":{"line":103,"column":2},"end":{"line":103,"column":14}},{"start":{"line":103,"column":18},"end":{"line":103,"column":41}}],"line":103},"17":{"loc":{"start":{"line":110,"column":2},"end":{"line":114,"column":27}},"type":"cond-expr","locations":[{"start":{"line":111,"column":6},"end":{"line":113,"column":71}},{"start":{"line":114,"column":6},"end":{"line":114,"column":27}}],"line":110},"18":{"loc":{"start":{"line":180,"column":4},"end":{"line":182,"column":5}},"type":"if","locations":[{"start":{"line":180,"column":4},"end":{"line":182,"column":5}},{"start":{},"end":{}}],"line":180},"19":{"loc":{"start":{"line":196,"column":19},"end":{"line":196,"column":36}},"type":"binary-expr","locations":[{"start":{"line":196,"column":19},"end":{"line":196,"column":30}},{"start":{"line":196,"column":34},"end":{"line":196,"column":36}}],"line":196},"20":{"loc":{"start":{"line":199,"column":23},"end":{"line":199,"column":53}},"type":"binary-expr","locations":[{"start":{"line":199,"column":23},"end":{"line":199,"column":47}},{"start":{"line":199,"column":51},"end":{"line":199,"column":53}}],"line":199},"21":{"loc":{"start":{"line":200,"column":28},"end":{"line":200,"column":74}},"type":"binary-expr","locations":[{"start":{"line":200,"column":28},"end":{"line":200,"column":57}},{"start":{"line":200,"column":61},"end":{"line":200,"column":74}}],"line":200},"22":{"loc":{"start":{"line":210,"column":15},"end":{"line":210,"column":71}},"type":"cond-expr","locations":[{"start":{"line":210,"column":40},"end":{"line":210,"column":53}},{"start":{"line":210,"column":56},"end":{"line":210,"column":71}}],"line":210}},"s":{"0":0,"1":0,"2":0,"3":0,"4":0,"5":0,"6":0,"7":0,"8":0,"9":0,"10":0,"11":0,"12":0,"13":0,"14":0,"15":0,"16":0,"17":0,"18":0,"19":0,"20":0,"21":0,"22":0,"23":0,"24":0,"25":0,"26":0,"27":0,"28":0,"29":0,"30":0,"31":0},"f":{"0":0},"b":{"0":[0,0],"1":[0,0],"2":[0,0],"3":[0,0],"4":[0,0],"5":[0,0],"6":[0,0],"7":[0,0],"8":[0,0],"9":[0,0],"10":[0,0],"11":[0,0],"12":[0,0],"13":[0,0],"14":[0,0],"15":[0,0],"16":[0,0],"17":[0,0],"18":[0,0],"19":[0,0],"20":[0,0],"21":[0,0],"22":[0,0]}}
,"/Users/davidmurray/Documents/hrv-app/api/ai/onboarding-analysis.ts": {"path":"/Users/davidmurray/Documents/hrv-app/api/ai/onboarding-analysis.ts","statementMap":{"0":{"start":{"line":18,"column":2},"end":{"line":20,"column":3}},"1":{"start":{"line":19,"column":4},"end":{"line":19,"column":65}},"2":{"start":{"line":22,"column":73},"end":{"line":22,"column":81}},"3":{"start":{"line":25,"column":26},"end":{"line":25,"column":67}},"4":{"start":{"line":26,"column":2},"end":{"line":34,"column":3}},"5":{"start":{"line":27,"column":22},"end":{"line":27,"column":57}},"6":{"start":{"line":28,"column":4},"end":{"line":33,"column":7}},"7":{"start":{"line":37,"column":2},"end":{"line":37,"column":43}},"8":{"start":{"line":38,"column":2},"end":{"line":38,"column":79}},"9":{"start":{"line":39,"column":2},"end":{"line":39,"column":75}},"10":{"start":{"line":41,"column":2},"end":{"line":43,"column":3}},"11":{"start":{"line":42,"column":4},"end":{"line":42,"column":89}},"12":{"start":{"line":45,"column":17},"end":{"line":45,"column":43}},"13":{"start":{"line":47,"column":2},"end":{"line":50,"column":3}},"14":{"start":{"line":48,"column":4},"end":{"line":48,"column":69}},"15":{"start":{"line":49,"column":4},"end":{"line":49,"column":73}},"16":{"start":{"line":52,"column":2},"end":{"line":121,"column":3}},"17":{"start":{"line":53,"column":19},"end":{"line":53,"column":41}},"18":{"start":{"line":56,"column":25},"end":{"line":86,"column":2}},"19":{"start":{"line":89,"column":23},"end":{"line":103,"column":6}},"20":{"start":{"line":105,"column":28},"end":{"line":105,"column":67}},"21":{"start":{"line":107,"column":4},"end":{"line":109,"column":5}},"22":{"start":{"line":108,"column":6},"end":{"line":108,"column":49}},"23":{"start":{"line":111,"column":21},"end":{"line":111,"column":48}},"24":{"start":{"line":114,"column":4},"end":{"line":114,"column":42}},"25":{"start":{"line":116,"column":4},"end":{"line":116,"column":66}},"26":{"start":{"line":117,"column":4},"end":{"line":120,"column":7}}},"fnMap":{"0":{"name":"handler","decl":{"start":{"line":16,"column":30},"end":{"line":16,"column":37}},"loc":{"start":{"line":16,"column":79},"end":{"line":122,"column":1}},"line":16}},"branchMap":{"0":{"loc":{"start":{"line":18,"column":2},"end":{"line":20,"column":3}},"type":"if","locations":[{"start":{"line":18,"column":2},"end":{"line":20,"column":3}},{"start":{},"end":{}}],"line":18},"1":{"loc":{"start":{"line":25,"column":41},"end":{"line":25,"column":62}},"type":"binary-expr","locations":[{"start":{"line":25,"column":41},"end":{"line":25,"column":47}},{"start":{"line":25,"column":51},"end":{"line":25,"column":62}}],"line":25},"2":{"loc":{"start":{"line":26,"column":2},"end":{"line":34,"column":3}},"type":"if","locations":[{"start":{"line":26,"column":2},"end":{"line":34,"column":3}},{"start":{},"end":{}}],"line":26},"3":{"loc":{"start":{"line":41,"column":2},"end":{"line":43,"column":3}},"type":"if","locations":[{"start":{"line":41,"column":2},"end":{"line":43,"column":3}},{"start":{},"end":{}}],"line":41},"4":{"loc":{"start":{"line":41,"column":6},"end":{"line":41,"column":36}},"type":"binary-expr","locations":[{"start":{"line":41,"column":6},"end":{"line":41,"column":18}},{"start":{"line":41,"column":22},"end":{"line":41,"column":36}}],"line":41},"5":{"loc":{"start":{"line":47,"column":2},"end":{"line":50,"column":3}},"type":"if","locations":[{"start":{"line":47,"column":2},"end":{"line":50,"column":3}},{"start":{},"end":{}}],"line":47},"6":{"loc":{"start":{"line":62,"column":2},"end":{"line":64,"column":59}},"type":"cond-expr","locations":[{"start":{"line":62,"column":13},"end":{"line":64,"column":27}},{"start":{"line":64,"column":30},"end":{"line":64,"column":59}}],"line":62},"7":{"loc":{"start":{"line":69,"column":2},"end":{"line":70,"column":80}},"type":"cond-expr","locations":[{"start":{"line":69,"column":44},"end":{"line":70,"column":41}},{"start":{"line":70,"column":44},"end":{"line":70,"column":80}}],"line":69},"8":{"loc":{"start":{"line":69,"column":2},"end":{"line":69,"column":41}},"type":"binary-expr","locations":[{"start":{"line":69,"column":2},"end":{"line":69,"column":14}},{"start":{"line":69,"column":18},"end":{"line":69,"column":41}}],"line":69},"9":{"loc":{"start":{"line":107,"column":4},"end":{"line":109,"column":5}},"type":"if","locations":[{"start":{"line":107,"column":4},"end":{"line":109,"column":5}},{"start":{},"end":{}}],"line":107},"10":{"loc":{"start":{"line":119,"column":15},"end":{"line":119,"column":71}},"type":"cond-expr","locations":[{"start":{"line":119,"column":40},"end":{"line":119,"column":53}},{"start":{"line":119,"column":56},"end":{"line":119,"column":71}}],"line":119}},"s":{"0":0,"1":0,"2":0,"3":0,"4":0,"5":0,"6":0,"7":0,"8":0,"9":0,"10":0,"11":0,"12":0,"13":0,"14":0,"15":0,"16":0,"17":0,"18":0,"19":0,"20":0,"21":0,"22":0,"23":0,"24":0,"25":0,"26":0},"f":{"0":0},"b":{"0":[0,0],"1":[0,0],"2":[0,0],"3":[0,0],"4":[0,0],"5":[0,0],"6":[0,0],"7":[0,0],"8":[0,0],"9":[0,0],"10":[0,0]}}
,"/Users/davidmurray/Documents/hrv-app/api/ai/rate-limit-status.ts": {"path":"/Users/davidmurray/Documents/hrv-app/api/ai/rate-limit-status.ts","statementMap":{"0":{"start":{"line":9,"column":2},"end":{"line":11,"column":3}},"1":{"start":{"line":10,"column":4},"end":{"line":10,"column":65}},"2":{"start":{"line":13,"column":17},"end":{"line":13,"column":60}},"3":{"start":{"line":14,"column":16},"end":{"line":14,"column":18}},"4":{"start":{"line":16,"column":17},"end":{"line":16,"column":50}},"5":{"start":{"line":18,"column":2},"end":{"line":23,"column":5}}},"fnMap":{"0":{"name":"handler","decl":{"start":{"line":8,"column":30},"end":{"line":8,"column":37}},"loc":{"start":{"line":8,"column":79},"end":{"line":24,"column":1}},"line":8}},"branchMap":{"0":{"loc":{"start":{"line":9,"column":2},"end":{"line":11,"column":3}},"type":"if","locations":[{"start":{"line":9,"column":2},"end":{"line":11,"column":3}},{"start":{},"end":{}}],"line":9},"1":{"loc":{"start":{"line":13,"column":17},"end":{"line":13,"column":60}},"type":"binary-expr","locations":[{"start":{"line":13,"column":18},"end":{"line":13,"column":44}},{"start":{"line":13,"column":49},"end":{"line":13,"column":60}}],"line":13}},"s":{"0":0,"1":0,"2":0,"3":0,"4":0,"5":0},"f":{"0":0},"b":{"0":[0,0],"1":[0,0]}}
,"/Users/davidmurray/Documents/hrv-app/api/ai/rateLimit.ts": {"path":"/Users/davidmurray/Documents/hrv-app/api/ai/rateLimit.ts","statementMap":{"0":{"start":{"line":13,"column":23},"end":{"line":13,"column":56}},"1":{"start":{"line":26,"column":14},"end":{"line":26,"column":24}},"2":{"start":{"line":27,"column":14},"end":{"line":27,"column":25}},"3":{"start":{"line":30,"column":16},"end":{"line":30,"column":39}},"4":{"start":{"line":33,"column":2},"end":{"line":45,"column":3}},"5":{"start":{"line":34,"column":37},"end":{"line":37,"column":5}},"6":{"start":{"line":38,"column":4},"end":{"line":38,"column":38}},"7":{"start":{"line":40,"column":4},"end":{"line":44,"column":6}},"8":{"start":{"line":48,"column":2},"end":{"line":54,"column":3}},"9":{"start":{"line":49,"column":4},"end":{"line":53,"column":6}},"10":{"start":{"line":57,"column":2},"end":{"line":57,"column":19}},"11":{"start":{"line":58,"column":2},"end":{"line":58,"column":33}},"12":{"start":{"line":60,"column":2},"end":{"line":64,"column":4}},"13":{"start":{"line":74,"column":14},"end":{"line":74,"column":24}},"14":{"start":{"line":75,"column":14},"end":{"line":75,"column":25}},"15":{"start":{"line":76,"column":16},"end":{"line":76,"column":39}},"16":{"start":{"line":78,"column":2},"end":{"line":84,"column":3}},"17":{"start":{"line":79,"column":4},"end":{"line":83,"column":6}},"18":{"start":{"line":86,"column":2},"end":{"line":90,"column":4}},"19":{"start":{"line":97,"column":14},"end":{"line":97,"column":24}},"20":{"start":{"line":98,"column":2},"end":{"line":102,"column":3}},"21":{"start":{"line":99,"column":4},"end":{"line":101,"column":5}},"22":{"start":{"line":100,"column":6},"end":{"line":100,"column":33}}},"fnMap":{"0":{"name":"checkRateLimit","decl":{"start":{"line":21,"column":16},"end":{"line":21,"column":30}},"loc":{"start":{"line":25,"column":19},"end":{"line":65,"column":1}},"line":25},"1":{"name":"getRateLimitStatus","decl":{"start":{"line":70,"column":16},"end":{"line":70,"column":34}},"loc":{"start":{"line":73,"column":19},"end":{"line":91,"column":1}},"line":73},"2":{"name":"cleanupRateLimits","decl":{"start":{"line":96,"column":16},"end":{"line":96,"column":33}},"loc":{"start":{"line":96,"column":36},"end":{"line":103,"column":1}},"line":96}},"branchMap":{"0":{"loc":{"start":{"line":23,"column":2},"end":{"line":23,"column":20}},"type":"default-arg","locations":[{"start":{"line":23,"column":18},"end":{"line":23,"column":20}}],"line":23},"1":{"loc":{"start":{"line":24,"column":2},"end":{"line":24,"column":40}},"type":"default-arg","locations":[{"start":{"line":24,"column":21},"end":{"line":24,"column":40}}],"line":24},"2":{"loc":{"start":{"line":33,"column":2},"end":{"line":45,"column":3}},"type":"if","locations":[{"start":{"line":33,"column":2},"end":{"line":45,"column":3}},{"start":{},"end":{}}],"line":33},"3":{"loc":{"start":{"line":33,"column":6},"end":{"line":33,"column":38}},"type":"binary-expr","locations":[{"start":{"line":33,"column":6},"end":{"line":33,"column":12}},{"start":{"line":33,"column":16},"end":{"line":33,"column":38}}],"line":33},"4":{"loc":{"start":{"line":48,"column":2},"end":{"line":54,"column":3}},"type":"if","locations":[{"start":{"line":48,"column":2},"end":{"line":54,"column":3}},{"start":{},"end":{}}],"line":48},"5":{"loc":{"start":{"line":72,"column":2},"end":{"line":72,"column":20}},"type":"default-arg","locations":[{"start":{"line":72,"column":18},"end":{"line":72,"column":20}}],"line":72},"6":{"loc":{"start":{"line":78,"column":2},"end":{"line":84,"column":3}},"type":"if","locations":[{"start":{"line":78,"column":2},"end":{"line":84,"column":3}},{"start":{},"end":{}}],"line":78},"7":{"loc":{"start":{"line":78,"column":6},"end":{"line":78,"column":38}},"type":"binary-expr","locations":[{"start":{"line":78,"column":6},"end":{"line":78,"column":12}},{"start":{"line":78,"column":16},"end":{"line":78,"column":38}}],"line":78},"8":{"loc":{"start":{"line":99,"column":4},"end":{"line":101,"column":5}},"type":"if","locations":[{"start":{"line":99,"column":4},"end":{"line":101,"column":5}},{"start":{},"end":{}}],"line":99}},"s":{"0":0,"1":0,"2":0,"3":0,"4":0,"5":0,"6":0,"7":0,"8":0,"9":0,"10":0,"11":0,"12":0,"13":0,"14":0,"15":0,"16":0,"17":0,"18":0,"19":0,"20":0,"21":0,"22":0},"f":{"0":0,"1":0,"2":0},"b":{"0":[0],"1":[0],"2":[0,0],"3":[0,0],"4":[0,0],"5":[0],"6":[0,0],"7":[0,0],"8":[0,0]}}
,"/Users/davidmurray/Documents/hrv-app/api/ai/screenshot-analysis.ts": {"path":"/Users/davidmurray/Documents/hrv-app/api/ai/screenshot-analysis.ts","statementMap":{"0":{"start":{"line":17,"column":2},"end":{"line":19,"column":3}},"1":{"start":{"line":18,"column":4},"end":{"line":18,"column":65}},"2":{"start":{"line":21,"column":53},"end":{"line":21,"column":61}},"3":{"start":{"line":24,"column":26},"end":{"line":24,"column":67}},"4":{"start":{"line":25,"column":2},"end":{"line":33,"column":3}},"5":{"start":{"line":26,"column":22},"end":{"line":26,"column":57}},"6":{"start":{"line":27,"column":4},"end":{"line":32,"column":7}},"7":{"start":{"line":35,"column":2},"end":{"line":35,"column":43}},"8":{"start":{"line":36,"column":2},"end":{"line":36,"column":79}},"9":{"start":{"line":37,"column":2},"end":{"line":37,"column":75}},"10":{"start":{"line":39,"column":2},"end":{"line":41,"column":3}},"11":{"start":{"line":40,"column":4},"end":{"line":40,"column":80}},"12":{"start":{"line":43,"column":17},"end":{"line":43,"column":43}},"13":{"start":{"line":45,"column":2},"end":{"line":48,"column":3}},"14":{"start":{"line":46,"column":4},"end":{"line":46,"column":69}},"15":{"start":{"line":47,"column":4},"end":{"line":47,"column":73}},"16":{"start":{"line":50,"column":2},"end":{"line":140,"column":3}},"17":{"start":{"line":51,"column":19},"end":{"line":51,"column":41}},"18":{"start":{"line":54,"column":25},"end":{"line":83,"column":96}},"19":{"start":{"line":86,"column":23},"end":{"line":114,"column":6}},"20":{"start":{"line":116,"column":28},"end":{"line":116,"column":67}},"21":{"start":{"line":118,"column":4},"end":{"line":120,"column":5}},"22":{"start":{"line":119,"column":6},"end":{"line":119,"column":49}},"23":{"start":{"line":122,"column":21},"end":{"line":122,"column":48}},"24":{"start":{"line":125,"column":4},"end":{"line":130,"column":5}},"25":{"start":{"line":126,"column":6},"end":{"line":129,"column":9}},"26":{"start":{"line":133,"column":4},"end":{"line":133,"column":42}},"27":{"start":{"line":135,"column":4},"end":{"line":135,"column":56}},"28":{"start":{"line":136,"column":4},"end":{"line":139,"column":7}}},"fnMap":{"0":{"name":"handler","decl":{"start":{"line":15,"column":30},"end":{"line":15,"column":37}},"loc":{"start":{"line":15,"column":79},"end":{"line":141,"column":1}},"line":15}},"branchMap":{"0":{"loc":{"start":{"line":17,"column":2},"end":{"line":19,"column":3}},"type":"if","locations":[{"start":{"line":17,"column":2},"end":{"line":19,"column":3}},{"start":{},"end":{}}],"line":17},"1":{"loc":{"start":{"line":24,"column":41},"end":{"line":24,"column":62}},"type":"binary-expr","locations":[{"start":{"line":24,"column":41},"end":{"line":24,"column":47}},{"start":{"line":24,"column":51},"end":{"line":24,"column":62}}],"line":24},"2":{"loc":{"start":{"line":25,"column":2},"end":{"line":33,"column":3}},"type":"if","locations":[{"start":{"line":25,"column":2},"end":{"line":33,"column":3}},{"start":{},"end":{}}],"line":25},"3":{"loc":{"start":{"line":39,"column":2},"end":{"line":41,"column":3}},"type":"if","locations":[{"start":{"line":39,"column":2},"end":{"line":41,"column":3}},{"start":{},"end":{}}],"line":39},"4":{"loc":{"start":{"line":39,"column":6},"end":{"line":39,"column":27}},"type":"binary-expr","locations":[{"start":{"line":39,"column":6},"end":{"line":39,"column":18}},{"start":{"line":39,"column":22},"end":{"line":39,"column":27}}],"line":39},"5":{"loc":{"start":{"line":45,"column":2},"end":{"line":48,"column":3}},"type":"if","locations":[{"start":{"line":45,"column":2},"end":{"line":48,"column":3}},{"start":{},"end":{}}],"line":45},"6":{"loc":{"start":{"line":99,"column":16},"end":{"line":99,"column":65}},"type":"cond-expr","locations":[{"start":{"line":99,"column":30},"end":{"line":99,"column":60}},{"start":{"line":99,"column":63},"end":{"line":99,"column":65}}],"line":99},"7":{"loc":{"start":{"line":118,"column":4},"end":{"line":120,"column":5}},"type":"if","locations":[{"start":{"line":118,"column":4},"end":{"line":120,"column":5}},{"start":{},"end":{}}],"line":118},"8":{"loc":{"start":{"line":125,"column":4},"end":{"line":130,"column":5}},"type":"if","locations":[{"start":{"line":125,"column":4},"end":{"line":130,"column":5}},{"start":{},"end":{}}],"line":125},"9":{"loc":{"start":{"line":138,"column":15},"end":{"line":138,"column":71}},"type":"cond-expr","locations":[{"start":{"line":138,"column":40},"end":{"line":138,"column":53}},{"start":{"line":138,"column":56},"end":{"line":138,"column":71}}],"line":138}},"s":{"0":0,"1":0,"2":0,"3":0,"4":0,"5":0,"6":0,"7":0,"8":0,"9":0,"10":0,"11":0,"12":0,"13":0,"14":0,"15":0,"16":0,"17":0,"18":0,"19":0,"20":0,"21":0,"22":0,"23":0,"24":0,"25":0,"26":0,"27":0,"28":0},"f":{"0":0},"b":{"0":[0,0],"1":[0,0],"2":[0,0],"3":[0,0],"4":[0,0],"5":[0,0],"6":[0,0],"7":[0,0],"8":[0,0],"9":[0,0]}}
,"/Users/davidmurray/Documents/hrv-app/api/auth/whoop/refresh.ts": {"path":"/Users/davidmurray/Documents/hrv-app/api/auth/whoop/refresh.ts","statementMap":{"0":{"start":{"line":10,"column":2},"end":{"line":12,"column":3}},"1":{"start":{"line":11,"column":4},"end":{"line":11,"column":65}},"2":{"start":{"line":14,"column":28},"end":{"line":14,"column":36}},"3":{"start":{"line":16,"column":2},"end":{"line":18,"column":3}},"4":{"start":{"line":17,"column":4},"end":{"line":17,"column":72}},"5":{"start":{"line":20,"column":19},"end":{"line":20,"column":46}},"6":{"start":{"line":21,"column":23},"end":{"line":21,"column":54}},"7":{"start":{"line":23,"column":2},"end":{"line":26,"column":3}},"8":{"start":{"line":24,"column":4},"end":{"line":24,"column":72}},"9":{"start":{"line":25,"column":4},"end":{"line":25,"column":73}},"10":{"start":{"line":28,"column":2},"end":{"line":67,"column":3}},"11":{"start":{"line":30,"column":26},"end":{"line":41,"column":6}},"12":{"start":{"line":43,"column":4},"end":{"line":50,"column":5}},"13":{"start":{"line":44,"column":24},"end":{"line":44,"column":50}},"14":{"start":{"line":45,"column":6},"end":{"line":45,"column":62}},"15":{"start":{"line":46,"column":6},"end":{"line":49,"column":9}},"16":{"start":{"line":52,"column":22},"end":{"line":52,"column":48}},"17":{"start":{"line":55,"column":4},"end":{"line":60,"column":7}},"18":{"start":{"line":62,"column":4},"end":{"line":62,"column":59}},"19":{"start":{"line":63,"column":4},"end":{"line":66,"column":7}}},"fnMap":{"0":{"name":"handler","decl":{"start":{"line":8,"column":30},"end":{"line":8,"column":37}},"loc":{"start":{"line":8,"column":79},"end":{"line":68,"column":1}},"line":8}},"branchMap":{"0":{"loc":{"start":{"line":10,"column":2},"end":{"line":12,"column":3}},"type":"if","locations":[{"start":{"line":10,"column":2},"end":{"line":12,"column":3}},{"start":{},"end":{}}],"line":10},"1":{"loc":{"start":{"line":16,"column":2},"end":{"line":18,"column":3}},"type":"if","locations":[{"start":{"line":16,"column":2},"end":{"line":18,"column":3}},{"start":{},"end":{}}],"line":16},"2":{"loc":{"start":{"line":23,"column":2},"end":{"line":26,"column":3}},"type":"if","locations":[{"start":{"line":23,"column":2},"end":{"line":26,"column":3}},{"start":{},"end":{}}],"line":23},"3":{"loc":{"start":{"line":23,"column":6},"end":{"line":23,"column":32}},"type":"binary-expr","locations":[{"start":{"line":23,"column":6},"end":{"line":23,"column":15}},{"start":{"line":23,"column":19},"end":{"line":23,"column":32}}],"line":23},"4":{"loc":{"start":{"line":43,"column":4},"end":{"line":50,"column":5}},"type":"if","locations":[{"start":{"line":43,"column":4},"end":{"line":50,"column":5}},{"start":{},"end":{}}],"line":43},"5":{"loc":{"start":{"line":65,"column":15},"end":{"line":65,"column":71}},"type":"cond-expr","locations":[{"start":{"line":65,"column":40},"end":{"line":65,"column":53}},{"start":{"line":65,"column":56},"end":{"line":65,"column":71}}],"line":65}},"s":{"0":0,"1":0,"2":0,"3":0,"4":0,"5":0,"6":0,"7":0,"8":0,"9":0,"10":0,"11":0,"12":0,"13":0,"14":0,"15":0,"16":0,"17":0,"18":0,"19":0},"f":{"0":0},"b":{"0":[0,0],"1":[0,0],"2":[0,0],"3":[0,0],"4":[0,0],"5":[0,0]}}
,"/Users/davidmurray/Documents/hrv-app/api/auth/whoop/token.ts": {"path":"/Users/davidmurray/Documents/hrv-app/api/auth/whoop/token.ts","statementMap":{"0":{"start":{"line":10,"column":2},"end":{"line":12,"column":3}},"1":{"start":{"line":11,"column":4},"end":{"line":11,"column":65}},"2":{"start":{"line":14,"column":19},"end":{"line":14,"column":27}},"3":{"start":{"line":16,"column":2},"end":{"line":18,"column":3}},"4":{"start":{"line":17,"column":4},"end":{"line":17,"column":77}},"5":{"start":{"line":20,"column":19},"end":{"line":20,"column":46}},"6":{"start":{"line":21,"column":23},"end":{"line":21,"column":54}},"7":{"start":{"line":23,"column":2},"end":{"line":26,"column":3}},"8":{"start":{"line":24,"column":4},"end":{"line":24,"column":72}},"9":{"start":{"line":25,"column":4},"end":{"line":25,"column":73}},"10":{"start":{"line":28,"column":2},"end":{"line":67,"column":3}},"11":{"start":{"line":30,"column":26},"end":{"line":41,"column":6}},"12":{"start":{"line":43,"column":4},"end":{"line":50,"column":5}},"13":{"start":{"line":44,"column":24},"end":{"line":44,"column":50}},"14":{"start":{"line":45,"column":6},"end":{"line":45,"column":63}},"15":{"start":{"line":46,"column":6},"end":{"line":49,"column":9}},"16":{"start":{"line":52,"column":22},"end":{"line":52,"column":48}},"17":{"start":{"line":55,"column":4},"end":{"line":60,"column":7}},"18":{"start":{"line":62,"column":4},"end":{"line":62,"column":65}},"19":{"start":{"line":63,"column":4},"end":{"line":66,"column":7}}},"fnMap":{"0":{"name":"handler","decl":{"start":{"line":8,"column":30},"end":{"line":8,"column":37}},"loc":{"start":{"line":8,"column":79},"end":{"line":68,"column":1}},"line":8}},"branchMap":{"0":{"loc":{"start":{"line":10,"column":2},"end":{"line":12,"column":3}},"type":"if","locations":[{"start":{"line":10,"column":2},"end":{"line":12,"column":3}},{"start":{},"end":{}}],"line":10},"1":{"loc":{"start":{"line":16,"column":2},"end":{"line":18,"column":3}},"type":"if","locations":[{"start":{"line":16,"column":2},"end":{"line":18,"column":3}},{"start":{},"end":{}}],"line":16},"2":{"loc":{"start":{"line":23,"column":2},"end":{"line":26,"column":3}},"type":"if","locations":[{"start":{"line":23,"column":2},"end":{"line":26,"column":3}},{"start":{},"end":{}}],"line":23},"3":{"loc":{"start":{"line":23,"column":6},"end":{"line":23,"column":32}},"type":"binary-expr","locations":[{"start":{"line":23,"column":6},"end":{"line":23,"column":15}},{"start":{"line":23,"column":19},"end":{"line":23,"column":32}}],"line":23},"4":{"loc":{"start":{"line":43,"column":4},"end":{"line":50,"column":5}},"type":"if","locations":[{"start":{"line":43,"column":4},"end":{"line":50,"column":5}},{"start":{},"end":{}}],"line":43},"5":{"loc":{"start":{"line":65,"column":15},"end":{"line":65,"column":71}},"type":"cond-expr","locations":[{"start":{"line":65,"column":40},"end":{"line":65,"column":53}},{"start":{"line":65,"column":56},"end":{"line":65,"column":71}}],"line":65}},"s":{"0":0,"1":0,"2":0,"3":0,"4":0,"5":0,"6":0,"7":0,"8":0,"9":0,"10":0,"11":0,"12":0,"13":0,"14":0,"15":0,"16":0,"17":0,"18":0,"19":0},"f":{"0":0},"b":{"0":[0,0],"1":[0,0],"2":[0,0],"3":[0,0],"4":[0,0],"5":[0,0]}}
,"/Users/davidmurray/Documents/hrv-app/api/lib/rateLimit.ts": {"path":"/Users/davidmurray/Documents/hrv-app/api/lib/rateLimit.ts","statementMap":{"0":{"start":{"line":13,"column":23},"end":{"line":13,"column":56}},"1":{"start":{"line":26,"column":14},"end":{"line":26,"column":24}},"2":{"start":{"line":27,"column":14},"end":{"line":27,"column":25}},"3":{"start":{"line":30,"column":16},"end":{"line":30,"column":39}},"4":{"start":{"line":33,"column":2},"end":{"line":45,"column":3}},"5":{"start":{"line":34,"column":37},"end":{"line":37,"column":5}},"6":{"start":{"line":38,"column":4},"end":{"line":38,"column":38}},"7":{"start":{"line":40,"column":4},"end":{"line":44,"column":6}},"8":{"start":{"line":48,"column":2},"end":{"line":54,"column":3}},"9":{"start":{"line":49,"column":4},"end":{"line":53,"column":6}},"10":{"start":{"line":57,"column":2},"end":{"line":57,"column":19}},"11":{"start":{"line":58,"column":2},"end":{"line":58,"column":33}},"12":{"start":{"line":60,"column":2},"end":{"line":64,"column":4}},"13":{"start":{"line":74,"column":14},"end":{"line":74,"column":24}},"14":{"start":{"line":75,"column":14},"end":{"line":75,"column":25}},"15":{"start":{"line":76,"column":16},"end":{"line":76,"column":39}},"16":{"start":{"line":78,"column":2},"end":{"line":84,"column":3}},"17":{"start":{"line":79,"column":4},"end":{"line":83,"column":6}},"18":{"start":{"line":86,"column":2},"end":{"line":90,"column":4}},"19":{"start":{"line":97,"column":14},"end":{"line":97,"column":24}},"20":{"start":{"line":98,"column":2},"end":{"line":102,"column":3}},"21":{"start":{"line":99,"column":4},"end":{"line":101,"column":5}},"22":{"start":{"line":100,"column":6},"end":{"line":100,"column":33}}},"fnMap":{"0":{"name":"checkRateLimit","decl":{"start":{"line":21,"column":16},"end":{"line":21,"column":30}},"loc":{"start":{"line":25,"column":19},"end":{"line":65,"column":1}},"line":25},"1":{"name":"getRateLimitStatus","decl":{"start":{"line":70,"column":16},"end":{"line":70,"column":34}},"loc":{"start":{"line":73,"column":19},"end":{"line":91,"column":1}},"line":73},"2":{"name":"cleanupRateLimits","decl":{"start":{"line":96,"column":16},"end":{"line":96,"column":33}},"loc":{"start":{"line":96,"column":36},"end":{"line":103,"column":1}},"line":96}},"branchMap":{"0":{"loc":{"start":{"line":23,"column":2},"end":{"line":23,"column":20}},"type":"default-arg","locations":[{"start":{"line":23,"column":18},"end":{"line":23,"column":20}}],"line":23},"1":{"loc":{"start":{"line":24,"column":2},"end":{"line":24,"column":40}},"type":"default-arg","locations":[{"start":{"line":24,"column":21},"end":{"line":24,"column":40}}],"line":24},"2":{"loc":{"start":{"line":33,"column":2},"end":{"line":45,"column":3}},"type":"if","locations":[{"start":{"line":33,"column":2},"end":{"line":45,"column":3}},{"start":{},"end":{}}],"line":33},"3":{"loc":{"start":{"line":33,"column":6},"end":{"line":33,"column":38}},"type":"binary-expr","locations":[{"start":{"line":33,"column":6},"end":{"line":33,"column":12}},{"start":{"line":33,"column":16},"end":{"line":33,"column":38}}],"line":33},"4":{"loc":{"start":{"line":48,"column":2},"end":{"line":54,"column":3}},"type":"if","locations":[{"start":{"line":48,"column":2},"end":{"line":54,"column":3}},{"start":{},"end":{}}],"line":48},"5":{"loc":{"start":{"line":72,"column":2},"end":{"line":72,"column":20}},"type":"default-arg","locations":[{"start":{"line":72,"column":18},"end":{"line":72,"column":20}}],"line":72},"6":{"loc":{"start":{"line":78,"column":2},"end":{"line":84,"column":3}},"type":"if","locations":[{"start":{"line":78,"column":2},"end":{"line":84,"column":3}},{"start":{},"end":{}}],"line":78},"7":{"loc":{"start":{"line":78,"column":6},"end":{"line":78,"column":38}},"type":"binary-expr","locations":[{"start":{"line":78,"column":6},"end":{"line":78,"column":12}},{"start":{"line":78,"column":16},"end":{"line":78,"column":38}}],"line":78},"8":{"loc":{"start":{"line":99,"column":4},"end":{"line":101,"column":5}},"type":"if","locations":[{"start":{"line":99,"column":4},"end":{"line":101,"column":5}},{"start":{},"end":{}}],"line":99}},"s":{"0":0,"1":0,"2":0,"3":0,"4":0,"5":0,"6":0,"7":0,"8":0,"9":0,"10":0,"11":0,"12":0,"13":0,"14":0,"15":0,"16":0,"17":0,"18":0,"19":0,"20":0,"21":0,"22":0},"f":{"0":0,"1":0,"2":0},"b":{"0":[0],"1":[0],"2":[0,0],"3":[0,0],"4":[0,0],"5":[0],"6":[0,0],"7":[0,0],"8":[0,0]}}
,"/Users/davidmurray/Documents/hrv-app/app/+html.tsx": {"path":"/Users/davidmurray/Documents/hrv-app/app/+html.tsx","statementMap":{"0":{"start":{"line":8,"column":2},"end":{"line":27,"column":4}},"1":{"start":{"line":30,"column":29},"end":{"line":38,"column":2}}},"fnMap":{"0":{"name":"Root","decl":{"start":{"line":7,"column":24},"end":{"line":7,"column":28}},"loc":{"start":{"line":7,"column":74},"end":{"line":28,"column":1}},"line":7}},"branchMap":{},"s":{"0":0,"1":0},"f":{"0":0},"b":{}}
,"/Users/davidmurray/Documents/hrv-app/app/+not-found.tsx": {"path":"/Users/davidmurray/Documents/hrv-app/app/+not-found.tsx","statementMap":{"0":{"start":{"line":7,"column":2},"end":{"line":18,"column":4}},"1":{"start":{"line":21,"column":15},"end":{"line":40,"column":2}}},"fnMap":{"0":{"name":"NotFoundScreen","decl":{"start":{"line":6,"column":24},"end":{"line":6,"column":38}},"loc":{"start":{"line":6,"column":41},"end":{"line":19,"column":1}},"line":6}},"branchMap":{},"s":{"0":0,"1":0},"f":{"0":0},"b":{}}
,"/Users/davidmurray/Documents/hrv-app/app/_layout.tsx": {"path":"/Users/davidmurray/Documents/hrv-app/app/_layout.tsx","statementMap":{"0":{"start":{"line":18,"column":0},"end":{"line":18,"column":36}},"1":{"start":{"line":21,"column":26},"end":{"line":24,"column":4}},"2":{"start":{"line":26,"column":2},"end":{"line":28,"column":14}},"3":{"start":{"line":27,"column":4},"end":{"line":27,"column":27}},"4":{"start":{"line":27,"column":15},"end":{"line":27,"column":27}},"5":{"start":{"line":30,"column":2},"end":{"line":34,"column":15}},"6":{"start":{"line":31,"column":4},"end":{"line":33,"column":5}},"7":{"start":{"line":32,"column":6},"end":{"line":32,"column":31}},"8":{"start":{"line":36,"column":2},"end":{"line":38,"column":3}},"9":{"start":{"line":37,"column":4},"end":{"line":37,"column":16}},"10":{"start":{"line":40,"column":2},"end":{"line":40,"column":27}},"11":{"start":{"line":44,"column":22},"end":{"line":44,"column":38}},"12":{"start":{"line":45,"column":17},"end":{"line":45,"column":28}},"13":{"start":{"line":46,"column":19},"end":{"line":46,"column":32}},"14":{"start":{"line":48,"column":18},"end":{"line":48,"column":56}},"15":{"start":{"line":48,"column":42},"end":{"line":48,"column":55}},"16":{"start":{"line":49,"column":22},"end":{"line":49,"column":64}},"17":{"start":{"line":49,"column":46},"end":{"line":49,"column":63}},"18":{"start":{"line":51,"column":2},"end":{"line":70,"column":39}},"19":{"start":{"line":52,"column":4},"end":{"line":52,"column":29}},"20":{"start":{"line":52,"column":22},"end":{"line":52,"column":29}},"21":{"start":{"line":54,"column":25},"end":{"line":54,"column":53}},"22":{"start":{"line":55,"column":19},"end":{"line":55,"column":43}},"23":{"start":{"line":56,"column":21},"end":{"line":56,"column":45}},"24":{"start":{"line":59,"column":4},"end":{"line":69,"column":5}},"25":{"start":{"line":60,"column":6},"end":{"line":60,"column":36}},"26":{"start":{"line":63,"column":9},"end":{"line":69,"column":5}},"27":{"start":{"line":64,"column":6},"end":{"line":64,"column":32}},"28":{"start":{"line":67,"column":9},"end":{"line":69,"column":5}},"29":{"start":{"line":68,"column":6},"end":{"line":68,"column":32}},"30":{"start":{"line":72,"column":2},"end":{"line":81,"column":4}}},"fnMap":{"0":{"name":"RootLayout","decl":{"start":{"line":20,"column":24},"end":{"line":20,"column":34}},"loc":{"start":{"line":20,"column":37},"end":{"line":41,"column":1}},"line":20},"1":{"name":"(anonymous_1)","decl":{"start":{"line":26,"column":12},"end":{"line":26,"column":13}},"loc":{"start":{"line":26,"column":18},"end":{"line":28,"column":3}},"line":26},"2":{"name":"(anonymous_2)","decl":{"start":{"line":30,"column":12},"end":{"line":30,"column":13}},"loc":{"start":{"line":30,"column":18},"end":{"line":34,"column":3}},"line":30},"3":{"name":"RootLayoutNav","decl":{"start":{"line":43,"column":9},"end":{"line":43,"column":22}},"loc":{"start":{"line":43,"column":25},"end":{"line":82,"column":1}},"line":43},"4":{"name":"(anonymous_4)","decl":{"start":{"line":48,"column":31},"end":{"line":48,"column":32}},"loc":{"start":{"line":48,"column":42},"end":{"line":48,"column":55}},"line":48},"5":{"name":"(anonymous_5)","decl":{"start":{"line":49,"column":35},"end":{"line":49,"column":36}},"loc":{"start":{"line":49,"column":46},"end":{"line":49,"column":63}},"line":49},"6":{"name":"(anonymous_6)","decl":{"start":{"line":51,"column":12},"end":{"line":51,"column":13}},"loc":{"start":{"line":51,"column":18},"end":{"line":70,"column":3}},"line":51}},"branchMap":{"0":{"loc":{"start":{"line":27,"column":4},"end":{"line":27,"column":27}},"type":"if","locations":[{"start":{"line":27,"column":4},"end":{"line":27,"column":27}},{"start":{},"end":{}}],"line":27},"1":{"loc":{"start":{"line":31,"column":4},"end":{"line":33,"column":5}},"type":"if","locations":[{"start":{"line":31,"column":4},"end":{"line":33,"column":5}},{"start":{},"end":{}}],"line":31},"2":{"loc":{"start":{"line":36,"column":2},"end":{"line":38,"column":3}},"type":"if","locations":[{"start":{"line":36,"column":2},"end":{"line":38,"column":3}},{"start":{},"end":{}}],"line":36},"3":{"loc":{"start":{"line":52,"column":4},"end":{"line":52,"column":29}},"type":"if","locations":[{"start":{"line":52,"column":4},"end":{"line":52,"column":29}},{"start":{},"end":{}}],"line":52},"4":{"loc":{"start":{"line":59,"column":4},"end":{"line":69,"column":5}},"type":"if","locations":[{"start":{"line":59,"column":4},"end":{"line":69,"column":5}},{"start":{"line":63,"column":9},"end":{"line":69,"column":5}}],"line":59},"5":{"loc":{"start":{"line":59,"column":8},"end":{"line":59,"column":33}},"type":"binary-expr","locations":[{"start":{"line":59,"column":8},"end":{"line":59,"column":16}},{"start":{"line":59,"column":20},"end":{"line":59,"column":33}}],"line":59},"6":{"loc":{"start":{"line":63,"column":9},"end":{"line":69,"column":5}},"type":"if","locations":[{"start":{"line":63,"column":9},"end":{"line":69,"column":5}},{"start":{"line":67,"column":9},"end":{"line":69,"column":5}}],"line":63},"7":{"loc":{"start":{"line":63,"column":13},"end":{"line":63,"column":36}},"type":"binary-expr","locations":[{"start":{"line":63,"column":13},"end":{"line":63,"column":20}},{"start":{"line":63,"column":24},"end":{"line":63,"column":36}}],"line":63},"8":{"loc":{"start":{"line":67,"column":9},"end":{"line":69,"column":5}},"type":"if","locations":[{"start":{"line":67,"column":9},"end":{"line":69,"column":5}},{"start":{},"end":{}}],"line":67},"9":{"loc":{"start":{"line":67,"column":13},"end":{"line":67,"column":61}},"type":"binary-expr","locations":[{"start":{"line":67,"column":13},"end":{"line":67,"column":20}},{"start":{"line":67,"column":24},"end":{"line":67,"column":31}},{"start":{"line":67,"column":35},"end":{"line":67,"column":48}},{"start":{"line":67,"column":52},"end":{"line":67,"column":61}}],"line":67},"10":{"loc":{"start":{"line":73,"column":26},"end":{"line":73,"column":75}},"type":"cond-expr","locations":[{"start":{"line":73,"column":51},"end":{"line":73,"column":60}},{"start":{"line":73,"column":63},"end":{"line":73,"column":75}}],"line":73}},"s":{"0":0,"1":0,"2":0,"3":0,"4":0,"5":0,"6":0,"7":0,"8":0,"9":0,"10":0,"11":0,"12":0,"13":0,"14":0,"15":0,"16":0,"17":0,"18":0,"19":0,"20":0,"21":0,"22":0,"23":0,"24":0,"25":0,"26":0,"27":0,"28":0,"29":0,"30":0},"f":{"0":0,"1":0,"2":0,"3":0,"4":0,"5":0,"6":0},"b":{"0":[0,0],"1":[0,0],"2":[0,0],"3":[0,0],"4":[0,0],"5":[0,0],"6":[0,0],"7":[0,0],"8":[0,0],"9":[0,0,0,0],"10":[0,0]}}
,"/Users/davidmurray/Documents/hrv-app/app/daily-plan.tsx": {"path":"/Users/davidmurray/Documents/hrv-app/app/daily-plan.tsx","statementMap":{"0":{"start":{"line":21,"column":26},"end":{"line":21,"column":58}},"1":{"start":{"line":22,"column":32},"end":{"line":22,"column":46}},"2":{"start":{"line":23,"column":42},"end":{"line":23,"column":57}},"3":{"start":{"line":24,"column":44},"end":{"line":24,"column":56}},"4":{"start":{"line":26,"column":18},"end":{"line":26,"column":56}},"5":{"start":{"line":26,"column":42},"end":{"line":26,"column":55}},"6":{"start":{"line":27,"column":24},"end":{"line":27,"column":77}},"7":{"start":{"line":27,"column":57},"end":{"line":27,"column":76}},"8":{"start":{"line":28,"column":19},"end":{"line":28,"column":57}},"9":{"start":{"line":28,"column":42},"end":{"line":28,"column":56}},"10":{"start":{"line":29,"column":22},"end":{"line":29,"column":82}},"11":{"start":{"line":29,"column":52},"end":{"line":29,"column":81}},"12":{"start":{"line":38,"column":6},"end":{"line":38,"column":22}},"13":{"start":{"line":40,"column":2},"end":{"line":42,"column":9}},"14":{"start":{"line":41,"column":4},"end":{"line":41,"column":25}},"15":{"start":{"line":44,"column":29},"end":{"line":62,"column":3}},"16":{"start":{"line":45,"column":4},"end":{"line":61,"column":5}},"17":{"start":{"line":46,"column":6},"end":{"line":46,"column":23}},"18":{"start":{"line":49,"column":27},"end":{"line":49,"column":41}},"19":{"start":{"line":50,"column":6},"end":{"line":54,"column":7}},"20":{"start":{"line":51,"column":8},"end":{"line":51,"column":30}},"21":{"start":{"line":52,"column":8},"end":{"line":52,"column":26}},"22":{"start":{"line":53,"column":8},"end":{"line":53,"column":15}},"23":{"start":{"line":57,"column":6},"end":{"line":57,"column":27}},"24":{"start":{"line":59,"column":6},"end":{"line":59,"column":50}},"25":{"start":{"line":60,"column":6},"end":{"line":60,"column":24}},"26":{"start":{"line":64,"column":23},"end":{"line":152,"column":3}},"27":{"start":{"line":65,"column":4},"end":{"line":151,"column":5}},"28":{"start":{"line":67,"column":20},"end":{"line":67,"column":58}},"29":{"start":{"line":68,"column":30},"end":{"line":68,"column":71}},"30":{"start":{"line":68,"column":54},"end":{"line":68,"column":70}},"31":{"start":{"line":69,"column":27},"end":{"line":69,"column":65}},"32":{"start":{"line":69,"column":48},"end":{"line":69,"column":64}},"33":{"start":{"line":71,"column":6},"end":{"line":85,"column":7}},"34":{"start":{"line":72,"column":8},"end":{"line":82,"column":10}},"35":{"start":{"line":78,"column":29},"end":{"line":78,"column":62}},"36":{"start":{"line":83,"column":8},"end":{"line":83,"column":26}},"37":{"start":{"line":84,"column":8},"end":{"line":84,"column":15}},"38":{"start":{"line":87,"column":24},"end":{"line":92,"column":7}},"39":{"start":{"line":95,"column":29},"end":{"line":95,"column":47}},"40":{"start":{"line":97,"column":8},"end":{"line":97,"column":83}},"41":{"start":{"line":97,"column":42},"end":{"line":97,"column":55}},"42":{"start":{"line":99,"column":8},"end":{"line":100,"column":37}},"43":{"start":{"line":99,"column":47},"end":{"line":99,"column":60}},"44":{"start":{"line":102,"column":29},"end":{"line":106,"column":7}},"45":{"start":{"line":109,"column":23},"end":{"line":134,"column":7}},"46":{"start":{"line":136,"column":6},"end":{"line":138,"column":7}},"47":{"start":{"line":137,"column":8},"end":{"line":137,"column":57}},"48":{"start":{"line":140,"column":22},"end":{"line":140,"column":43}},"49":{"start":{"line":141,"column":6},"end":{"line":141,"column":23}},"50":{"start":{"line":142,"column":6},"end":{"line":142,"column":23}},"51":{"start":{"line":143,"column":6},"end":{"line":143,"column":24}},"52":{"start":{"line":145,"column":6},"end":{"line":145,"column":53}},"53":{"start":{"line":146,"column":6},"end":{"line":149,"column":8}},"54":{"start":{"line":150,"column":6},"end":{"line":150,"column":24}},"55":{"start":{"line":154,"column":37},"end":{"line":173,"column":3}},"56":{"start":{"line":155,"column":4},"end":{"line":155,"column":22}},"57":{"start":{"line":155,"column":15},"end":{"line":155,"column":22}},"58":{"start":{"line":157,"column":18},"end":{"line":157,"column":32}},"59":{"start":{"line":158,"column":24},"end":{"line":158,"column":54}},"60":{"start":{"line":160,"column":4},"end":{"line":164,"column":5}},"61":{"start":{"line":161,"column":6},"end":{"line":161,"column":51}},"62":{"start":{"line":163,"column":6},"end":{"line":163,"column":50}},"63":{"start":{"line":167,"column":4},"end":{"line":172,"column":7}},"64":{"start":{"line":170,"column":40},"end":{"line":170,"column":52}},"65":{"start":{"line":175,"column":31},"end":{"line":189,"column":3}},"66":{"start":{"line":176,"column":4},"end":{"line":176,"column":22}},"67":{"start":{"line":176,"column":15},"end":{"line":176,"column":22}},"68":{"start":{"line":178,"column":27},"end":{"line":178,"column":78}},"69":{"start":{"line":180,"column":4},"end":{"line":184,"column":7}},"70":{"start":{"line":186,"column":4},"end":{"line":188,"column":7}},"71":{"start":{"line":187,"column":35},"end":{"line":187,"column":48}},"72":{"start":{"line":191,"column":28},"end":{"line":202,"column":3}},"73":{"start":{"line":192,"column":4},"end":{"line":201,"column":5}},"74":{"start":{"line":194,"column":8},"end":{"line":194,"column":25}},"75":{"start":{"line":196,"column":8},"end":{"line":196,"column":25}},"76":{"start":{"line":198,"column":8},"end":{"line":198,"column":25}},"77":{"start":{"line":200,"column":8},"end":{"line":200,"column":22}},"78":{"start":{"line":204,"column":26},"end":{"line":221,"column":3}},"79":{"start":{"line":205,"column":4},"end":{"line":220,"column":5}},"80":{"start":{"line":207,"column":8},"end":{"line":207,"column":20}},"81":{"start":{"line":209,"column":8},"end":{"line":209,"column":20}},"82":{"start":{"line":211,"column":8},"end":{"line":211,"column":20}},"83":{"start":{"line":213,"column":8},"end":{"line":213,"column":20}},"84":{"start":{"line":215,"column":8},"end":{"line":215,"column":20}},"85":{"start":{"line":217,"column":8},"end":{"line":217,"column":20}},"86":{"start":{"line":219,"column":8},"end":{"line":219,"column":20}},"87":{"start":{"line":223,"column":2},"end":{"line":230,"column":3}},"88":{"start":{"line":224,"column":4},"end":{"line":229,"column":6}},"89":{"start":{"line":232,"column":2},"end":{"line":241,"column":3}},"90":{"start":{"line":233,"column":4},"end":{"line":240,"column":6}},"91":{"start":{"line":244,"column":4},"end":{"line":244,"column":80}},"92":{"start":{"line":246,"column":2},"end":{"line":355,"column":4}},"93":{"start":{"line":281,"column":23},"end":{"line":281,"column":82}},"94":{"start":{"line":281,"column":58},"end":{"line":281,"column":81}},"95":{"start":{"line":282,"column":10},"end":{"line":282,"column":45}},"96":{"start":{"line":282,"column":33},"end":{"line":282,"column":45}},"97":{"start":{"line":284,"column":10},"end":{"line":319,"column":12}},"98":{"start":{"line":291,"column":36},"end":{"line":291,"column":69}},"99":{"start":{"line":292,"column":36},"end":{"line":292,"column":81}},"100":{"start":{"line":294,"column":16},"end":{"line":316,"column":18}},"101":{"start":{"line":298,"column":35},"end":{"line":298,"column":74}},"102":{"start":{"line":326,"column":27},"end":{"line":326,"column":48}},"103":{"start":{"line":358,"column":15},"end":{"line":566,"column":2}}},"fnMap":{"0":{"name":"DailyPlanScreen","decl":{"start":{"line":20,"column":24},"end":{"line":20,"column":39}},"loc":{"start":{"line":20,"column":42},"end":{"line":356,"column":1}},"line":20},"1":{"name":"(anonymous_1)","decl":{"start":{"line":26,"column":31},"end":{"line":26,"column":32}},"loc":{"start":{"line":26,"column":42},"end":{"line":26,"column":55}},"line":26},"2":{"name":"(anonymous_2)","decl":{"start":{"line":27,"column":46},"end":{"line":27,"column":47}},"loc":{"start":{"line":27,"column":57},"end":{"line":27,"column":76}},"line":27},"3":{"name":"(anonymous_3)","decl":{"start":{"line":28,"column":31},"end":{"line":28,"column":32}},"loc":{"start":{"line":28,"column":42},"end":{"line":28,"column":56}},"line":28},"4":{"name":"(anonymous_4)","decl":{"start":{"line":29,"column":41},"end":{"line":29,"column":42}},"loc":{"start":{"line":29,"column":52},"end":{"line":29,"column":81}},"line":29},"5":{"name":"(anonymous_5)","decl":{"start":{"line":40,"column":12},"end":{"line":40,"column":13}},"loc":{"start":{"line":40,"column":18},"end":{"line":42,"column":3}},"line":40},"6":{"name":"(anonymous_6)","decl":{"start":{"line":44,"column":29},"end":{"line":44,"column":30}},"loc":{"start":{"line":44,"column":41},"end":{"line":62,"column":3}},"line":44},"7":{"name":"(anonymous_7)","decl":{"start":{"line":64,"column":23},"end":{"line":64,"column":24}},"loc":{"start":{"line":64,"column":35},"end":{"line":152,"column":3}},"line":64},"8":{"name":"(anonymous_8)","decl":{"start":{"line":68,"column":47},"end":{"line":68,"column":48}},"loc":{"start":{"line":68,"column":54},"end":{"line":68,"column":70}},"line":68},"9":{"name":"(anonymous_9)","decl":{"start":{"line":69,"column":41},"end":{"line":69,"column":42}},"loc":{"start":{"line":69,"column":48},"end":{"line":69,"column":64}},"line":69},"10":{"name":"(anonymous_10)","decl":{"start":{"line":78,"column":23},"end":{"line":78,"column":24}},"loc":{"start":{"line":78,"column":29},"end":{"line":78,"column":62}},"line":78},"11":{"name":"(anonymous_11)","decl":{"start":{"line":97,"column":30},"end":{"line":97,"column":31}},"loc":{"start":{"line":97,"column":42},"end":{"line":97,"column":55}},"line":97},"12":{"name":"(anonymous_12)","decl":{"start":{"line":99,"column":35},"end":{"line":99,"column":36}},"loc":{"start":{"line":99,"column":47},"end":{"line":99,"column":60}},"line":99},"13":{"name":"(anonymous_13)","decl":{"start":{"line":154,"column":37},"end":{"line":154,"column":38}},"loc":{"start":{"line":154,"column":56},"end":{"line":173,"column":3}},"line":154},"14":{"name":"(anonymous_14)","decl":{"start":{"line":170,"column":32},"end":{"line":170,"column":33}},"loc":{"start":{"line":170,"column":40},"end":{"line":170,"column":52}},"line":170},"15":{"name":"(anonymous_15)","decl":{"start":{"line":175,"column":31},"end":{"line":175,"column":32}},"loc":{"start":{"line":175,"column":37},"end":{"line":189,"column":3}},"line":175},"16":{"name":"(anonymous_16)","decl":{"start":{"line":187,"column":29},"end":{"line":187,"column":30}},"loc":{"start":{"line":187,"column":35},"end":{"line":187,"column":48}},"line":187},"17":{"name":"(anonymous_17)","decl":{"start":{"line":191,"column":28},"end":{"line":191,"column":29}},"loc":{"start":{"line":191,"column":51},"end":{"line":202,"column":3}},"line":191},"18":{"name":"(anonymous_18)","decl":{"start":{"line":204,"column":26},"end":{"line":204,"column":27}},"loc":{"start":{"line":204,"column":48},"end":{"line":221,"column":3}},"line":204},"19":{"name":"(anonymous_19)","decl":{"start":{"line":280,"column":23},"end":{"line":280,"column":24}},"loc":{"start":{"line":280,"column":37},"end":{"line":320,"column":9}},"line":280},"20":{"name":"(anonymous_20)","decl":{"start":{"line":281,"column":51},"end":{"line":281,"column":52}},"loc":{"start":{"line":281,"column":58},"end":{"line":281,"column":81}},"line":281},"21":{"name":"(anonymous_21)","decl":{"start":{"line":290,"column":24},"end":{"line":290,"column":25}},"loc":{"start":{"line":290,"column":38},"end":{"line":317,"column":15}},"line":290},"22":{"name":"(anonymous_22)","decl":{"start":{"line":298,"column":29},"end":{"line":298,"column":30}},"loc":{"start":{"line":298,"column":35},"end":{"line":298,"column":74}},"line":298},"23":{"name":"(anonymous_23)","decl":{"start":{"line":326,"column":21},"end":{"line":326,"column":22}},"loc":{"start":{"line":326,"column":27},"end":{"line":326,"column":48}},"line":326}},"branchMap":{"0":{"loc":{"start":{"line":50,"column":6},"end":{"line":54,"column":7}},"type":"if","locations":[{"start":{"line":50,"column":6},"end":{"line":54,"column":7}},{"start":{},"end":{}}],"line":50},"1":{"loc":{"start":{"line":71,"column":6},"end":{"line":85,"column":7}},"type":"if","locations":[{"start":{"line":71,"column":6},"end":{"line":85,"column":7}},{"start":{},"end":{}}],"line":71},"2":{"loc":{"start":{"line":71,"column":10},"end":{"line":71,"column":43}},"type":"binary-expr","locations":[{"start":{"line":71,"column":10},"end":{"line":71,"column":26}},{"start":{"line":71,"column":30},"end":{"line":71,"column":43}}],"line":71},"3":{"loc":{"start":{"line":88,"column":13},"end":{"line":88,"column":75}},"type":"binary-expr","locations":[{"start":{"line":88,"column":13},"end":{"line":88,"column":47}},{"start":{"line":88,"column":51},"end":{"line":88,"column":70}},{"start":{"line":88,"column":74},"end":{"line":88,"column":75}}],"line":88},"4":{"loc":{"start":{"line":89,"column":23},"end":{"line":89,"column":72}},"type":"binary-expr","locations":[{"start":{"line":89,"column":23},"end":{"line":89,"column":67}},{"start":{"line":89,"column":71},"end":{"line":89,"column":72}}],"line":89},"5":{"loc":{"start":{"line":90,"column":20},"end":{"line":90,"column":66}},"type":"binary-expr","locations":[{"start":{"line":90,"column":20},"end":{"line":90,"column":61}},{"start":{"line":90,"column":65},"end":{"line":90,"column":66}}],"line":90},"6":{"loc":{"start":{"line":105,"column":15},"end":{"line":105,"column":68}},"type":"cond-expr","locations":[{"start":{"line":105,"column":41},"end":{"line":105,"column":53}},{"start":{"line":105,"column":56},"end":{"line":105,"column":68}}],"line":105},"7":{"loc":{"start":{"line":119,"column":25},"end":{"line":119,"column":59}},"type":"binary-expr","locations":[{"start":{"line":119,"column":25},"end":{"line":119,"column":53}},{"start":{"line":119,"column":57},"end":{"line":119,"column":59}}],"line":119},"8":{"loc":{"start":{"line":123,"column":25},"end":{"line":123,"column":56}},"type":"binary-expr","locations":[{"start":{"line":123,"column":25},"end":{"line":123,"column":50}},{"start":{"line":123,"column":54},"end":{"line":123,"column":56}}],"line":123},"9":{"loc":{"start":{"line":124,"column":32},"end":{"line":124,"column":63}},"type":"binary-expr","locations":[{"start":{"line":124,"column":32},"end":{"line":124,"column":57}},{"start":{"line":124,"column":61},"end":{"line":124,"column":63}}],"line":124},"10":{"loc":{"start":{"line":136,"column":6},"end":{"line":138,"column":7}},"type":"if","locations":[{"start":{"line":136,"column":6},"end":{"line":138,"column":7}},{"start":{},"end":{}}],"line":136},"11":{"loc":{"start":{"line":148,"column":8},"end":{"line":148,"column":74}},"type":"cond-expr","locations":[{"start":{"line":148,"column":33},"end":{"line":148,"column":46}},{"start":{"line":148,"column":49},"end":{"line":148,"column":74}}],"line":148},"12":{"loc":{"start":{"line":155,"column":4},"end":{"line":155,"column":22}},"type":"if","locations":[{"start":{"line":155,"column":4},"end":{"line":155,"column":22}},{"start":{},"end":{}}],"line":155},"13":{"loc":{"start":{"line":160,"column":4},"end":{"line":164,"column":5}},"type":"if","locations":[{"start":{"line":160,"column":4},"end":{"line":164,"column":5}},{"start":{"line":162,"column":11},"end":{"line":164,"column":5}}],"line":160},"14":{"loc":{"start":{"line":169,"column":17},"end":{"line":171,"column":36}},"type":"cond-expr","locations":[{"start":{"line":170,"column":10},"end":{"line":170,"column":53}},{"start":{"line":171,"column":10},"end":{"line":171,"column":36}}],"line":169},"15":{"loc":{"start":{"line":176,"column":4},"end":{"line":176,"column":22}},"type":"if","locations":[{"start":{"line":176,"column":4},"end":{"line":176,"column":22}},{"start":{},"end":{}}],"line":176},"16":{"loc":{"start":{"line":192,"column":4},"end":{"line":201,"column":5}},"type":"switch","locations":[{"start":{"line":193,"column":6},"end":{"line":194,"column":25}},{"start":{"line":195,"column":6},"end":{"line":196,"column":25}},{"start":{"line":197,"column":6},"end":{"line":198,"column":25}},{"start":{"line":199,"column":6},"end":{"line":200,"column":22}}],"line":192},"17":{"loc":{"start":{"line":205,"column":4},"end":{"line":220,"column":5}},"type":"switch","locations":[{"start":{"line":206,"column":6},"end":{"line":207,"column":20}},{"start":{"line":208,"column":6},"end":{"line":209,"column":20}},{"start":{"line":210,"column":6},"end":{"line":211,"column":20}},{"start":{"line":212,"column":6},"end":{"line":213,"column":20}},{"start":{"line":214,"column":6},"end":{"line":215,"column":20}},{"start":{"line":216,"column":6},"end":{"line":217,"column":20}},{"start":{"line":218,"column":6},"end":{"line":219,"column":20}}],"line":205},"18":{"loc":{"start":{"line":223,"column":2},"end":{"line":230,"column":3}},"type":"if","locations":[{"start":{"line":223,"column":2},"end":{"line":230,"column":3}},{"start":{},"end":{}}],"line":223},"19":{"loc":{"start":{"line":232,"column":2},"end":{"line":241,"column":3}},"type":"if","locations":[{"start":{"line":232,"column":2},"end":{"line":241,"column":3}},{"start":{},"end":{}}],"line":232},"20":{"loc":{"start":{"line":244,"column":4},"end":{"line":244,"column":80}},"type":"binary-expr","locations":[{"start":{"line":244,"column":4},"end":{"line":244,"column":75}},{"start":{"line":244,"column":79},"end":{"line":244,"column":80}}],"line":244},"21":{"loc":{"start":{"line":282,"column":10},"end":{"line":282,"column":45}},"type":"if","locations":[{"start":{"line":282,"column":10},"end":{"line":282,"column":45}},{"start":{},"end":{}}],"line":282},"22":{"loc":{"start":{"line":287,"column":17},"end":{"line":287,"column":111}},"type":"cond-expr","locations":[{"start":{"line":287,"column":34},"end":{"line":287,"column":52}},{"start":{"line":287,"column":55},"end":{"line":287,"column":111}}],"line":287},"23":{"loc":{"start":{"line":287,"column":55},"end":{"line":287,"column":111}},"type":"cond-expr","locations":[{"start":{"line":287,"column":72},"end":{"line":287,"column":91}},{"start":{"line":287,"column":94},"end":{"line":287,"column":111}}],"line":287},"24":{"loc":{"start":{"line":297,"column":55},"end":{"line":297,"column":100}},"type":"binary-expr","locations":[{"start":{"line":297,"column":55},"end":{"line":297,"column":66}},{"start":{"line":297,"column":70},"end":{"line":297,"column":100}}],"line":297},"25":{"loc":{"start":{"line":302,"column":25},"end":{"line":302,"column":79}},"type":"binary-expr","locations":[{"start":{"line":302,"column":25},"end":{"line":302,"column":36}},{"start":{"line":302,"column":40},"end":{"line":302,"column":79}}],"line":302},"26":{"loc":{"start":{"line":306,"column":67},"end":{"line":306,"column":102}},"type":"binary-expr","locations":[{"start":{"line":306,"column":67},"end":{"line":306,"column":78}},{"start":{"line":306,"column":82},"end":{"line":306,"column":102}}],"line":306},"27":{"loc":{"start":{"line":323,"column":9},"end":{"line":330,"column":9}},"type":"binary-expr","locations":[{"start":{"line":323,"column":9},"end":{"line":323,"column":22}},{"start":{"line":324,"column":10},"end":{"line":329,"column":29}}],"line":323},"28":{"loc":{"start":{"line":332,"column":9},"end":{"line":352,"column":9}},"type":"binary-expr","locations":[{"start":{"line":332,"column":9},"end":{"line":332,"column":21}},{"start":{"line":333,"column":10},"end":{"line":351,"column":17}}],"line":332}},"s":{"0":0,"1":0,"2":0,"3":0,"4":0,"5":0,"6":0,"7":0,"8":0,"9":0,"10":0,"11":0,"12":0,"13":0,"14":0,"15":0,"16":0,"17":0,"18":0,"19":0,"20":0,"21":0,"22":0,"23":0,"24":0,"25":0,"26":0,"27":0,"28":0,"29":0,"30":0,"31":0,"32":0,"33":0,"34":0,"35":0,"36":0,"37":0,"38":0,"39":0,"40":0,"41":0,"42":0,"43":0,"44":0,"45":0,"46":0,"47":0,"48":0,"49":0,"50":0,"51":0,"52":0,"53":0,"54":0,"55":0,"56":0,"57":0,"58":0,"59":0,"60":0,"61":0,"62":0,"63":0,"64":0,"65":0,"66":0,"67":0,"68":0,"69":0,"70":0,"71":0,"72":0,"73":0,"74":0,"75":0,"76":0,"77":0,"78":0,"79":0,"80":0,"81":0,"82":0,"83":0,"84":0,"85":0,"86":0,"87":0,"88":0,"89":0,"90":0,"91":0,"92":0,"93":0,"94":0,"95":0,"96":0,"97":0,"98":0,"99":0,"100":0,"101":0,"102":0,"103":0},"f":{"0":0,"1":0,"2":0,"3":0,"4":0,"5":0,"6":0,"7":0,"8":0,"9":0,"10":0,"11":0,"12":0,"13":0,"14":0,"15":0,"16":0,"17":0,"18":0,"19":0,"20":0,"21":0,"22":0,"23":0},"b":{"0":[0,0],"1":[0,0],"2":[0,0],"3":[0,0,0],"4":[0,0],"5":[0,0],"6":[0,0],"7":[0,0],"8":[0,0],"9":[0,0],"10":[0,0],"11":[0,0],"12":[0,0],"13":[0,0],"14":[0,0],"15":[0,0],"16":[0,0,0,0],"17":[0,0,0,0,0,0,0],"18":[0,0],"19":[0,0],"20":[0,0],"21":[0,0],"22":[0,0],"23":[0,0],"24":[0,0],"25":[0,0],"26":[0,0],"27":[0,0],"28":[0,0]}}
,"/Users/davidmurray/Documents/hrv-app/app/import.tsx": {"path":"/Users/davidmurray/Documents/hrv-app/app/import.tsx","statementMap":{"0":{"start":{"line":9,"column":36},"end":{"line":9,"column":51}},"1":{"start":{"line":10,"column":42},"end":{"line":14,"column":17}},"2":{"start":{"line":15,"column":56},"end":{"line":15,"column":75}},"3":{"start":{"line":16,"column":56},"end":{"line":16,"column":67}},"4":{"start":{"line":18,"column":25},"end":{"line":18,"column":69}},"5":{"start":{"line":18,"column":48},"end":{"line":18,"column":68}},"6":{"start":{"line":20,"column":29},"end":{"line":64,"column":3}},"7":{"start":{"line":21,"column":4},"end":{"line":26,"column":5}},"8":{"start":{"line":22,"column":6},"end":{"line":22,"column":25}},"9":{"start":{"line":23,"column":6},"end":{"line":23,"column":28}},"10":{"start":{"line":24,"column":6},"end":{"line":24,"column":33}},"11":{"start":{"line":25,"column":6},"end":{"line":25,"column":32}},"12":{"start":{"line":28,"column":4},"end":{"line":63,"column":5}},"13":{"start":{"line":29,"column":6},"end":{"line":29,"column":50}},"14":{"start":{"line":32,"column":25},"end":{"line":32,"column":50}},"15":{"start":{"line":33,"column":6},"end":{"line":36,"column":7}},"16":{"start":{"line":34,"column":8},"end":{"line":34,"column":77}},"17":{"start":{"line":35,"column":8},"end":{"line":35,"column":15}},"18":{"start":{"line":39,"column":21},"end":{"line":39,"column":43}},"19":{"start":{"line":41,"column":6},"end":{"line":44,"column":7}},"20":{"start":{"line":42,"column":8},"end":{"line":42,"column":67}},"21":{"start":{"line":43,"column":8},"end":{"line":43,"column":15}},"22":{"start":{"line":47,"column":6},"end":{"line":47,"column":68}},"23":{"start":{"line":47,"column":37},"end":{"line":47,"column":66}},"24":{"start":{"line":48,"column":6},"end":{"line":48,"column":47}},"25":{"start":{"line":48,"column":37},"end":{"line":48,"column":45}},"26":{"start":{"line":50,"column":6},"end":{"line":50,"column":92}},"27":{"start":{"line":52,"column":6},"end":{"line":54,"column":7}},"28":{"start":{"line":53,"column":8},"end":{"line":53,"column":91}},"29":{"start":{"line":57,"column":6},"end":{"line":59,"column":15}},"30":{"start":{"line":58,"column":8},"end":{"line":58,"column":25}},"31":{"start":{"line":61,"column":6},"end":{"line":61,"column":60}},"32":{"start":{"line":66,"column":25},"end":{"line":91,"column":3}},"33":{"start":{"line":67,"column":4},"end":{"line":74,"column":5}},"34":{"start":{"line":68,"column":6},"end":{"line":71,"column":8}},"35":{"start":{"line":72,"column":6},"end":{"line":72,"column":26}},"36":{"start":{"line":73,"column":6},"end":{"line":73,"column":13}},"37":{"start":{"line":77,"column":26},"end":{"line":77,"column":61}},"38":{"start":{"line":80,"column":18},"end":{"line":80,"column":63}},"39":{"start":{"line":80,"column":49},"end":{"line":80,"column":55}},"40":{"start":{"line":81,"column":22},"end":{"line":81,"column":30}},"41":{"start":{"line":82,"column":20},"end":{"line":82,"column":43}},"42":{"start":{"line":84,"column":4},"end":{"line":88,"column":7}},"43":{"start":{"line":90,"column":4},"end":{"line":90,"column":24}},"44":{"start":{"line":93,"column":22},"end":{"line":95,"column":3}},"45":{"start":{"line":94,"column":4},"end":{"line":94,"column":32}},"46":{"start":{"line":97,"column":30},"end":{"line":99,"column":3}},"47":{"start":{"line":98,"column":4},"end":{"line":98,"column":30}},"48":{"start":{"line":101,"column":21},"end":{"line":108,"column":3}},"49":{"start":{"line":102,"column":17},"end":{"line":102,"column":37}},"50":{"start":{"line":103,"column":4},"end":{"line":107,"column":7}},"51":{"start":{"line":110,"column":2},"end":{"line":176,"column":4}},"52":{"start":{"line":179,"column":15},"end":{"line":266,"column":2}}},"fnMap":{"0":{"name":"ImportScreen","decl":{"start":{"line":8,"column":24},"end":{"line":8,"column":36}},"loc":{"start":{"line":8,"column":39},"end":{"line":177,"column":1}},"line":8},"1":{"name":"(anonymous_1)","decl":{"start":{"line":18,"column":37},"end":{"line":18,"column":38}},"loc":{"start":{"line":18,"column":48},"end":{"line":18,"column":68}},"line":18},"2":{"name":"(anonymous_2)","decl":{"start":{"line":20,"column":29},"end":{"line":20,"column":30}},"loc":{"start":{"line":20,"column":74},"end":{"line":64,"column":3}},"line":20},"3":{"name":"(anonymous_3)","decl":{"start":{"line":47,"column":29},"end":{"line":47,"column":30}},"loc":{"start":{"line":47,"column":37},"end":{"line":47,"column":66}},"line":47},"4":{"name":"(anonymous_4)","decl":{"start":{"line":48,"column":29},"end":{"line":48,"column":30}},"loc":{"start":{"line":48,"column":37},"end":{"line":48,"column":45}},"line":48},"5":{"name":"(anonymous_5)","decl":{"start":{"line":57,"column":17},"end":{"line":57,"column":18}},"loc":{"start":{"line":57,"column":23},"end":{"line":59,"column":7}},"line":57},"6":{"name":"(anonymous_6)","decl":{"start":{"line":66,"column":25},"end":{"line":66,"column":26}},"loc":{"start":{"line":66,"column":31},"end":{"line":91,"column":3}},"line":66},"7":{"name":"(anonymous_7)","decl":{"start":{"line":80,"column":42},"end":{"line":80,"column":43}},"loc":{"start":{"line":80,"column":49},"end":{"line":80,"column":55}},"line":80},"8":{"name":"(anonymous_8)","decl":{"start":{"line":93,"column":22},"end":{"line":93,"column":23}},"loc":{"start":{"line":93,"column":41},"end":{"line":95,"column":3}},"line":93},"9":{"name":"(anonymous_9)","decl":{"start":{"line":97,"column":30},"end":{"line":97,"column":31}},"loc":{"start":{"line":97,"column":36},"end":{"line":99,"column":3}},"line":97},"10":{"name":"(anonymous_10)","decl":{"start":{"line":101,"column":21},"end":{"line":101,"column":22}},"loc":{"start":{"line":101,"column":45},"end":{"line":108,"column":3}},"line":101}},"branchMap":{"0":{"loc":{"start":{"line":21,"column":4},"end":{"line":26,"column":5}},"type":"if","locations":[{"start":{"line":21,"column":4},"end":{"line":26,"column":5}},{"start":{},"end":{}}],"line":21},"1":{"loc":{"start":{"line":33,"column":6},"end":{"line":36,"column":7}},"type":"if","locations":[{"start":{"line":33,"column":6},"end":{"line":36,"column":7}},{"start":{},"end":{}}],"line":33},"2":{"loc":{"start":{"line":41,"column":6},"end":{"line":44,"column":7}},"type":"if","locations":[{"start":{"line":41,"column":6},"end":{"line":44,"column":7}},{"start":{},"end":{}}],"line":41},"3":{"loc":{"start":{"line":52,"column":6},"end":{"line":54,"column":7}},"type":"if","locations":[{"start":{"line":52,"column":6},"end":{"line":54,"column":7}},{"start":{},"end":{}}],"line":52},"4":{"loc":{"start":{"line":67,"column":4},"end":{"line":74,"column":5}},"type":"if","locations":[{"start":{"line":67,"column":4},"end":{"line":74,"column":5}},{"start":{},"end":{}}],"line":67},"5":{"loc":{"start":{"line":119,"column":9},"end":{"line":173,"column":9}},"type":"cond-expr","locations":[{"start":{"line":120,"column":10},"end":{"line":141,"column":13}},{"start":{"line":143,"column":10},"end":{"line":172,"column":17}}],"line":119},"6":{"loc":{"start":{"line":149,"column":13},"end":{"line":153,"column":13}},"type":"binary-expr","locations":[{"start":{"line":149,"column":13},"end":{"line":149,"column":44}},{"start":{"line":150,"column":14},"end":{"line":152,"column":21}}],"line":149}},"s":{"0":0,"1":0,"2":0,"3":0,"4":0,"5":0,"6":0,"7":0,"8":0,"9":0,"10":0,"11":0,"12":0,"13":0,"14":0,"15":0,"16":0,"17":0,"18":0,"19":0,"20":0,"21":0,"22":0,"23":0,"24":0,"25":0,"26":0,"27":0,"28":0,"29":0,"30":0,"31":0,"32":0,"33":0,"34":0,"35":0,"36":0,"37":0,"38":0,"39":0,"40":0,"41":0,"42":0,"43":0,"44":0,"45":0,"46":0,"47":0,"48":0,"49":0,"50":0,"51":0,"52":0},"f":{"0":0,"1":0,"2":0,"3":0,"4":0,"5":0,"6":0,"7":0,"8":0,"9":0,"10":0},"b":{"0":[0,0],"1":[0,0],"2":[0,0],"3":[0,0],"4":[0,0],"5":[0,0],"6":[0,0]}}
[...]
,"/Users/davidmurray/Documents/hrv-app/stores/hrvStore.ts": {"path":"/Users/davidmurray/Documents/hrv-app/stores/hrvStore.ts","statementMap":{"0":{"start":{"line":23,"column":27},"end":{"line":135,"column":1}},"1":{"start":{"line":25,"column":19},"end":{"line":126,"column":5}},"2":{"start":{"line":33,"column":32},"end":{"line":33,"column":46}},"3":{"start":{"line":34,"column":31},"end":{"line":34,"column":60}},"4":{"start":{"line":37,"column":8},"end":{"line":39,"column":9}},"5":{"start":{"line":38,"column":10},"end":{"line":38,"column":52}},"6":{"start":{"line":42,"column":28},"end":{"line":42,"column":29}},"7":{"start":{"line":43,"column":8},"end":{"line":48,"column":9}},"8":{"start":{"line":44,"column":10},"end":{"line":46,"column":11}},"9":{"start":{"line":45,"column":12},"end":{"line":45,"column":28}},"10":{"start":{"line":47,"column":10},"end":{"line":47,"column":52}},"11":{"start":{"line":51,"column":28},"end":{"line":53,"column":9}},"12":{"start":{"line":52,"column":10},"end":{"line":52,"column":38}},"13":{"start":{"line":55,"column":8},"end":{"line":55,"column":39}},"14":{"start":{"line":56,"column":8},"end":{"line":56,"column":29}},"15":{"start":{"line":60,"column":8},"end":{"line":60,"column":59}},"16":{"start":{"line":60,"column":42},"end":{"line":60,"column":57}},"17":{"start":{"line":64,"column":8},"end":{"line":66,"column":10}},"18":{"start":{"line":65,"column":17},"end":{"line":65,"column":57}},"19":{"start":{"line":70,"column":25},"end":{"line":70,"column":39}},"20":{"start":{"line":71,"column":8},"end":{"line":71,"column":79}},"21":{"start":{"line":75,"column":8},"end":{"line":75,"column":30}},"22":{"start":{"line":79,"column":8},"end":{"line":79,"column":36}},"23":{"start":{"line":83,"column":27},"end":{"line":83,"column":55}},"24":{"start":{"line":85,"column":8},"end":{"line":87,"column":9}},"25":{"start":{"line":86,"column":10},"end":{"line":86,"column":52}},"26":{"start":{"line":89,"column":8},"end":{"line":89,"column":50}},"27":{"start":{"line":91,"column":8},"end":{"line":124,"column":9}},"28":{"start":{"line":93,"column":26},"end":{"line":93,"column":64}},"29":{"start":{"line":94,"column":28},"end":{"line":96,"column":26}},"30":{"start":{"line":99,"column":32},"end":{"line":103,"column":11}},"31":{"start":{"line":106,"column":32},"end":{"line":106,"column":67}},"32":{"start":{"line":109,"column":10},"end":{"line":113,"column":13}},"33":{"start":{"line":115,"column":10},"end":{"line":115,"column":31}},"34":{"start":{"line":118,"column":12},"end":{"line":118,"column":66}},"35":{"start":{"line":119,"column":10},"end":{"line":122,"column":13}},"36":{"start":{"line":123,"column":10},"end":{"line":123,"column":22}},"37":{"start":{"line":129,"column":39},"end":{"line":129,"column":51}},"38":{"start":{"line":130,"column":32},"end":{"line":132,"column":7}},"39":{"start":{"line":131,"column":8},"end":{"line":131,"column":36}}},"fnMap":{"0":{"name":"(anonymous_0)","decl":{"start":{"line":25,"column":4},"end":{"line":25,"column":5}},"loc":{"start":{"line":25,"column":19},"end":{"line":126,"column":5}},"line":25},"1":{"name":"(anonymous_1)","decl":{"start":{"line":32,"column":22},"end":{"line":32,"column":23}},"loc":{"start":{"line":32,"column":53},"end":{"line":57,"column":7}},"line":32},"2":{"name":"(anonymous_2)","decl":{"start":{"line":51,"column":69},"end":{"line":51,"column":70}},"loc":{"start":{"line":52,"column":10},"end":{"line":52,"column":38}},"line":52},"3":{"name":"(anonymous_3)","decl":{"start":{"line":59,"column":24},"end":{"line":59,"column":25}},"loc":{"start":{"line":59,"column":42},"end":{"line":61,"column":7}},"line":59},"4":{"name":"(anonymous_4)","decl":{"start":{"line":60,"column":35},"end":{"line":60,"column":36}},"loc":{"start":{"line":60,"column":42},"end":{"line":60,"column":57}},"line":60},"5":{"name":"(anonymous_5)","decl":{"start":{"line":63,"column":30},"end":{"line":63,"column":31}},"loc":{"start":{"line":63,"column":70},"end":{"line":67,"column":7}},"line":63},"6":{"name":"(anonymous_6)","decl":{"start":{"line":65,"column":10},"end":{"line":65,"column":11}},"loc":{"start":{"line":65,"column":17},"end":{"line":65,"column":57}},"line":65},"7":{"name":"(anonymous_7)","decl":{"start":{"line":69,"column":24},"end":{"line":69,"column":25}},"loc":{"start":{"line":69,"column":30},"end":{"line":72,"column":7}},"line":69},"8":{"name":"(anonymous_8)","decl":{"start":{"line":74,"column":21},"end":{"line":74,"column":22}},"loc":{"start":{"line":74,"column":27},"end":{"line":76,"column":7}},"line":74},"9":{"name":"(anonymous_9)","decl":{"start":{"line":78,"column":22},"end":{"line":78,"column":23}},"loc":{"start":{"line":78,"column":42},"end":{"line":80,"column":7}},"line":78},"10":{"name":"(anonymous_10)","decl":{"start":{"line":82,"column":21},"end":{"line":82,"column":22}},"loc":{"start":{"line":82,"column":46},"end":{"line":125,"column":7}},"line":82},"11":{"name":"(anonymous_11)","decl":{"start":{"line":129,"column":33},"end":{"line":129,"column":34}},"loc":{"start":{"line":129,"column":39},"end":{"line":129,"column":51}},"line":129},"12":{"name":"(anonymous_12)","decl":{"start":{"line":130,"column":26},"end":{"line":130,"column":27}},"loc":{"start":{"line":130,"column":32},"end":{"line":132,"column":7}},"line":130},"13":{"name":"(anonymous_13)","decl":{"start":{"line":130,"column":32},"end":{"line":130,"column":33}},"loc":{"start":{"line":130,"column":43},"end":{"line":132,"column":7}},"line":130}},"branchMap":{"0":{"loc":{"start":{"line":44,"column":10},"end":{"line":46,"column":11}},"type":"if","locations":[{"start":{"line":44,"column":10},"end":{"line":46,"column":11}},{"start":{},"end":{}}],"line":44},"1":{"loc":{"start":{"line":65,"column":17},"end":{"line":65,"column":57}},"type":"binary-expr","locations":[{"start":{"line":65,"column":17},"end":{"line":65,"column":36}},{"start":{"line":65,"column":40},"end":{"line":65,"column":57}}],"line":65},"2":{"loc":{"start":{"line":71,"column":15},"end":{"line":71,"column":78}},"type":"cond-expr","locations":[{"start":{"line":71,"column":37},"end":{"line":71,"column":66}},{"start":{"line":71,"column":69},"end":{"line":71,"column":78}}],"line":71},"3":{"loc":{"start":{"line":82,"column":28},"end":{"line":82,"column":41}},"type":"default-arg","locations":[{"start":{"line":82,"column":39},"end":{"line":82,"column":41}}],"line":82},"4":{"loc":{"start":{"line":85,"column":8},"end":{"line":87,"column":9}},"type":"if","locations":[{"start":{"line":85,"column":8},"end":{"line":87,"column":9}},{"start":{},"end":{}}],"line":85},"5":{"loc":{"start":{"line":85,"column":12},"end":{"line":85,"column":66}},"type":"binary-expr","locations":[{"start":{"line":85,"column":12},"end":{"line":85,"column":39}},{"start":{"line":85,"column":43},"end":{"line":85,"column":66}}],"line":85},"6":{"loc":{"start":{"line":118,"column":12},"end":{"line":118,"column":66}},"type":"cond-expr","locations":[{"start":{"line":118,"column":37},"end":{"line":118,"column":50}},{"start":{"line":118,"column":53},"end":{"line":118,"column":66}}],"line":118}},"s":{"0":2,"1":2,"2":10,"3":10,"4":10,"5":1,"6":10,"7":10,"8":20,"9":17,"10":20,"11":10,"12":9,"13":10,"14":10,"15":2,"16":1,"17":0,"18":0,"19":0,"20":0,"21":0,"22":0,"23":0,"24":0,"25":0,"26":0,"27":0,"28":0,"29":0,"30":0,"31":0,"32":0,"33":0,"34":0,"35":0,"36":0,"37":2,"38":2,"39":2},"f":{"0":2,"1":10,"2":9,"3":2,"4":1,"5":0,"6":0,"7":0,"8":0,"9":0,"10":0,"11":2,"12":2,"13":2},"b":{"0":[17,3],"1":[0,0],"2":[0,0],"3":[0],"4":[0,0],"5":[0,0],"6":[0,0]},"_coverageSchema":"1a1c01bbd47fc00a2c39e90264f33305004495a9","hash":"a8bdd886f55a2986aaa072354cc552fd6870d109"}
,"/Users/davidmurray/Documents/hrv-app/stores/screenshotStore.ts": {"path":"/Users/davidmurray/Documents/hrv-app/stores/screenshotStore.ts","statementMap":{"0":{"start":{"line":19,"column":2},"end":{"line":20,"column":53}},"1":{"start":{"line":23,"column":34},"end":{"line":80,"column":1}},"2":{"start":{"line":25,"column":19},"end":{"line":71,"column":5}},"3":{"start":{"line":31,"column":30},"end":{"line":34,"column":9}},"4":{"start":{"line":35,"column":8},"end":{"line":37,"column":12}},"5":{"start":{"line":35,"column":24},"end":{"line":37,"column":9}},"6":{"start":{"line":41,"column":8},"end":{"line":45,"column":12}},"7":{"start":{"line":41,"column":24},"end":{"line":45,"column":9}},"8":{"start":{"line":43,"column":12},"end":{"line":43,"column":77}},"9":{"start":{"line":49,"column":8},"end":{"line":51,"column":12}},"10":{"start":{"line":49,"column":24},"end":{"line":51,"column":9}},"11":{"start":{"line":50,"column":64},"end":{"line":50,"column":84}},"12":{"start":{"line":55,"column":8},"end":{"line":55,"column":80}},"13":{"start":{"line":55,"column":54},"end":{"line":55,"column":78}},"14":{"start":{"line":59,"column":22},"end":{"line":59,"column":32}},"15":{"start":{"line":60,"column":27},"end":{"line":60,"column":42}},"16":{"start":{"line":61,"column":8},"end":{"line":61,"column":56}},"17":{"start":{"line":63,"column":8},"end":{"line":65,"column":83}},"18":{"start":{"line":64,"column":34},"end":{"line":64,"column":73}},"19":{"start":{"line":65,"column":26},"end":{"line":65,"column":81}},"20":{"start":{"line":69,"column":8},"end":{"line":69,"column":55}},"21":{"start":{"line":74,"column":39},"end":{"line":74,"column":51}},"22":{"start":{"line":75,"column":32},"end":{"line":77,"column":7}},"23":{"start":{"line":76,"column":8},"end":{"line":76,"column":36}}},"fnMap":{"0":{"name":"generateId","decl":{"start":{"line":18,"column":9},"end":{"line":18,"column":19}},"loc":{"start":{"line":18,"column":30},"end":{"line":21,"column":1}},"line":18},"1":{"name":"(anonymous_1)","decl":{"start":{"line":25,"column":4},"end":{"line":25,"column":5}},"loc":{"start":{"line":25,"column":19},"end":{"line":71,"column":5}},"line":25},"2":{"name":"(anonymous_2)","decl":{"start":{"line":30,"column":21},"end":{"line":30,"column":22}},"loc":{"start":{"line":30,"column":53},"end":{"line":38,"column":7}},"line":30},"3":{"name":"(anonymous_3)","decl":{"start":{"line":35,"column":12},"end":{"line":35,"column":13}},"loc":{"start":{"line":35,"column":24},"end":{"line":37,"column":9}},"line":35},"4":{"name":"(anonymous_4)","decl":{"start":{"line":40,"column":24},"end":{"line":40,"column":25}},"loc":{"start":{"line":40,"column":74},"end":{"line":46,"column":7}},"line":40},"5":{"name":"(anonymous_5)","decl":{"start":{"line":41,"column":12},"end":{"line":41,"column":13}},"loc":{"start":{"line":41,"column":24},"end":{"line":45,"column":9}},"line":41},"6":{"name":"(anonymous_6)","decl":{"start":{"line":42,"column":45},"end":{"line":42,"column":46}},"loc":{"start":{"line":43,"column":12},"end":{"line":43,"column":77}},"line":43},"7":{"name":"(anonymous_7)","decl":{"start":{"line":48,"column":24},"end":{"line":48,"column":25}},"loc":{"start":{"line":48,"column":40},"end":{"line":52,"column":7}},"line":48},"8":{"name":"(anonymous_8)","decl":{"start":{"line":49,"column":12},"end":{"line":49,"column":13}},"loc":{"start":{"line":49,"column":24},"end":{"line":51,"column":9}},"line":49},"9":{"name":"(anonymous_9)","decl":{"start":{"line":50,"column":48},"end":{"line":50,"column":49}},"loc":{"start":{"line":50,"column":64},"end":{"line":50,"column":84}},"line":50},"10":{"name":"(anonymous_10)","decl":{"start":{"line":54,"column":27},"end":{"line":54,"column":28}},"loc":{"start":{"line":54,"column":45},"end":{"line":56,"column":7}},"line":54},"11":{"name":"(anonymous_11)","decl":{"start":{"line":55,"column":38},"end":{"line":55,"column":39}},"loc":{"start":{"line":55,"column":54},"end":{"line":55,"column":78}},"line":55},"12":{"name":"(anonymous_12)","decl":{"start":{"line":58,"column":28},"end":{"line":58,"column":29}},"loc":{"start":{"line":58,"column":46},"end":{"line":66,"column":7}},"line":58},"13":{"name":"(anonymous_13)","decl":{"start":{"line":64,"column":18},"end":{"line":64,"column":19}},"loc":{"start":{"line":64,"column":34},"end":{"line":64,"column":73}},"line":64},"14":{"name":"(anonymous_14)","decl":{"start":{"line":65,"column":16},"end":{"line":65,"column":17}},"loc":{"start":{"line":65,"column":26},"end":{"line":65,"column":81}},"line":65},"15":{"name":"(anonymous_15)","decl":{"start":{"line":68,"column":22},"end":{"line":68,"column":23}},"loc":{"start":{"line":68,"column":42},"end":{"line":70,"column":7}},"line":68},"16":{"name":"(anonymous_16)","decl":{"start":{"line":74,"column":33},"end":{"line":74,"column":34}},"loc":{"start":{"line":74,"column":39},"end":{"line":74,"column":51}},"line":74},"17":{"name":"(anonymous_17)","decl":{"start":{"line":75,"column":26},"end":{"line":75,"column":27}},"loc":{"start":{"line":75,"column":32},"end":{"line":77,"column":7}},"line":75},"18":{"name":"(anonymous_18)","decl":{"start":{"line":75,"column":32},"end":{"line":75,"column":33}},"loc":{"start":{"line":75,"column":43},"end":{"line":77,"column":7}},"line":75}},"branchMap":{"0":{"loc":{"start":{"line":33,"column":14},"end":{"line":33,"column":43}},"type":"binary-expr","locations":[{"start":{"line":33,"column":14},"end":{"line":33,"column":27}},{"start":{"line":33,"column":31},"end":{"line":33,"column":43}}],"line":33},"1":{"loc":{"start":{"line":43,"column":12},"end":{"line":43,"column":77}},"type":"cond-expr","locations":[{"start":{"line":43,"column":35},"end":{"line":43,"column":64}},{"start":{"line":43,"column":67},"end":{"line":43,"column":77}}],"line":43}},"s":{"0":0,"1":0,"2":0,"3":0,"4":0,"5":0,"6":0,"7":0,"8":0,"9":0,"10":0,"11":0,"12":0,"13":0,"14":0,"15":0,"16":0,"17":0,"18":0,"19":0,"20":0,"21":0,"22":0,"23":0},"f":{"0":0,"1":0,"2":0,"3":0,"4":0,"5":0,"6":0,"7":0,"8":0,"9":0,"10":0,"11":0,"12":0,"13":0,"14":0,"15":0,"16":0,"17":0,"18":0},"b":{"0":[0,0],"1":[0,0]}}
,"/Users/davidmurray/Documents/hrv-app/stores/userStore.ts": {"path":"/Users/davidmurray/Documents/hrv-app/stores/userStore.ts","statementMap":{"0":{"start":{"line":17,"column":2},"end":{"line":18,"column":53}},"1":{"start":{"line":21,"column":28},"end":{"line":63,"column":1}},"2":{"start":{"line":23,"column":19},"end":{"line":54,"column":5}},"3":{"start":{"line":29,"column":37},"end":{"line":34,"column":9}},"4":{"start":{"line":35,"column":8},"end":{"line":35,"column":43}},"5":{"start":{"line":39,"column":31},"end":{"line":39,"column":44}},"6":{"start":{"line":40,"column":8},"end":{"line":44,"column":9}},"7":{"start":{"line":41,"column":10},"end":{"line":43,"column":13}},"8":{"start":{"line":48,"column":8},"end":{"line":48,"column":31}},"9":{"start":{"line":52,"column":8},"end":{"line":52,"column":55}},"10":{"start":{"line":57,"column":39},"end":{"line":57,"column":51}},"11":{"start":{"line":58,"column":32},"end":{"line":60,"column":7}},"12":{"start":{"line":59,"column":8},"end":{"line":59,"column":36}}},"fnMap":{"0":{"name":"generateId","decl":{"start":{"line":16,"column":9},"end":{"line":16,"column":19}},"loc":{"start":{"line":16,"column":30},"end":{"line":19,"column":1}},"line":16},"1":{"name":"(anonymous_1)","decl":{"start":{"line":23,"column":4},"end":{"line":23,"column":5}},"loc":{"start":{"line":23,"column":19},"end":{"line":54,"column":5}},"line":23},"2":{"name":"(anonymous_2)","decl":{"start":{"line":28,"column":18},"end":{"line":28,"column":19}},"loc":{"start":{"line":28,"column":72},"end":{"line":36,"column":7}},"line":28},"3":{"name":"(anonymous_3)","decl":{"start":{"line":38,"column":21},"end":{"line":38,"column":22}},"loc":{"start":{"line":38,"column":56},"end":{"line":45,"column":7}},"line":38},"4":{"name":"(anonymous_4)","decl":{"start":{"line":47,"column":20},"end":{"line":47,"column":21}},"loc":{"start":{"line":47,"column":26},"end":{"line":49,"column":7}},"line":47},"5":{"name":"(anonymous_5)","decl":{"start":{"line":51,"column":22},"end":{"line":51,"column":23}},"loc":{"start":{"line":51,"column":42},"end":{"line":53,"column":7}},"line":51},"6":{"name":"(anonymous_6)","decl":{"start":{"line":57,"column":33},"end":{"line":57,"column":34}},"loc":{"start":{"line":57,"column":39},"end":{"line":57,"column":51}},"line":57},"7":{"name":"(anonymous_7)","decl":{"start":{"line":58,"column":26},"end":{"line":58,"column":27}},"loc":{"start":{"line":58,"column":32},"end":{"line":60,"column":7}},"line":58},"8":{"name":"(anonymous_8)","decl":{"start":{"line":58,"column":32},"end":{"line":58,"column":33}},"loc":{"start":{"line":58,"column":43},"end":{"line":60,"column":7}},"line":58}},"branchMap":{"0":{"loc":{"start":{"line":40,"column":8},"end":{"line":44,"column":9}},"type":"if","locations":[{"start":{"line":40,"column":8},"end":{"line":44,"column":9}},{"start":{},"end":{}}],"line":40}},"s":{"0":0,"1":0,"2":0,"3":0,"4":0,"5":0,"6":0,"7":0,"8":0,"9":0,"10":0,"11":0,"12":0},"f":{"0":0,"1":0,"2":0,"3":0,"4":0,"5":0,"6":0,"7":0,"8":0},"b":{"0":[0,0]}}
,"/Users/davidmurray/Documents/hrv-app/stores/whoopAuthStore.ts": {"path":"/Users/davidmurray/Documents/hrv-app/stores/whoopAuthStore.ts","statementMap":{"0":{"start":{"line":23,"column":33},"end":{"line":70,"column":1}},"1":{"start":{"line":25,"column":19},"end":{"line":61,"column":5}},"2":{"start":{"line":33,"column":26},"end":{"line":33,"column":55}},"3":{"start":{"line":34,"column":8},"end":{"line":39,"column":11}},"4":{"start":{"line":43,"column":8},"end":{"line":48,"column":11}},"5":{"start":{"line":52,"column":30},"end":{"line":52,"column":35}},"6":{"start":{"line":53,"column":8},"end":{"line":53,"column":36}},"7":{"start":{"line":53,"column":24},"end":{"line":53,"column":36}},"8":{"start":{"line":55,"column":8},"end":{"line":55,"column":55}},"9":{"start":{"line":59,"column":8},"end":{"line":59,"column":36}},"10":{"start":{"line":64,"column":39},"end":{"line":64,"column":51}},"11":{"start":{"line":65,"column":32},"end":{"line":67,"column":7}},"12":{"start":{"line":66,"column":8},"end":{"line":66,"column":36}}},"fnMap":{"0":{"name":"(anonymous_0)","decl":{"start":{"line":25,"column":4},"end":{"line":25,"column":5}},"loc":{"start":{"line":25,"column":19},"end":{"line":61,"column":5}},"line":25},"1":{"name":"(anonymous_1)","decl":{"start":{"line":32,"column":17},"end":{"line":32,"column":18}},"loc":{"start":{"line":32,"column":59},"end":{"line":40,"column":7}},"line":32},"2":{"name":"(anonymous_2)","decl":{"start":{"line":42,"column":19},"end":{"line":42,"column":20}},"loc":{"start":{"line":42,"column":25},"end":{"line":49,"column":7}},"line":42},"3":{"name":"(anonymous_3)","decl":{"start":{"line":51,"column":22},"end":{"line":51,"column":23}},"loc":{"start":{"line":51,"column":28},"end":{"line":56,"column":7}},"line":51},"4":{"name":"(anonymous_4)","decl":{"start":{"line":58,"column":22},"end":{"line":58,"column":23}},"loc":{"start":{"line":58,"column":33},"end":{"line":60,"column":7}},"line":58},"5":{"name":"(anonymous_5)","decl":{"start":{"line":64,"column":33},"end":{"line":64,"column":34}},"loc":{"start":{"line":64,"column":39},"end":{"line":64,"column":51}},"line":64},"6":{"name":"(anonymous_6)","decl":{"start":{"line":65,"column":26},"end":{"line":65,"column":27}},"loc":{"start":{"line":65,"column":32},"end":{"line":67,"column":7}},"line":65},"7":{"name":"(anonymous_7)","decl":{"start":{"line":65,"column":32},"end":{"line":65,"column":33}},"loc":{"start":{"line":65,"column":43},"end":{"line":67,"column":7}},"line":65}},"branchMap":{"0":{"loc":{"start":{"line":53,"column":8},"end":{"line":53,"column":36}},"type":"if","locations":[{"start":{"line":53,"column":8},"end":{"line":53,"column":36}},{"start":{},"end":{}}],"line":53}},"s":{"0":2,"1":2,"2":0,"3":0,"4":0,"5":0,"6":0,"7":0,"8":0,"9":0,"10":2,"11":2,"12":2},"f":{"0":2,"1":0,"2":0,"3":0,"4":0,"5":2,"6":2,"7":2},"b":{"0":[0,0]},"_coverageSchema":"1a1c01bbd47fc00a2c39e90264f33305004495a9","hash":"9ce0f92dc52853599e66f2e4eeb16fd0de702305"}
}
