TN:
SF:api/ai/chat.ts
FN:18,handler
FN:118,(anonymous_1)
FNF:2
FNH:0
FNDA:0,handler
FNDA:0,(anonymous_1)
DA:20,0
DA:21,0
DA:24,0
DA:27,0
DA:28,0
DA:29,0
DA:30,0
DA:38,0
DA:39,0
DA:42,0
DA:44,0
DA:45,0
DA:46,0
DA:50,0
DA:51,0
DA:52,0
DA:54,0
DA:55,0
DA:58,0
DA:61,0
DA:109,0
DA:117,0
DA:118,0
DA:119,0
DA:120,0
DA:129,0
DA:135,0
DA:144,0
DA:145,0
DA:147,0
DA:149,0
DA:153,0
DA:154,0
DA:155,0
DA:159,0
DA:161,0
DA:164,0
DA:170,0
LF:38
LH:0
BRDA:20,0,0,0
BRDA:20,0,1,0
BRDA:27,1,0,0
BRDA:27,1,1,0
BRDA:28,2,0,0
BRDA:28,2,1,0
BRDA:38,3,0,0
BRDA:38,3,1,0
BRDA:38,4,0,0
BRDA:38,4,1,0
BRDA:44,5,0,0
BRDA:44,5,1,0
BRDA:58,6,0,0
BRDA:58,6,1,0
BRDA:64,7,0,0
BRDA:64,7,1,0
BRDA:68,8,0,0
BRDA:68,8,1,0
BRDA:69,9,0,0
BRDA:69,9,1,0
BRDA:72,10,0,0
BRDA:72,10,1,0
BRDA:78,11,0,0
BRDA:78,11,1,0
BRDA:78,12,0,0
BRDA:78,12,1,0
BRDA:83,13,0,0
BRDA:83,13,1,0
BRDA:83,14,0,0
BRDA:83,14,1,0
BRDA:90,15,0,0
BRDA:90,15,1,0
BRDA:90,16,0,0
BRDA:90,16,1,0
BRDA:117,17,0,0
BRDA:117,17,1,0
BRDA:117,18,0,0
BRDA:117,18,1,0
BRDA:119,19,0,0
BRDA:119,19,1,0
BRDA:119,20,0,0
BRDA:119,20,1,0
BRDA:147,21,0,0
BRDA:147,21,1,0
BRDA:153,22,0,0
BRDA:153,22,1,0
BRDA:167,23,0,0
BRDA:167,23,1,0
BRF:48
BRH:0
end_of_record
TN:
SF:api/ai/daily-plan.ts
FN:21,handler
FNF:1
FNH:0
FNDA:0,handler
DA:23,0
DA:24,0
DA:38,0
DA:40,0
DA:41,0
DA:45,0
DA:46,0
DA:47,0
DA:48,0
DA:56,0
DA:58,0
DA:59,0
DA:60,0
DA:63,0
DA:64,0
DA:67,0
DA:68,0
DA:69,0
DA:70,0
DA:71,0
DA:72,0
DA:73,0
DA:77,0
DA:161,0
DA:178,0
DA:180,0
DA:181,0
DA:184,0
DA:187,0
DA:205,0
DA:207,0
DA:208,0
LF:32
LH:0
BRDA:23,0,0,0
BRDA:23,0,1,0
BRDA:40,1,0,0
BRDA:40,1,1,0
BRDA:40,2,0,0
BRDA:40,2,1,0
BRDA:45,3,0,0
BRDA:45,3,1,0
BRDA:46,4,0,0
BRDA:46,4,1,0
BRDA:58,5,0,0
BRDA:58,5,1,0
BRDA:68,6,0,0
BRDA:68,6,1,0
BRDA:68,7,0,0
BRDA:68,7,1,0
BRDA:70,8,0,0
BRDA:70,8,1,0
BRDA:73,9,0,0
BRDA:73,9,1,0
BRDA:82,10,0,0
BRDA:82,10,1,0
BRDA:83,11,0,0
BRDA:83,11,1,0
BRDA:89,12,0,0
BRDA:89,12,1,0
BRDA:90,13,0,0
BRDA:90,13,1,0
BRDA:94,14,0,0
BRDA:94,14,1,0
BRDA:103,15,0,0
BRDA:103,15,1,0
BRDA:103,16,0,0
BRDA:103,16,1,0
BRDA:110,17,0,0
BRDA:110,17,1,0
BRDA:180,18,0,0
BRDA:180,18,1,0
BRDA:196,19,0,0
BRDA:196,19,1,0
BRDA:199,20,0,0
BRDA:199,20,1,0
BRDA:200,21,0,0
BRDA:200,21,1,0
BRDA:210,22,0,0
BRDA:210,22,1,0
BRF:46
BRH:0
end_of_record
TN:
SF:api/ai/onboarding-analysis.ts
FN:16,handler
FNF:1
FNH:0
FNDA:0,handler
DA:18,0
DA:19,0
DA:22,0
DA:25,0
DA:26,0
DA:27,0
DA:28,0
DA:37,0
DA:38,0
DA:39,0
DA:41,0
DA:42,0
DA:45,0
DA:47,0
DA:48,0
DA:49,0
DA:52,0
DA:53,0
DA:56,0
DA:89,0
DA:105,0
DA:107,0
DA:108,0
DA:111,0
DA:114,0
DA:116,0
DA:117,0
LF:27
LH:0
BRDA:18,0,0,0
BRDA:18,0,1,0
BRDA:25,1,0,0
BRDA:25,1,1,0
BRDA:26,2,0,0
BRDA:26,2,1,0
BRDA:41,3,0,0
BRDA:41,3,1,0
BRDA:41,4,0,0
BRDA:41,4,1,0
BRDA:47,5,0,0
BRDA:47,5,1,0
BRDA:62,6,0,0
BRDA:62,6,1,0
BRDA:69,7,0,0
BRDA:69,7,1,0
BRDA:69,8,0,0
BRDA:69,8,1,0
BRDA:107,9,0,0
BRDA:107,9,1,0
BRDA:119,10,0,0
BRDA:119,10,1,0
BRF:22
BRH:0
end_of_record
TN:
SF:api/ai/rate-limit-status.ts
FN:8,handler
FNF:1
FNH:0
FNDA:0,handler
DA:9,0
DA:10,0
DA:13,0
DA:14,0
DA:16,0
DA:18,0
LF:6
LH:0
BRDA:9,0,0,0
BRDA:9,0,1,0
BRDA:13,1,0,0
BRDA:13,1,1,0
BRF:4
BRH:0
end_of_record
TN:
SF:api/ai/rateLimit.ts
FN:21,checkRateLimit
FN:70,getRateLimitStatus
FN:96,cleanupRateLimits
FNF:3
FNH:0
FNDA:0,checkRateLimit
FNDA:0,getRateLimitStatus
FNDA:0,cleanupRateLimits
DA:13,0
DA:26,0
DA:27,0
DA:30,0
DA:33,0
DA:34,0
DA:38,0
DA:40,0
DA:48,0
DA:49,0
DA:57,0
DA:58,0
DA:60,0
DA:74,0
DA:75,0
DA:76,0
DA:78,0
DA:79,0
DA:86,0
DA:97,0
DA:98,0
DA:99,0
DA:100,0
LF:23
LH:0
BRDA:23,0,0,0
BRDA:24,1,0,0
BRDA:33,2,0,0
BRDA:33,2,1,0
BRDA:33,3,0,0
BRDA:33,3,1,0
BRDA:48,4,0,0
BRDA:48,4,1,0
BRDA:72,5,0,0
BRDA:78,6,0,0
BRDA:78,6,1,0
BRDA:78,7,0,0
BRDA:78,7,1,0
BRDA:99,8,0,0
BRDA:99,8,1,0
BRF:15
BRH:0
end_of_record
TN:
SF:api/ai/screenshot-analysis.ts
FN:15,handler
FNF:1
FNH:0
FNDA:0,handler
DA:17,0
DA:18,0
DA:21,0
DA:24,0
DA:25,0
DA:26,0
DA:27,0
DA:35,0
DA:36,0
DA:37,0
DA:39,0
DA:40,0
DA:43,0
DA:45,0
DA:46,0
DA:47,0
DA:50,0
DA:51,0
DA:54,0
DA:86,0
DA:116,0
DA:118,0
DA:119,0
DA:122,0
DA:125,0
DA:126,0
DA:133,0
DA:135,0
DA:136,0
LF:29
LH:0
BRDA:17,0,0,0
BRDA:17,0,1,0
BRDA:24,1,0,0
BRDA:24,1,1,0
BRDA:25,2,0,0
BRDA:25,2,1,0
BRDA:39,3,0,0
BRDA:39,3,1,0
BRDA:39,4,0,0
BRDA:39,4,1,0
BRDA:45,5,0,0
BRDA:45,5,1,0
BRDA:99,6,0,0
BRDA:99,6,1,0
BRDA:118,7,0,0
BRDA:118,7,1,0
BRDA:125,8,0,0
BRDA:125,8,1,0
BRDA:138,9,0,0
BRDA:138,9,1,0
BRF:20
BRH:0
end_of_record
TN:
SF:api/auth/whoop/refresh.ts
FN:8,handler
FNF:1
FNH:0
FNDA:0,handler
DA:10,0
DA:11,0
DA:14,0
DA:16,0
DA:17,0
DA:20,0
DA:21,0
DA:23,0
DA:24,0
DA:25,0
DA:28,0
DA:30,0
DA:43,0
DA:44,0
DA:45,0
DA:46,0
DA:52,0
DA:55,0
DA:62,0
DA:63,0
LF:20
LH:0
BRDA:10,0,0,0
BRDA:10,0,1,0
BRDA:16,1,0,0
BRDA:16,1,1,0
BRDA:23,2,0,0
BRDA:23,2,1,0
BRDA:23,3,0,0
BRDA:23,3,1,0
BRDA:43,4,0,0
BRDA:43,4,1,0
BRDA:65,5,0,0
BRDA:65,5,1,0
BRF:12
BRH:0
end_of_record
TN:
SF:api/auth/whoop/token.ts
FN:8,handler
FNF:1
FNH:0
FNDA:0,handler
DA:10,0
DA:11,0
DA:14,0
DA:16,0
DA:17,0
DA:20,0
DA:21,0
DA:23,0
DA:24,0
DA:25,0
DA:28,0
DA:30,0
DA:43,0
DA:44,0
DA:45,0
DA:46,0
DA:52,0
DA:55,0
DA:62,0
DA:63,0
LF:20
LH:0
BRDA:10,0,0,0
BRDA:10,0,1,0
BRDA:16,1,0,0
BRDA:16,1,1,0
BRDA:23,2,0,0
BRDA:23,2,1,0
BRDA:23,3,0,0
BRDA:23,3,1,0
BRDA:43,4,0,0
BRDA:43,4,1,0
BRDA:65,5,0,0
BRDA:65,5,1,0
BRF:12
BRH:0
end_of_record
TN:
SF:api/lib/rateLimit.ts
FN:21,checkRateLimit
FN:70,getRateLimitStatus
FN:96,cleanupRateLimits
FNF:3
FNH:0
FNDA:0,checkRateLimit
FNDA:0,getRateLimitStatus
FNDA:0,cleanupRateLimits
DA:13,0
DA:26,0
DA:27,0
DA:30,0
DA:33,0
DA:34,0
DA:38,0
DA:40,0
DA:48,0
DA:49,0
DA:57,0
DA:58,0
DA:60,0
DA:74,0
DA:75,0
DA:76,0
DA:78,0
DA:79,0
DA:86,0
DA:97,0
DA:98,0
DA:99,0
DA:100,0
LF:23
LH:0
BRDA:23,0,0,0
BRDA:24,1,0,0
BRDA:33,2,0,0
BRDA:33,2,1,0
BRDA:33,3,0,0
BRDA:33,3,1,0
BRDA:48,4,0,0
BRDA:48,4,1,0
BRDA:72,5,0,0
BRDA:78,6,0,0
BRDA:78,6,1,0
BRDA:78,7,0,0
BRDA:78,7,1,0
BRDA:99,8,0,0
BRDA:99,8,1,0
BRF:15
BRH:0
end_of_record
TN:
SF:app/+html.tsx
FN:7,Root
FNF:1
FNH:0
FNDA:0,Root
DA:8,0
DA:30,0
LF:2
LH:0
BRF:0
BRH:0
end_of_record
TN:
SF:app/+not-found.tsx
FN:6,NotFoundScreen
FNF:1
FNH:0
FNDA:0,NotFoundScreen
DA:7,0
DA:21,0
LF:2
LH:0
BRF:0
BRH:0
end_of_record
TN:
SF:app/_layout.tsx
FN:20,RootLayout
FN:26,(anonymous_1)
FN:30,(anonymous_2)
FN:43,RootLayoutNav
FN:48,(anonymous_4)
FN:49,(anonymous_5)
FN:51,(anonymous_6)
FNF:7
FNH:0
FNDA:0,RootLayout
FNDA:0,(anonymous_1)
FNDA:0,(anonymous_2)
FNDA:0,RootLayoutNav
FNDA:0,(anonymous_4)
FNDA:0,(anonymous_5)
FNDA:0,(anonymous_6)
DA:18,0
DA:21,0
DA:26,0
DA:27,0
DA:30,0
DA:31,0
DA:32,0
DA:36,0
DA:37,0
DA:40,0
DA:44,0
DA:45,0
DA:46,0
DA:48,0
DA:49,0
DA:51,0
DA:52,0
DA:54,0
DA:55,0
DA:56,0
DA:59,0
DA:60,0
DA:63,0
DA:64,0
DA:67,0
DA:68,0
DA:72,0
LF:27
LH:0
BRDA:27,0,0,0
BRDA:27,0,1,0
BRDA:31,1,0,0
BRDA:31,1,1,0
BRDA:36,2,0,0
BRDA:36,2,1,0
BRDA:52,3,0,0
BRDA:52,3,1,0
BRDA:59,4,0,0
BRDA:59,4,1,0
BRDA:59,5,0,0
BRDA:59,5,1,0
BRDA:63,6,0,0
BRDA:63,6,1,0
BRDA:63,7,0,0
BRDA:63,7,1,0
BRDA:67,8,0,0
BRDA:67,8,1,0
BRDA:67,9,0,0
BRDA:67,9,1,0
BRDA:67,9,2,0
BRDA:67,9,3,0
BRDA:73,10,0,0
BRDA:73,10,1,0
BRF:24
BRH:0
end_of_record
TN:
SF:app/daily-plan.tsx
FN:20,DailyPlanScreen
FN:26,(anonymous_1)
FN:27,(anonymous_2)
FN:28,(anonymous_3)
FN:29,(anonymous_4)
FN:40,(anonymous_5)
FN:44,(anonymous_6)
FN:64,(anonymous_7)
FN:68,(anonymous_8)
FN:69,(anonymous_9)
FN:78,(anonymous_10)
FN:97,(anonymous_11)
FN:99,(anonymous_12)
FN:154,(anonymous_13)
FN:170,(anonymous_14)
FN:175,(anonymous_15)
FN:187,(anonymous_16)
FN:191,(anonymous_17)
FN:204,(anonymous_18)
FN:280,(anonymous_19)
FN:281,(anonymous_20)
FN:290,(anonymous_21)
FN:298,(anonymous_22)
FN:326,(anonymous_23)
FNF:24
FNH:0
FNDA:0,DailyPlanScreen
FNDA:0,(anonymous_1)
FNDA:0,(anonymous_2)
FNDA:0,(anonymous_3)
FNDA:0,(anonymous_4)
FNDA:0,(anonymous_5)
FNDA:0,(anonymous_6)
FNDA:0,(anonymous_7)
FNDA:0,(anonymous_8)
FNDA:0,(anonymous_9)
FNDA:0,(anonymous_10)
FNDA:0,(anonymous_11)
FNDA:0,(anonymous_12)
FNDA:0,(anonymous_13)
FNDA:0,(anonymous_14)
FNDA:0,(anonymous_15)
FNDA:0,(anonymous_16)
FNDA:0,(anonymous_17)
FNDA:0,(anonymous_18)
FNDA:0,(anonymous_19)
FNDA:0,(anonymous_20)
FNDA:0,(anonymous_21)
FNDA:0,(anonymous_22)
FNDA:0,(anonymous_23)
DA:21,0
DA:22,0
DA:23,0
DA:24,0
DA:26,0
DA:27,0
DA:28,0
DA:29,0
DA:38,0
DA:40,0
DA:41,0
DA:44,0
DA:45,0
DA:46,0
DA:49,0
DA:50,0
DA:51,0
DA:52,0
DA:53,0
DA:57,0
DA:59,0
DA:60,0
DA:64,0
DA:65,0
DA:67,0
DA:68,0
DA:69,0
DA:71,0
DA:72,0
DA:78,0
DA:83,0
DA:84,0
DA:87,0
DA:95,0
DA:97,0
DA:99,0
DA:102,0
DA:109,0
DA:136,0
DA:137,0
DA:140,0
DA:141,0
DA:142,0
DA:143,0
DA:145,0
DA:146,0
DA:150,0
DA:154,0
DA:155,0
DA:157,0
DA:158,0
DA:160,0
DA:161,0
DA:163,0
DA:167,0
DA:170,0
DA:175,0
DA:176,0
DA:178,0
DA:180,0
DA:186,0
DA:187,0
DA:191,0
DA:192,0
DA:194,0
DA:196,0
DA:198,0
DA:200,0
DA:204,0
DA:205,0
DA:207,0
DA:209,0
DA:211,0
DA:213,0
DA:215,0
DA:217,0
DA:219,0
DA:223,0
DA:224,0
DA:232,0
DA:233,0
DA:244,0
DA:246,0
DA:281,0
DA:282,0
DA:284,0
DA:291,0
DA:292,0
DA:294,0
DA:298,0
DA:326,0
DA:358,0
LF:92
LH:0
BRDA:50,0,0,0
BRDA:50,0,1,0
BRDA:71,1,0,0
BRDA:71,1,1,0
BRDA:71,2,0,0
BRDA:71,2,1,0
BRDA:88,3,0,0
BRDA:88,3,1,0
BRDA:88,3,2,0
BRDA:89,4,0,0
BRDA:89,4,1,0
BRDA:90,5,0,0
BRDA:90,5,1,0
BRDA:105,6,0,0
BRDA:105,6,1,0
BRDA:119,7,0,0
BRDA:119,7,1,0
BRDA:123,8,0,0
BRDA:123,8,1,0
BRDA:124,9,0,0
BRDA:124,9,1,0
BRDA:136,10,0,0
BRDA:136,10,1,0
BRDA:148,11,0,0
BRDA:148,11,1,0
BRDA:155,12,0,0
BRDA:155,12,1,0
BRDA:160,13,0,0
BRDA:160,13,1,0
BRDA:169,14,0,0
BRDA:169,14,1,0
BRDA:176,15,0,0
BRDA:176,15,1,0
BRDA:192,16,0,0
BRDA:192,16,1,0
BRDA:192,16,2,0
BRDA:192,16,3,0
BRDA:205,17,0,0
BRDA:205,17,1,0
BRDA:205,17,2,0
BRDA:205,17,3,0
BRDA:205,17,4,0
BRDA:205,17,5,0
BRDA:205,17,6,0
BRDA:223,18,0,0
BRDA:223,18,1,0
BRDA:232,19,0,0
BRDA:232,19,1,0
BRDA:244,20,0,0
BRDA:244,20,1,0
BRDA:282,21,0,0
BRDA:282,21,1,0
BRDA:287,22,0,0
BRDA:287,22,1,0
BRDA:287,23,0,0
BRDA:287,23,1,0
BRDA:297,24,0,0
BRDA:297,24,1,0
BRDA:302,25,0,0
BRDA:302,25,1,0
BRDA:306,26,0,0
BRDA:306,26,1,0
BRDA:323,27,0,0
BRDA:323,27,1,0
BRDA:332,28,0,0
BRDA:332,28,1,0
BRF:66
BRH:0
end_of_record
TN:
SF:app/import.tsx
FN:8,ImportScreen
FN:18,(anonymous_1)
FN:20,(anonymous_2)
FN:47,(anonymous_3)
FN:48,(anonymous_4)
FN:57,(anonymous_5)
FN:66,(anonymous_6)
FN:80,(anonymous_7)
FN:93,(anonymous_8)
FN:97,(anonymous_9)
FN:101,(anonymous_10)
FNF:11
FNH:0
FNDA:0,ImportScreen
FNDA:0,(anonymous_1)
FNDA:0,(anonymous_2)
FNDA:0,(anonymous_3)
FNDA:0,(anonymous_4)
FNDA:0,(anonymous_5)
FNDA:0,(anonymous_6)
FNDA:0,(anonymous_7)
FNDA:0,(anonymous_8)
FNDA:0,(anonymous_9)
FNDA:0,(anonymous_10)
DA:9,0
DA:10,0
DA:15,0
DA:16,0
DA:18,0
DA:20,0
DA:21,0
DA:22,0
DA:23,0
DA:24,0
DA:25,0
DA:28,0
DA:29,0
DA:32,0
DA:33,0
DA:34,0
DA:35,0
DA:39,0
DA:41,0
DA:42,0
DA:43,0
DA:47,0
DA:48,0
DA:50,0
DA:52,0
DA:53,0
DA:57,0
DA:58,0
DA:61,0
DA:66,0
DA:67,0
DA:68,0
DA:72,0
DA:73,0
DA:77,0
DA:80,0
DA:81,0
DA:82,0
DA:84,0
DA:90,0
DA:93,0
DA:94,0
DA:97,0
DA:98,0
DA:101,0
DA:102,0
DA:103,0
DA:110,0
DA:179,0
LF:49
LH:0
BRDA:21,0,0,0
BRDA:21,0,1,0
BRDA:33,1,0,0
BRDA:33,1,1,0
BRDA:41,2,0,0
BRDA:41,2,1,0
BRDA:52,3,0,0
BRDA:52,3,1,0
BRDA:67,4,0,0
BRDA:67,4,1,0
BRDA:119,5,0,0
BRDA:119,5,1,0
BRDA:149,6,0,0
BRDA:149,6,1,0
BRF:14
BRH:0
end_of_record
TN:
SF:app/modal.tsx
FN:7,ModalScreen
FNF:1
FNH:0
FNDA:0,ModalScreen
DA:8,0
DA:20,0
LF:2
LH:0
BRDA:15,0,0,0
BRDA:15,0,1,0
BRF:2
BRH:0
end_of_record
TN:
SF:app/onboarding-summary.tsx
FN:23,OnboardingSummaryScreen
FN:28,(anonymous_1)
FN:29,(anonymous_2)
FN:30,(anonymous_3)
FN:31,(anonymous_4)
FN:33,(anonymous_5)
FN:37,(anonymous_6)
FN:50,(anonymous_7)
FN:101,(anonymous_8)
FN:119,(anonymous_9)
FN:169,(anonymous_10)
FN:181,(anonymous_11)
FN:193,(anonymous_12)
FN:205,(anonymous_13)
FN:223,(anonymous_14)
FNF:15
FNH:0
FNDA:0,OnboardingSummaryScreen
FNDA:0,(anonymous_1)
FNDA:0,(anonymous_2)
FNDA:0,(anonymous_3)
FNDA:0,(anonymous_4)
FNDA:0,(anonymous_5)
FNDA:0,(anonymous_6)
FNDA:0,(anonymous_7)
FNDA:0,(anonymous_8)
FNDA:0,(anonymous_9)
FNDA:0,(anonymous_10)
FNDA:0,(anonymous_11)
FNDA:0,(anonymous_12)
FNDA:0,(anonymous_13)
FNDA:0,(anonymous_14)
DA:24,0
DA:25,0
DA:26,0
DA:28,0
DA:29,0
DA:30,0
DA:31,0
DA:33,0
DA:34,0
DA:37,0
DA:38,0
DA:39,0
DA:40,0
DA:42,0
DA:43,0
DA:47,0
DA:48,0
DA:50,0
DA:53,0
DA:55,0
DA:64,0
DA:83,0
DA:84,0
DA:87,0
DA:88,0
DA:91,0
DA:93,0
DA:95,0
DA:96,0
DA:97,0
DA:101,0
DA:104,0
DA:105,0
DA:106,0
DA:107,0
DA:108,0
DA:109,0
DA:110,0
DA:111,0
DA:113,0
DA:114,0
DA:115,0
DA:119,0
DA:120,0
DA:123,0
DA:124,0
DA:134,0
DA:135,0
DA:156,0
DA:170,0
DA:182,0
DA:194,0
DA:206,0
DA:223,0
DA:243,0
LF:55
LH:0
BRDA:42,0,0,0
BRDA:42,0,1,0
BRDA:42,1,0,0
BRDA:42,1,1,0
BRDA:48,2,0,0
BRDA:48,2,1,0
BRDA:83,3,0,0
BRDA:83,3,1,0
BRDA:96,4,0,0
BRDA:96,4,1,0
BRDA:104,5,0,0
BRDA:104,5,1,0
BRDA:105,6,0,0
BRDA:105,6,1,0
BRDA:106,7,0,0
BRDA:106,7,1,0
BRDA:108,8,0,0
BRDA:108,8,1,0
BRDA:109,9,0,0
BRDA:109,9,1,0
BRDA:110,10,0,0
BRDA:110,10,1,0
BRDA:113,11,0,0
BRDA:113,11,1,0
BRDA:114,12,0,0
BRDA:114,12,1,0
BRDA:123,13,0,0
BRDA:123,13,1,0
BRDA:134,14,0,0
BRDA:134,14,1,0
BRDA:164,15,0,0
BRDA:164,15,1,0
BRDA:166,16,0,0
BRDA:166,16,1,0
BRDA:178,17,0,0
BRDA:178,17,1,0
BRDA:190,18,0,0
BRDA:190,18,1,0
BRDA:202,19,0,0
BRDA:202,19,1,0
BRDA:218,20,0,0
BRDA:218,20,1,0
BRF:42
BRH:0
end_of_record
TN:
SF:app/onboarding.tsx
FN:9,OnboardingScreen
FN:10,(anonymous_1)
FN:11,(anonymous_2)
FN:13,(anonymous_3)
FNF:4
FNH:0
FNDA:0,OnboardingScreen
FNDA:0,(anonymous_1)
FNDA:0,(anonymous_2)
FNDA:0,(anonymous_3)
DA:10,0
DA:11,0
DA:13,0
DA:18,0
DA:19,0
DA:21,0
DA:24,0
DA:35,0
LF:8
LH:0
BRF:0
BRH:0
end_of_record
TN:
SF:app/screenshot-review.tsx
FN:16,ScreenshotReviewScreen
FN:42,(anonymous_1)
FN:43,(anonymous_2)
FN:45,(anonymous_3)
FN:103,(anonymous_4)
FN:107,(anonymous_5)
FN:120,(anonymous_6)
FN:126,(anonymous_7)
FN:233,(anonymous_8)
FNF:9
FNH:0
FNDA:0,ScreenshotReviewScreen
FNDA:0,(anonymous_1)
FNDA:0,(anonymous_2)
FNDA:0,(anonymous_3)
FNDA:0,(anonymous_4)
FNDA:0,(anonymous_5)
FNDA:0,(anonymous_6)
FNDA:0,(anonymous_7)
FNDA:0,(anonymous_8)
DA:17,0
DA:19,0
DA:20,0
DA:21,0
DA:22,0
DA:23,0
DA:24,0
DA:25,0
DA:27,0
DA:29,0
DA:30,0
DA:33,0
DA:36,0
DA:39,0
DA:40,0
DA:42,0
DA:43,0
DA:45,0
DA:46,0
DA:48,0
DA:49,0
DA:50,0
DA:53,0
DA:54,0
DA:55,0
DA:56,0
DA:60,0
DA:61,0
DA:78,0
DA:88,0
DA:89,0
DA:90,0
DA:92,0
DA:97,0
DA:103,0
DA:107,0
DA:112,0
DA:113,0
DA:120,0
DA:121,0
DA:122,0
DA:123,0
DA:126,0
DA:127,0
DA:128,0
DA:129,0
DA:132,0
DA:233,0
DA:250,0
LF:49
LH:0
BRDA:29,0,0,0
BRDA:29,0,1,0
BRDA:31,1,0,0
BRDA:31,1,1,0
BRDA:34,2,0,0
BRDA:34,2,1,0
BRDA:37,3,0,0
BRDA:37,3,1,0
BRDA:39,4,0,0
BRDA:39,4,1,0
BRDA:40,5,0,0
BRDA:40,5,1,0
BRDA:48,6,0,0
BRDA:48,6,1,0
BRDA:54,7,0,0
BRDA:54,7,1,0
BRDA:54,8,0,0
BRDA:54,8,1,0
BRDA:67,9,0,0
BRDA:67,9,1,0
BRDA:68,10,0,0
BRDA:68,10,1,0
BRDA:69,11,0,0
BRDA:69,11,1,0
BRDA:70,12,0,0
BRDA:70,12,1,0
BRDA:71,13,0,0
BRDA:71,13,1,0
BRDA:82,14,0,0
BRDA:82,14,1,0
BRDA:83,15,0,0
BRDA:83,15,1,0
BRDA:88,16,0,0
BRDA:88,16,1,0
BRDA:88,17,0,0
BRDA:88,17,1,0
BRDA:115,18,0,0
BRDA:115,18,1,0
BRDA:121,19,0,0
BRDA:121,19,1,0
BRDA:122,20,0,0
BRDA:122,20,1,0
BRDA:127,21,0,0
BRDA:127,21,1,0
BRDA:128,22,0,0
BRDA:128,22,1,0
BRDA:144,23,0,0
BRDA:144,23,1,0
BRDA:239,24,0,0
BRDA:239,24,1,0
BRF:50
BRH:0
end_of_record
TN:
SF:app/screenshot-upload.tsx
FN:17,ScreenshotUploadScreen
FN:23,(anonymous_1)
FN:25,(anonymous_2)
FN:43,(anonymous_3)
FN:59,(anonymous_4)
FN:74,(anonymous_5)
FN:91,(anonymous_6)
FN:159,(anonymous_7)
FNF:8
FNH:0
FNDA:0,ScreenshotUploadScreen
FNDA:0,(anonymous_1)
FNDA:0,(anonymous_2)
FNDA:0,(anonymous_3)
FNDA:0,(anonymous_4)
FNDA:0,(anonymous_5)
FNDA:0,(anonymous_6)
FNDA:0,(anonymous_7)
DA:18,0
DA:19,0
DA:20,0
DA:21,0
DA:23,0
DA:25,0
DA:26,0
DA:28,0
DA:30,0
DA:32,0
DA:33,0
DA:37,0
DA:40,0
DA:43,0
DA:44,0
DA:45,0
DA:47,0
DA:54,0
DA:55,0
DA:59,0
DA:60,0
DA:61,0
DA:63,0
DA:69,0
DA:70,0
DA:74,0
DA:75,0
DA:76,0
DA:77,0
DA:80,0
DA:82,0
DA:84,0
DA:85,0
DA:88,0
DA:89,0
DA:91,0
DA:92,0
DA:93,0
DA:96,0
DA:99,0
DA:114,0
DA:115,0
DA:118,0
DA:121,0
DA:134,0
DA:135,0
DA:140,0
DA:144,0
DA:159,0
DA:226,0
LF:50
LH:0
BRDA:26,0,0,0
BRDA:26,0,1,0
BRDA:32,1,0,0
BRDA:32,1,1,0
BRDA:32,2,0,0
BRDA:32,2,1,0
BRDA:45,3,0,0
BRDA:45,3,1,0
BRDA:54,4,0,0
BRDA:54,4,1,0
BRDA:54,5,0,0
BRDA:54,5,1,0
BRDA:61,6,0,0
BRDA:61,6,1,0
BRDA:69,7,0,0
BRDA:69,7,1,0
BRDA:69,8,0,0
BRDA:69,8,1,0
BRDA:75,9,0,0
BRDA:75,9,1,0
BRDA:114,10,0,0
BRDA:114,10,1,0
BRDA:137,11,0,0
BRDA:137,11,1,0
BRDA:154,12,0,0
BRDA:154,12,1,0
BRDA:213,13,0,0
BRDA:213,13,1,0
BRDA:213,13,2,0
BRDA:215,14,0,0
BRDA:215,14,1,0
BRDA:218,15,0,0
BRDA:218,15,1,0
BRF:33
BRH:0
end_of_record
TN:
SF:app/whoop-sync.tsx
FN:7,WhoopSyncScreen
FN:11,(anonymous_1)
FN:13,(anonymous_2)
FN:17,(anonymous_3)
FN:35,(anonymous_4)
FN:47,(anonymous_5)
FN:51,(anonymous_6)
FN:55,(anonymous_7)
FNF:8
FNH:0
FNDA:0,WhoopSyncScreen
FNDA:0,(anonymous_1)
FNDA:0,(anonymous_2)
FNDA:0,(anonymous_3)
FNDA:0,(anonymous_4)
FNDA:0,(anonymous_5)
FNDA:0,(anonymous_6)
FNDA:0,(anonymous_7)
DA:8,0
DA:9,0
DA:10,0
DA:11,0
DA:13,0
DA:14,0
DA:17,0
DA:18,0
DA:19,0
DA:20,0
DA:22,0
DA:24,0
DA:25,0
DA:26,0
DA:30,0
DA:31,0
DA:32,0
DA:35,0
DA:36,0
DA:39,0
DA:40,0
DA:41,0
DA:47,0
DA:48,0
DA:51,0
DA:52,0
DA:55,0
DA:56,0
DA:59,0
DA:131,0
LF:30
LH:0
BRDA:22,0,0,0
BRDA:22,0,1,0
BRDA:42,1,0,0
BRDA:42,1,1,0
BRDA:64,2,0,0
BRDA:64,2,1,0
BRDA:65,3,0,0
BRDA:65,3,1,0
BRDA:66,4,0,0
BRDA:66,4,1,0
BRDA:69,5,0,0
BRDA:69,5,1,0
BRDA:78,6,0,0
BRDA:78,6,1,0
BRDA:88,7,0,0
BRDA:88,7,1,0
BRDA:94,8,0,0
BRDA:94,8,1,0
BRF:18
BRH:0
end_of_record
TN:
SF:app/(tabs)/_layout.tsx
FN:9,TabBarIcon
FN:16,TabLayout
FN:29,(anonymous_2)
FN:36,(anonymous_3)
FN:43,(anonymous_4)
FN:50,(anonymous_5)
FN:57,(anonymous_6)
FNF:7
FNH:0
FNDA:0,TabBarIcon
FNDA:0,TabLayout
FNDA:0,(anonymous_2)
FNDA:0,(anonymous_3)
FNDA:0,(anonymous_4)
FNDA:0,(anonymous_5)
FNDA:0,(anonymous_6)
DA:13,0
DA:17,0
DA:19,0
DA:29,0
DA:36,0
DA:43,0
DA:50,0
DA:57,0
LF:8
LH:0
BRDA:22,0,0,0
BRDA:22,0,1,0
BRF:2
BRH:0
end_of_record
TN:
SF:app/(tabs)/chat.tsx
FN:22,ChatScreen
FN:28,(anonymous_1)
FN:29,(anonymous_2)
FN:30,(anonymous_3)
FN:31,(anonymous_4)
FN:44,(anonymous_5)
FN:51,(anonymous_6)
FN:52,(anonymous_7)
FN:57,(anonymous_8)
FN:63,(anonymous_9)
FN:65,(anonymous_10)
FN:94,(anonymous_11)
FN:111,(anonymous_12)
FN:189,(anonymous_13)
FN:190,(anonymous_14)
FN:194,(anonymous_15)
FN:230,(anonymous_16)
FN:234,(anonymous_17)
FN:326,(anonymous_18)
FN:359,(anonymous_19)
FN:363,(anonymous_20)
FNF:21
FNH:0
FNDA:0,ChatScreen
FNDA:0,(anonymous_1)
FNDA:0,(anonymous_2)
FNDA:0,(anonymous_3)
FNDA:0,(anonymous_4)
FNDA:0,(anonymous_5)
FNDA:0,(anonymous_6)
FNDA:0,(anonymous_7)
FNDA:0,(anonymous_8)
FNDA:0,(anonymous_9)
FNDA:0,(anonymous_10)
FNDA:0,(anonymous_11)
FNDA:0,(anonymous_12)
FNDA:0,(anonymous_13)
FNDA:0,(anonymous_14)
FNDA:0,(anonymous_15)
FNDA:0,(anonymous_16)
FNDA:0,(anonymous_17)
FNDA:0,(anonymous_18)
FNDA:0,(anonymous_19)
FNDA:0,(anonymous_20)
DA:23,0
DA:24,0
DA:25,0
DA:26,0
DA:28,0
DA:29,0
DA:30,0
DA:31,0
DA:39,0
DA:41,0
DA:44,0
DA:45,0
DA:46,0
DA:51,0
DA:52,0
DA:53,0
DA:57,0
DA:59,0
DA:60,0
DA:61,0
DA:63,0
DA:65,0
DA:67,0
DA:69,0
DA:79,0
DA:81,0
DA:94,0
DA:96,0
DA:97,0
DA:98,0
DA:99,0
DA:100,0
DA:101,0
DA:102,0
DA:103,0
DA:105,0
DA:106,0
DA:107,0
DA:111,0
DA:112,0
DA:114,0
DA:122,0
DA:125,0
DA:126,0
DA:127,0
DA:128,0
DA:130,0
DA:132,0
DA:135,0
DA:138,0
DA:154,0
DA:155,0
DA:158,0
DA:159,0
DA:161,0
DA:162,0
DA:165,0
DA:172,0
DA:175,0
DA:176,0
DA:177,0
DA:179,0
DA:180,0
DA:182,0
DA:183,0
DA:184,0
DA:185,0
DA:186,0
DA:187,0
DA:189,0
DA:191,0
DA:195,0
DA:204,0
DA:205,0
DA:214,0
DA:216,0
DA:217,0
DA:223,0
DA:225,0
DA:226,0
DA:230,0
DA:231,0
DA:234,0
DA:235,0
DA:238,0
DA:245,0
DA:246,0
DA:256,0
DA:327,0
DA:360,0
DA:363,0
DA:398,0
DA:577,0
LF:93
LH:0
BRDA:45,0,0,0
BRDA:45,0,1,0
BRDA:45,1,0,0
BRDA:45,1,1,0
BRDA:60,2,0,0
BRDA:60,2,1,0
BRDA:73,3,0,0
BRDA:73,3,1,0
BRDA:74,4,0,0
BRDA:74,4,1,0
BRDA:88,5,0,0
BRDA:88,5,1,0
BRDA:89,6,0,0
BRDA:89,6,1,0
BRDA:96,7,0,0
BRDA:96,7,1,0
BRDA:97,8,0,0
BRDA:97,8,1,0
BRDA:98,9,0,0
BRDA:98,9,1,0
BRDA:100,10,0,0
BRDA:100,10,1,0
BRDA:101,11,0,0
BRDA:101,11,1,0
BRDA:102,12,0,0
BRDA:102,12,1,0
BRDA:105,13,0,0
BRDA:105,13,1,0
BRDA:106,14,0,0
BRDA:106,14,1,0
BRDA:112,15,0,0
BRDA:112,15,1,0
BRDA:112,16,0,0
BRDA:112,16,1,0
BRDA:135,17,0,0
BRDA:135,17,1,0
BRDA:154,18,0,0
BRDA:154,18,1,0
BRDA:177,19,0,0
BRDA:177,19,1,0
BRDA:183,20,0,0
BRDA:183,20,1,0
BRDA:186,21,0,0
BRDA:186,21,1,0
BRDA:191,22,0,0
BRDA:191,22,1,0
BRDA:195,23,0,0
BRDA:195,23,1,0
BRDA:204,24,0,0
BRDA:204,24,1,0
BRDA:245,25,0,0
BRDA:245,25,1,0
BRDA:259,26,0,0
BRDA:259,26,1,0
BRDA:272,27,0,0
BRDA:272,27,1,0
BRDA:279,28,0,0
BRDA:279,28,1,0
BRDA:286,29,0,0
BRDA:286,29,1,0
BRDA:293,30,0,0
BRDA:293,30,1,0
BRDA:315,31,0,0
BRDA:315,31,1,0
BRDA:331,32,0,0
BRDA:331,32,1,0
BRDA:336,33,0,0
BRDA:336,33,1,0
BRDA:344,34,0,0
BRDA:344,34,1,0
BRDA:356,35,0,0
BRDA:356,35,1,0
BRDA:356,35,2,0
BRDA:383,36,0,0
BRDA:383,36,1,0
BRDA:383,36,2,0
BRDA:385,37,0,0
BRDA:385,37,1,0
BRDA:387,38,0,0
BRDA:387,38,1,0
BRF:80
BRH:0
end_of_record
TN:
SF:app/(tabs)/habits.tsx
FN:8,getTodayDate
FN:12,HabitsScreen
FN:17,(anonymous_2)
FN:18,(anonymous_3)
FN:19,(anonymous_4)
FN:26,(anonymous_5)
FN:41,(anonymous_6)
FN:45,(anonymous_7)
FN:54,(anonymous_8)
FN:63,(anonymous_9)
FN:70,(anonymous_10)
FN:104,(anonymous_11)
FN:157,(anonymous_12)
FN:178,(anonymous_13)
FNF:14
FNH:0
FNDA:0,getTodayDate
FNDA:0,HabitsScreen
FNDA:0,(anonymous_2)
FNDA:0,(anonymous_3)
FNDA:0,(anonymous_4)
FNDA:0,(anonymous_5)
FNDA:0,(anonymous_6)
FNDA:0,(anonymous_7)
FNDA:0,(anonymous_8)
FNDA:0,(anonymous_9)
FNDA:0,(anonymous_10)
FNDA:0,(anonymous_11)
FNDA:0,(anonymous_12)
FNDA:0,(anonymous_13)
DA:9,0
DA:13,0
DA:14,0
DA:15,0
DA:17,0
DA:18,0
DA:19,0
DA:21,0
DA:22,0
DA:23,0
DA:24,0
DA:26,0
DA:27,0
DA:28,0
DA:30,0
DA:31,0
DA:37,0
DA:41,0
DA:42,0
DA:45,0
DA:46,0
DA:47,0
DA:48,0
DA:50,0
DA:54,0
DA:58,0
DA:59,0
DA:63,0
DA:70,0
DA:71,0
DA:72,0
DA:79,0
DA:80,0
DA:90,0
DA:104,0
DA:158,0
DA:159,0
DA:179,0
DA:180,0
DA:208,0
LF:40
LH:0
BRDA:30,0,0,0
BRDA:30,0,1,0
BRDA:33,1,0,0
BRDA:33,1,1,0
BRDA:48,2,0,0
BRDA:48,2,1,0
BRDA:52,3,0,0
BRDA:52,3,1,0
BRDA:52,4,0,0
BRDA:52,4,1,0
BRDA:52,5,0,0
BRDA:52,5,1,0
BRDA:58,6,0,0
BRDA:58,6,1,0
BRDA:79,7,0,0
BRDA:79,7,1,0
BRDA:107,8,0,0
BRDA:107,8,1,0
BRDA:112,9,0,0
BRDA:112,9,1,0
BRDA:123,10,0,0
BRDA:123,10,1,0
BRDA:135,11,0,0
BRDA:135,11,1,0
BRDA:142,12,0,0
BRDA:142,12,1,0
BRDA:149,13,0,0
BRDA:149,13,1,0
BRDA:184,14,0,0
BRDA:184,14,1,0
BRDA:194,15,0,0
BRDA:194,15,1,0
BRF:32
BRH:0
end_of_record
TN:
SF:app/(tabs)/index.tsx
FN:19,getTodayDate
FN:23,DashboardScreen
FN:24,(anonymous_2)
FN:25,(anonymous_3)
FN:26,(anonymous_4)
FN:27,(anonymous_5)
FN:28,(anonymous_6)
FN:29,(anonymous_7)
FN:34,(anonymous_8)
FN:41,(anonymous_9)
FN:86,(anonymous_10)
FNF:11
FNH:0
FNDA:0,getTodayDate
FNDA:0,DashboardScreen
FNDA:0,(anonymous_2)
FNDA:0,(anonymous_3)
FNDA:0,(anonymous_4)
FNDA:0,(anonymous_5)
FNDA:0,(anonymous_6)
FNDA:0,(anonymous_7)
FNDA:0,(anonymous_8)
FNDA:0,(anonymous_9)
FNDA:0,(anonymous_10)
DA:20,0
DA:24,0
DA:25,0
DA:26,0
DA:27,0
DA:28,0
DA:29,0
DA:31,0
DA:34,0
DA:35,0
DA:36,0
DA:37,0
DA:40,0
DA:41,0
DA:42,0
DA:49,0
DA:52,0
DA:56,0
DA:61,0
DA:63,0
DA:67,0
DA:69,0
DA:86,0
DA:181,0
LF:24
LH:0
BRDA:35,0,0,0
BRDA:35,0,1,0
BRDA:35,1,0,0
BRDA:35,1,1,0
BRDA:40,2,0,0
BRDA:40,2,1,0
BRDA:40,3,0,0
BRDA:40,3,1,0
BRDA:52,4,0,0
BRDA:52,4,1,0
BRDA:56,5,0,0
BRDA:56,5,1,0
BRDA:56,6,0,0
BRDA:56,6,1,0
BRDA:63,7,0,0
BRDA:63,7,1,0
BRDA:73,8,0,0
BRDA:73,8,1,0
BRDA:73,8,2,0
BRDA:76,9,0,0
BRDA:76,9,1,0
BRDA:95,10,0,0
BRDA:95,10,1,0
BRDA:107,11,0,0
BRDA:107,11,1,0
BRDA:109,12,0,0
BRDA:109,12,1,0
BRDA:115,13,0,0
BRDA:115,13,1,0
BRDA:117,14,0,0
BRDA:117,14,1,0
BRDA:123,15,0,0
BRDA:123,15,1,0
BRDA:123,16,0,0
BRDA:123,16,1,0
BRDA:127,17,0,0
BRDA:127,17,1,0
BRDA:140,18,0,0
BRDA:140,18,1,0
BRDA:151,19,0,0
BRDA:151,19,1,0
BRDA:151,20,0,0
BRDA:151,20,1,0
BRDA:159,21,0,0
BRDA:159,21,1,0
BRF:45
BRH:0
end_of_record
TN:
SF:app/(tabs)/insights.tsx
FN:9,InsightsScreen
FN:10,(anonymous_1)
FN:11,(anonymous_2)
FN:13,(anonymous_3)
FN:17,(anonymous_4)
FN:23,(anonymous_5)
FN:27,(anonymous_6)
FN:31,(anonymous_7)
FN:84,(anonymous_8)
FN:99,(anonymous_9)
FN:111,(anonymous_10)
FNF:11
FNH:0
FNDA:0,InsightsScreen
FNDA:0,(anonymous_1)
FNDA:0,(anonymous_2)
FNDA:0,(anonymous_3)
FNDA:0,(anonymous_4)
FNDA:0,(anonymous_5)
FNDA:0,(anonymous_6)
FNDA:0,(anonymous_7)
FNDA:0,(anonymous_8)
FNDA:0,(anonymous_9)
FNDA:0,(anonymous_10)
DA:10,0
DA:11,0
DA:13,0
DA:14,0
DA:17,0
DA:18,0
DA:22,0
DA:23,0
DA:26,0
DA:27,0
DA:30,0
DA:31,0
DA:34,0
DA:35,0
DA:36,0
DA:64,0
DA:85,0
DA:100,0
DA:112,0
DA:130,0
LF:20
LH:0
BRDA:23,0,0,0
BRDA:23,0,1,0
BRDA:34,1,0,0
BRDA:34,1,1,0
BRDA:79,2,0,0
BRDA:79,2,1,0
BRDA:94,3,0,0
BRDA:94,3,1,0
BRF:8
BRH:0
end_of_record
TN:
SF:app/(tabs)/profile.tsx
FN:31,getTodayDate
FN:35,ProfileScreen
FN:36,(anonymous_2)
FN:37,(anonymous_3)
FN:38,(anonymous_4)
FN:40,(anonymous_5)
FN:41,(anonymous_6)
FN:42,(anonymous_7)
FN:44,(anonymous_8)
FN:49,(anonymous_9)
FN:53,(anonymous_10)
FN:58,(anonymous_11)
FN:64,(anonymous_12)
FN:69,(anonymous_13)
FN:81,(anonymous_14)
FN:90,(anonymous_15)
FN:110,(anonymous_16)
FN:176,(anonymous_17)
FN:185,(anonymous_18)
FN:193,(anonymous_19)
FNF:20
FNH:0
FNDA:0,getTodayDate
FNDA:0,ProfileScreen
FNDA:0,(anonymous_2)
FNDA:0,(anonymous_3)
FNDA:0,(anonymous_4)
FNDA:0,(anonymous_5)
FNDA:0,(anonymous_6)
FNDA:0,(anonymous_7)
FNDA:0,(anonymous_8)
FNDA:0,(anonymous_9)
FNDA:0,(anonymous_10)
FNDA:0,(anonymous_11)
FNDA:0,(anonymous_12)
FNDA:0,(anonymous_13)
FNDA:0,(anonymous_14)
FNDA:0,(anonymous_15)
FNDA:0,(anonymous_16)
FNDA:0,(anonymous_17)
FNDA:0,(anonymous_18)
FNDA:0,(anonymous_19)
DA:32,0
DA:36,0
DA:37,0
DA:38,0
DA:40,0
DA:41,0
DA:42,0
DA:44,0
DA:46,0
DA:49,0
DA:50,0
DA:53,0
DA:54,0
DA:55,0
DA:58,0
DA:59,0
DA:60,0
DA:64,0
DA:65,0
DA:66,0
DA:69,0
DA:70,0
DA:71,0
DA:72,0
DA:73,0
DA:74,0
DA:81,0
DA:82,0
DA:90,0
DA:96,0
DA:97,0
DA:112,0
DA:124,0
DA:176,0
DA:186,0
DA:193,0
DA:256,0
LF:37
LH:0
BRDA:65,0,0,0
BRDA:65,0,1,0
BRDA:70,1,0,0
BRDA:70,1,1,0
BRDA:96,2,0,0
BRDA:96,2,1,0
BRDA:147,3,0,0
BRDA:147,3,1,0
BRDA:165,4,0,0
BRDA:165,4,1,0
BRDA:178,5,0,0
BRDA:178,5,1,0
BRDA:183,6,0,0
BRDA:183,6,1,0
BRDA:190,7,0,0
BRDA:190,7,1,0
BRDA:198,8,0,0
BRDA:198,8,1,0
BRDA:209,9,0,0
BRDA:209,9,1,0
BRDA:218,10,0,0
BRDA:218,10,1,0
BRF:22
BRH:0
end_of_record
TN:
SF:components/AICoachCard.tsx
FN:7,AICoachCard
FN:24,(anonymous_1)
FN:32,(anonymous_2)
FN:45,(anonymous_3)
FN:59,(anonymous_4)
FN:90,(anonymous_5)
FN:131,(anonymous_6)
FNF:7
FNH:0
FNDA:0,AICoachCard
FNDA:0,(anonymous_1)
FNDA:0,(anonymous_2)
FNDA:0,(anonymous_3)
FNDA:0,(anonymous_4)
FNDA:0,(anonymous_5)
FNDA:0,(anonymous_6)
DA:8,0
DA:9,0
DA:11,0
DA:12,0
DA:24,0
DA:32,0
DA:33,0
DA:35,0
DA:37,0
DA:39,0
DA:41,0
DA:45,0
DA:46,0
DA:48,0
DA:50,0
DA:52,0
DA:54,0
DA:58,0
DA:59,0
DA:62,0
DA:66,0
DA:91,0
DA:92,0
DA:94,0
DA:131,0
DA:140,0
LF:26
LH:0
BRDA:11,0,0,0
BRDA:11,0,1,0
BRDA:33,1,0,0
BRDA:33,1,1,0
BRDA:33,1,2,0
BRDA:33,1,3,0
BRDA:46,2,0,0
BRDA:46,2,1,0
BRDA:46,2,2,0
BRDA:46,2,3,0
BRDA:87,3,0,0
BRDA:87,3,1,0
BRDA:97,4,0,0
BRDA:97,4,1,0
BRDA:102,5,0,0
BRDA:102,5,1,0
BRF:16
BRH:0
end_of_record
TN:
SF:components/AchievementBadge.tsx
FN:11,AchievementBadge
FN:61,AchievementList
FN:71,(anonymous_2)
FN:72,(anonymous_3)
FN:80,(anonymous_4)
FN:91,(anonymous_5)
FNF:6
FNH:0
FNDA:0,AchievementBadge
FNDA:0,AchievementList
FNDA:0,(anonymous_2)
FNDA:0,(anonymous_3)
FNDA:0,(anonymous_4)
FNDA:0,(anonymous_5)
DA:15,0
DA:16,0
DA:19,0
DA:20,0
DA:21,0
DA:23,0
DA:62,0
DA:63,0
DA:71,0
DA:72,0
DA:74,0
DA:81,0
DA:92,0
DA:101,0
LF:14
LH:0
BRDA:13,0,0,0
BRDA:19,1,0,0
BRDA:19,1,1,0
BRDA:19,2,0,0
BRDA:19,2,1,0
BRDA:20,3,0,0
BRDA:20,3,1,0
BRDA:20,4,0,0
BRDA:20,4,1,0
BRDA:21,5,0,0
BRDA:21,5,1,0
BRDA:21,6,0,0
BRDA:21,6,1,0
BRDA:28,7,0,0
BRDA:28,7,1,0
BRDA:35,8,0,0
BRDA:35,8,1,0
BRDA:39,9,0,0
BRDA:39,9,1,0
BRDA:48,10,0,0
BRDA:48,10,1,0
BRDA:48,10,2,0
BRDA:62,11,0,0
BRDA:62,11,1,0
BRDA:76,12,0,0
BRDA:76,12,1,0
BRDA:87,13,0,0
BRDA:87,13,1,0
BRF:28
BRH:0
end_of_record
TN:
SF:components/CorrelationCard.tsx
FN:9,CorrelationCard
FN:13,(anonymous_1)
FN:24,(anonymous_2)
FNF:3
FNH:0
FNDA:0,CorrelationCard
FNDA:0,(anonymous_1)
FNDA:0,(anonymous_2)
DA:10,0
DA:11,0
DA:13,0
DA:14,0
DA:16,0
DA:18,0
DA:20,0
DA:24,0
DA:25,0
DA:27,0
DA:29,0
DA:31,0
DA:35,0
DA:65,0
LF:14
LH:0
BRDA:11,0,0,0
BRDA:11,0,1,0
BRDA:14,1,0,0
BRDA:14,1,1,0
BRDA:14,1,2,0
BRDA:25,2,0,0
BRDA:25,2,1,0
BRDA:25,2,2,0
BRDA:46,3,0,0
BRDA:46,3,1,0
BRF:10
BRH:0
end_of_record
TN:
SF:components/EditScreenInfo.tsx
FN:10,EditScreenInfo
FNF:1
FNH:0
FNDA:0,EditScreenInfo
DA:11,0
DA:49,0
LF:2
LH:0
BRF:0
BRH:0
end_of_record
TN:
SF:components/EnhancedOnboardingForm.tsx
FN:32,EnhancedOnboardingForm
FN:72,(anonymous_1)
FN:98,(anonymous_2)
FN:106,(anonymous_3)
FN:108,(anonymous_4)
FN:109,(anonymous_5)
FN:110,(anonymous_6)
FN:114,(anonymous_7)
FN:115,(anonymous_8)
FN:127,(anonymous_9)
FN:127,(anonymous_10)
FN:132,(anonymous_11)
FN:133,(anonymous_12)
FN:138,(anonymous_13)
FN:140,(anonymous_14)
FN:146,(anonymous_15)
FN:147,(anonymous_16)
FN:148,(anonymous_17)
FN:152,(anonymous_18)
FN:154,(anonymous_19)
FN:163,(anonymous_20)
FN:177,(anonymous_21)
FN:186,(anonymous_22)
FN:190,(anonymous_23)
FN:226,(anonymous_24)
FN:233,(anonymous_25)
FN:301,(anonymous_26)
FN:305,(anonymous_27)
FN:328,(anonymous_28)
FN:334,(anonymous_29)
FN:352,(anonymous_30)
FN:358,(anonymous_31)
FNF:32
FNH:0
FNDA:0,EnhancedOnboardingForm
FNDA:0,(anonymous_1)
FNDA:0,(anonymous_2)
FNDA:0,(anonymous_3)
FNDA:0,(anonymous_4)
FNDA:0,(anonymous_5)
FNDA:0,(anonymous_6)
FNDA:0,(anonymous_7)
FNDA:0,(anonymous_8)
FNDA:0,(anonymous_9)
FNDA:0,(anonymous_10)
FNDA:0,(anonymous_11)
FNDA:0,(anonymous_12)
FNDA:0,(anonymous_13)
FNDA:0,(anonymous_14)
FNDA:0,(anonymous_15)
FNDA:0,(anonymous_16)
FNDA:0,(anonymous_17)
FNDA:0,(anonymous_18)
FNDA:0,(anonymous_19)
FNDA:0,(anonymous_20)
FNDA:0,(anonymous_21)
FNDA:0,(anonymous_22)
FNDA:0,(anonymous_23)
FNDA:0,(anonymous_24)
FNDA:0,(anonymous_25)
FNDA:0,(anonymous_26)
FNDA:0,(anonymous_27)
FNDA:0,(anonymous_28)
FNDA:0,(anonymous_29)
FNDA:0,(anonymous_30)
FNDA:0,(anonymous_31)
DA:25,0
DA:33,0
DA:34,0
DA:35,0
DA:36,0
DA:39,0
DA:40,0
DA:41,0
DA:42,0
DA:43,0
DA:45,0
DA:46,0
DA:47,0
DA:49,0
DA:50,0
DA:51,0
DA:52,0
DA:54,0
DA:55,0
DA:56,0
DA:58,0
DA:59,0
DA:60,0
DA:61,0
DA:63,0
DA:64,0
DA:65,0
DA:67,0
DA:69,0
DA:70,0
DA:72,0
DA:74,0
DA:75,0
DA:76,0
DA:77,0
DA:78,0
DA:80,0
DA:81,0
DA:82,0
DA:86,0
DA:87,0
DA:88,0
DA:91,0
DA:92,0
DA:93,0
DA:94,0
DA:98,0
DA:99,0
DA:100,0
DA:101,0
DA:102,0
DA:106,0
DA:107,0
DA:108,0
DA:109,0
DA:110,0
DA:114,0
DA:115,0
DA:127,0
DA:132,0
DA:133,0
DA:138,0
DA:140,0
DA:143,0
DA:146,0
DA:147,0
DA:148,0
DA:152,0
DA:153,0
DA:155,0
DA:163,0
DA:164,0
DA:166,0
DA:178,0
DA:179,0
DA:187,0
DA:190,0
DA:204,0
DA:227,0
DA:233,0
DA:252,0
DA:286,0
DA:302,0
DA:305,0
DA:328,0
DA:334,0
DA:343,0
DA:352,0
DA:358,0
DA:389,0
DA:434,0
DA:476,0
DA:505,0
DA:509,0
DA:540,0
LF:95
LH:0
BRDA:74,0,0,0
BRDA:74,0,1,0
BRDA:76,1,0,0
BRDA:76,1,1,0
BRDA:76,2,0,0
BRDA:76,2,1,0
BRDA:76,2,2,0
BRDA:76,2,3,0
BRDA:80,3,0,0
BRDA:80,3,1,0
BRDA:86,4,0,0
BRDA:86,4,1,0
BRDA:86,5,0,0
BRDA:86,5,1,0
BRDA:93,6,0,0
BRDA:93,6,1,0
BRDA:100,7,0,0
BRDA:100,7,1,0
BRDA:121,8,0,0
BRDA:121,8,1,0
BRDA:122,9,0,0
BRDA:122,9,1,0
BRDA:125,10,0,0
BRDA:125,10,1,0
BRDA:126,11,0,0
BRDA:126,11,1,0
BRDA:130,12,0,0
BRDA:130,12,1,0
BRDA:131,13,0,0
BRDA:131,13,1,0
BRDA:148,14,0,0
BRDA:148,14,1,0
BRDA:157,15,0,0
BRDA:157,15,1,0
BRDA:164,16,0,0
BRDA:164,16,1,0
BRDA:164,16,2,0
BRDA:164,16,3,0
BRDA:164,16,4,0
BRDA:164,16,5,0
BRDA:164,16,6,0
BRDA:164,16,7,0
BRDA:164,16,8,0
BRDA:189,17,0,0
BRDA:189,17,1,0
BRDA:193,18,0,0
BRDA:193,18,1,0
BRDA:193,19,0,0
BRDA:193,19,1,0
BRDA:199,20,0,0
BRDA:199,20,1,0
BRDA:231,21,0,0
BRDA:231,21,1,0
BRDA:238,22,0,0
BRDA:238,22,1,0
BRDA:247,23,0,0
BRDA:247,23,1,0
BRDA:304,24,0,0
BRDA:304,24,1,0
BRDA:327,25,0,0
BRDA:327,25,1,0
BRDA:333,26,0,0
BRDA:333,26,1,0
BRDA:351,27,0,0
BRDA:351,27,1,0
BRDA:357,28,0,0
BRDA:357,28,1,0
BRDA:364,29,0,0
BRDA:364,29,1,0
BRDA:484,30,0,0
BRDA:484,30,1,0
BRDA:491,31,0,0
BRDA:491,31,1,0
BRDA:511,32,0,0
BRDA:511,32,1,0
BRDA:520,33,0,0
BRDA:520,33,1,0
BRDA:527,34,0,0
BRDA:527,34,1,0
BRDA:528,35,0,0
BRDA:528,35,1,0
BRDA:531,36,0,0
BRDA:531,36,1,0
BRF:83
BRH:0
end_of_record
TN:
SF:components/ExternalLink.tsx
FN:6,ExternalLink
FN:14,(anonymous_1)
FNF:2
FNH:0
FNDA:0,ExternalLink
FNDA:0,(anonymous_1)
DA:9,0
DA:15,0
DA:17,0
DA:19,0
LF:4
LH:0
BRDA:15,0,0,0
BRDA:15,0,1,0
BRF:2
BRH:0
end_of_record
TN:
SF:components/HRVChart.tsx
FN:16,HRVChart
FN:32,(anonymous_1)
FN:36,(anonymous_2)
FN:44,(anonymous_3)
FN:49,(anonymous_4)
FN:120,formatDateShort
FNF:6
FNH:0
FNDA:0,HRVChart
FNDA:0,(anonymous_1)
FNDA:0,(anonymous_2)
FNDA:0,(anonymous_3)
FNDA:0,(anonymous_4)
FNDA:0,formatDateShort
DA:14,0
DA:22,0
DA:23,0
DA:32,0
DA:33,0
DA:36,0
DA:43,0
DA:44,0
DA:49,0
DA:50,0
DA:51,0
DA:52,0
DA:53,0
DA:55,0
DA:121,0
DA:122,0
DA:123,0
DA:124,0
DA:127,0
LF:19
LH:0
BRDA:20,0,0,0
BRDA:22,1,0,0
BRDA:22,1,1,0
BRDA:38,2,0,0
BRDA:38,2,1,0
BRDA:39,3,0,0
BRDA:39,3,1,0
BRDA:50,4,0,0
BRDA:50,4,1,0
BRDA:50,5,0,0
BRDA:50,5,1,0
BRDA:51,6,0,0
BRDA:51,6,1,0
BRDA:51,7,0,0
BRDA:51,7,1,0
BRDA:59,8,0,0
BRDA:59,8,1,0
BRDA:81,9,0,0
BRDA:81,9,1,0
BRDA:89,10,0,0
BRDA:89,10,1,0
BRDA:103,11,0,0
BRDA:103,11,1,0
BRDA:109,12,0,0
BRDA:109,12,1,0
BRF:25
BRH:0
end_of_record
TN:
SF:components/HabitCalendar.tsx
FN:12,HabitCalendar
FN:41,(anonymous_1)
FNF:2
FNH:0
FNDA:0,HabitCalendar
FNDA:0,(anonymous_1)
DA:13,0
DA:16,0
DA:19,0
DA:20,0
DA:27,0
DA:28,0
DA:36,0
DA:41,0
DA:42,0
DA:45,0
DA:85,0
LF:11
LH:0
BRDA:27,0,0,0
BRDA:27,0,1,0
BRF:2
BRH:0
end_of_record
TN:
SF:components/HabitForm.tsx
FN:32,HabitForm
FN:74,(anonymous_1)
FN:104,(anonymous_2)
FN:142,(anonymous_3)
FN:149,(anonymous_4)
FN:172,(anonymous_5)
FN:179,(anonymous_6)
FN:205,(anonymous_7)
FN:212,(anonymous_8)
FN:280,(anonymous_9)
FN:287,(anonymous_10)
FNF:11
FNH:0
FNDA:0,HabitForm
FNDA:0,(anonymous_1)
FNDA:0,(anonymous_2)
FNDA:0,(anonymous_3)
FNDA:0,(anonymous_4)
FNDA:0,(anonymous_5)
FNDA:0,(anonymous_6)
FNDA:0,(anonymous_7)
FNDA:0,(anonymous_8)
FNDA:0,(anonymous_9)
FNDA:0,(anonymous_10)
DA:21,0
DA:34,0
DA:35,0
DA:40,0
DA:41,0
DA:44,0
DA:47,0
DA:52,0
DA:53,0
DA:58,0
DA:61,0
DA:66,0
DA:69,0
DA:72,0
DA:74,0
DA:75,0
DA:101,0
DA:104,0
DA:105,0
DA:106,0
DA:114,0
DA:115,0
DA:117,0
DA:143,0
DA:149,0
DA:173,0
DA:179,0
DA:206,0
DA:212,0
DA:281,0
DA:287,0
DA:332,0
LF:32
LH:0
BRDA:34,0,0,0
BRDA:34,0,1,0
BRDA:36,1,0,0
BRDA:36,1,1,0
BRDA:42,2,0,0
BRDA:42,2,1,0
BRDA:45,3,0,0
BRDA:45,3,1,0
BRDA:48,4,0,0
BRDA:48,4,1,0
BRDA:52,5,0,0
BRDA:52,5,1,0
BRDA:54,6,0,0
BRDA:54,6,1,0
BRDA:59,7,0,0
BRDA:59,7,1,0
BRDA:62,8,0,0
BRDA:62,8,1,0
BRDA:67,9,0,0
BRDA:67,9,1,0
BRDA:69,10,0,0
BRDA:69,10,1,0
BRDA:72,11,0,0
BRDA:72,11,1,0
BRDA:81,12,0,0
BRDA:81,12,1,0
BRDA:84,13,0,0
BRDA:84,13,1,0
BRDA:90,14,0,0
BRDA:90,14,1,0
BRDA:90,15,0,0
BRDA:90,15,1,0
BRDA:94,16,0,0
BRDA:94,16,1,0
BRDA:94,17,0,0
BRDA:94,17,1,0
BRDA:98,18,0,0
BRDA:98,18,1,0
BRDA:147,19,0,0
BRDA:147,19,1,0
BRDA:167,20,0,0
BRDA:167,20,1,0
BRDA:177,21,0,0
BRDA:177,21,1,0
BRDA:184,22,0,0
BRDA:184,22,1,0
BRDA:210,23,0,0
BRDA:210,23,1,0
BRDA:217,24,0,0
BRDA:217,24,1,0
BRDA:238,25,0,0
BRDA:238,25,1,0
BRDA:261,26,0,0
BRDA:261,26,1,0
BRDA:285,27,0,0
BRDA:285,27,1,0
BRDA:323,28,0,0
BRDA:323,28,1,0
BRF:58
BRH:0
end_of_record
TN:
SF:components/ImpactChart.tsx
FN:13,ImpactChart
FN:25,(anonymous_1)
FN:30,(anonymous_2)
FNF:3
FNH:0
FNDA:0,ImpactChart
FNDA:0,(anonymous_1)
FNDA:0,(anonymous_2)
DA:10,0
DA:11,0
DA:14,0
DA:16,0
DA:17,0
DA:25,0
DA:26,0
DA:28,0
DA:31,0
DA:32,0
DA:34,0
DA:82,0
LF:12
LH:0
BRDA:13,0,0,0
BRDA:16,1,0,0
BRDA:16,1,1,0
BRDA:26,2,0,0
BRDA:26,2,1,0
BRDA:42,3,0,0
BRDA:42,3,1,0
BRDA:56,4,0,0
BRDA:56,4,1,0
BRDA:70,5,0,0
BRDA:70,5,1,0
BRDA:73,6,0,0
BRDA:73,6,1,0
BRF:13
BRH:0
end_of_record
TN:
SF:components/ImportButton.tsx
FN:13,ImportButton
FN:19,(anonymous_1)
FNF:2
FNH:2
FNDA:7,ImportButton
FNDA:4,(anonymous_1)
DA:19,7
DA:20,4
DA:21,4
DA:22,4
DA:28,4
DA:30,4
DA:31,1
DA:32,1
DA:36,3
DA:37,4
DA:38,0
DA:39,0
DA:42,4
DA:44,4
DA:47,3
DA:49,1
DA:54,3
DA:55,1
DA:58,0
DA:59,0
DA:63,7
DA:78,1
LF:22
LH:18
BRDA:16,0,0,6
BRDA:17,1,0,6
BRDA:30,2,0,1
BRDA:30,2,1,3
BRDA:37,3,0,0
BRDA:37,3,1,4
BRDA:54,4,0,1
BRDA:54,4,1,2
BRDA:65,5,0,7
BRDA:65,5,1,1
BRDA:67,6,0,7
BRDA:67,6,1,6
BRDA:69,7,0,1
BRDA:69,7,1,6
BRF:14
BRH:13
end_of_record
TN:
SF:components/LogTodayPrompt.tsx
FN:9,LogTodayPrompt
FNF:1
FNH:0
FNDA:0,LogTodayPrompt
DA:10,0
DA:30,0
LF:2
LH:0
BRF:0
BRH:0
end_of_record
TN:
SF:components/OnboardingForm.tsx
FN:19,OnboardingForm
FN:25,(anonymous_1)
FN:35,(anonymous_2)
FN:54,(anonymous_3)
FN:58,(anonymous_4)
FN:84,(anonymous_5)
FN:120,(anonymous_6)
FN:133,(anonymous_7)
FN:146,(anonymous_8)
FN:170,(anonymous_9)
FNF:10
FNH:0
FNDA:0,OnboardingForm
FNDA:0,(anonymous_1)
FNDA:0,(anonymous_2)
FNDA:0,(anonymous_3)
FNDA:0,(anonymous_4)
FNDA:0,(anonymous_5)
FNDA:0,(anonymous_6)
FNDA:0,(anonymous_7)
FNDA:0,(anonymous_8)
FNDA:0,(anonymous_9)
DA:20,0
DA:21,0
DA:22,0
DA:23,0
DA:25,0
DA:26,0
DA:27,0
DA:28,0
DA:29,0
DA:31,0
DA:32,0
DA:35,0
DA:36,0
DA:37,0
DA:39,0
DA:40,0
DA:41,0
DA:44,0
DA:45,0
DA:46,0
DA:49,0
DA:50,0
DA:51,0
DA:54,0
DA:55,0
DA:58,0
DA:59,0
DA:60,0
DA:64,0
DA:85,0
DA:86,0
DA:120,0
DA:133,0
DA:146,0
DA:170,0
DA:181,0
LF:36
LH:0
BRDA:27,0,0,0
BRDA:27,0,1,0
BRDA:27,1,0,0
BRDA:27,1,1,0
BRDA:27,1,2,0
BRDA:39,2,0,0
BRDA:39,2,1,0
BRDA:39,3,0,0
BRDA:39,3,1,0
BRDA:44,4,0,0
BRDA:44,4,1,0
BRDA:44,5,0,0
BRDA:44,5,1,0
BRDA:59,6,0,0
BRDA:59,6,1,0
BRDA:66,7,0,0
BRDA:66,7,1,0
BRDA:70,8,0,0
BRDA:70,8,1,0
BRDA:91,9,0,0
BRDA:91,9,1,0
BRDA:118,10,0,0
BRDA:118,10,1,0
BRDA:123,11,0,0
BRDA:123,11,1,0
BRDA:131,12,0,0
BRDA:131,12,1,0
BRDA:136,13,0,0
BRDA:136,13,1,0
BRDA:144,14,0,0
BRDA:144,14,1,0
BRDA:149,15,0,0
BRDA:149,15,1,0
BRDA:161,16,0,0
BRDA:161,16,1,0
BRF:35
BRH:0
end_of_record
TN:
SF:components/PlanStatsCard.tsx
FN:7,PlanStatsCard
FN:9,(anonymous_1)
FN:16,(anonymous_2)
FN:19,(anonymous_3)
FN:23,(anonymous_4)
FN:24,(anonymous_5)
FN:31,(anonymous_6)
FN:36,(anonymous_7)
FN:53,(anonymous_8)
FN:65,(anonymous_9)
FNF:10
FNH:0
FNDA:0,PlanStatsCard
FNDA:0,(anonymous_1)
FNDA:0,(anonymous_2)
FNDA:0,(anonymous_3)
FNDA:0,(anonymous_4)
FNDA:0,(anonymous_5)
FNDA:0,(anonymous_6)
FNDA:0,(anonymous_7)
FNDA:0,(anonymous_8)
FNDA:0,(anonymous_9)
DA:8,0
DA:9,0
DA:11,0
DA:12,0
DA:13,0
DA:16,0
DA:17,0
DA:19,0
DA:20,0
DA:23,0
DA:24,0
DA:26,0
DA:30,0
DA:31,0
DA:35,0
DA:36,0
DA:39,0
DA:42,0
DA:44,0
DA:45,0
DA:53,0
DA:61,0
DA:65,0
DA:151,0
LF:24
LH:0
BRDA:17,0,0,0
BRDA:17,0,1,0
BRDA:17,1,0,0
BRDA:17,1,1,0
BRDA:20,2,0,0
BRDA:20,2,1,0
BRDA:26,3,0,0
BRDA:26,3,1,0
BRDA:44,4,0,0
BRDA:44,4,1,0
BRDA:89,5,0,0
BRDA:89,5,1,0
BRDA:93,6,0,0
BRDA:93,6,1,0
BRDA:97,7,0,0
BRDA:97,7,1,0
BRDA:110,8,0,0
BRDA:110,8,1,0
BRDA:120,9,0,0
BRDA:120,9,1,0
BRDA:129,10,0,0
BRDA:129,10,1,0
BRDA:129,10,2,0
BRDA:138,11,0,0
BRDA:138,11,1,0
BRDA:138,11,2,0
BRF:26
BRH:0
end_of_record
TN:
SF:components/ProgressIndicator.tsx
FN:10,ProgressIndicator
FNF:1
FNH:0
FNDA:0,ProgressIndicator
DA:11,0
DA:12,0
DA:14,0
DA:42,0
LF:4
LH:0
BRDA:18,0,0,0
BRDA:18,0,1,0
BRDA:19,1,0,0
BRDA:19,1,1,0
BRDA:28,2,0,0
BRDA:28,2,1,0
BRF:6
BRH:0
end_of_record
TN:
SF:components/QuickActionsMenu.tsx
FN:39,QuickActionsMenu
FN:44,(anonymous_1)
FN:48,(anonymous_2)
FNF:3
FNH:0
FNDA:0,QuickActionsMenu
FNDA:0,(anonymous_1)
FNDA:0,(anonymous_2)
DA:12,0
DA:40,0
DA:45,0
DA:48,0
DA:60,0
LF:5
LH:0
BRF:0
BRH:0
end_of_record
TN:
SF:components/RateLimitStatus.tsx
FN:12,RateLimitStatus
FN:15,(anonymous_1)
FN:17,(anonymous_2)
FN:21,(anonymous_3)
FNF:4
FNH:0
FNDA:0,RateLimitStatus
FNDA:0,(anonymous_1)
FNDA:0,(anonymous_2)
FNDA:0,(anonymous_3)
DA:13,0
DA:14,0
DA:15,0
DA:17,0
DA:18,0
DA:21,0
DA:22,0
DA:23,0
DA:24,0
DA:26,0
DA:30,0
DA:31,0
DA:32,0
DA:35,0
DA:37,0
DA:41,0
DA:42,0
DA:49,0
DA:50,0
DA:53,0
DA:54,0
DA:55,0
DA:56,0
DA:58,0
DA:94,0
LF:25
LH:0
BRDA:24,0,0,0
BRDA:24,0,1,0
BRDA:30,1,0,0
BRDA:30,1,1,0
BRDA:41,2,0,0
BRDA:41,2,1,0
BRDA:49,3,0,0
BRDA:49,3,1,0
BRDA:73,4,0,0
BRDA:73,4,1,0
BRDA:73,5,0,0
BRDA:73,5,1,0
BRDA:80,6,0,0
BRDA:80,6,1,0
BRDA:85,7,0,0
BRDA:85,7,1,0
BRDA:85,7,2,0
BRF:17
BRH:0
end_of_record
TN:
SF:components/StatsCard.tsx
FN:13,StatsCard
FN:21,(anonymous_1)
FN:27,(anonymous_2)
FNF:3
FNH:0
FNDA:0,StatsCard
FNDA:0,(anonymous_1)
FNDA:0,(anonymous_2)
DA:21,0
DA:22,0
DA:23,0
DA:24,0
DA:27,0
DA:28,0
DA:29,0
DA:30,0
DA:33,0
DA:54,0
LF:10
LH:0
BRDA:16,0,0,0
BRDA:22,1,0,0
BRDA:22,1,1,0
BRDA:23,2,0,0
BRDA:23,2,1,0
BRDA:28,3,0,0
BRDA:28,3,1,0
BRDA:29,4,0,0
BRDA:29,4,1,0
BRDA:38,5,0,0
BRDA:38,5,1,0
BRDA:39,6,0,0
BRDA:39,6,1,0
BRDA:42,7,0,0
BRDA:42,7,1,0
BRDA:42,7,2,0
BRDA:49,8,0,0
BRDA:49,8,1,0
BRF:18
BRH:0
end_of_record
TN:
SF:components/StyledText.tsx
FN:3,MonoText
FNF:1
FNH:0
FNDA:0,MonoText
DA:4,0
LF:1
LH:0
BRF:0
BRH:0
end_of_record
TN:
SF:components/SyncButton.tsx
FN:17,SyncButton
FN:18,(anonymous_1)
FN:19,(anonymous_2)
FN:20,(anonymous_3)
FN:21,(anonymous_4)
FN:22,(anonymous_5)
FN:24,(anonymous_6)
FN:38,(anonymous_7)
FNF:8
FNH:0
FNDA:0,SyncButton
FNDA:0,(anonymous_1)
FNDA:0,(anonymous_2)
FNDA:0,(anonymous_3)
FNDA:0,(anonymous_4)
FNDA:0,(anonymous_5)
FNDA:0,(anonymous_6)
FNDA:0,(anonymous_7)
DA:18,0
DA:19,0
DA:20,0
DA:21,0
DA:22,0
DA:24,0
DA:25,0
DA:26,0
DA:27,0
DA:33,0
DA:34,0
DA:38,0
DA:39,0
DA:41,0
DA:42,0
DA:43,0
DA:44,0
DA:45,0
DA:47,0
DA:48,0
DA:49,0
DA:50,0
DA:53,0
DA:54,0
DA:57,0
DA:58,0
DA:73,0
DA:101,0
LF:28
LH:0
BRDA:17,0,0,0
BRDA:29,1,0,0
BRDA:29,1,1,0
BRDA:33,2,0,0
BRDA:33,2,1,0
BRDA:39,3,0,0
BRDA:39,3,1,0
BRDA:47,4,0,0
BRDA:47,4,1,0
BRDA:48,5,0,0
BRDA:48,5,1,0
BRDA:49,6,0,0
BRDA:49,6,1,0
BRDA:53,7,0,0
BRDA:53,7,1,0
BRDA:57,8,0,0
BRDA:57,8,1,0
BRDA:64,9,0,0
BRDA:64,9,1,0
BRDA:76,10,0,0
BRDA:76,10,1,0
BRDA:80,11,0,0
BRDA:80,11,1,0
BRDA:91,12,0,0
BRDA:91,12,1,0
BRF:25
BRH:0
end_of_record
TN:
SF:components/Themed.tsx
FN:19,useThemeColor
FN:33,Text
FN:40,View
FNF:3
FNH:0
FNDA:0,useThemeColor
FNDA:0,Text
FNDA:0,View
DA:23,0
DA:24,0
DA:26,0
DA:27,0
DA:29,0
DA:34,0
DA:35,0
DA:37,0
DA:41,0
DA:42,0
DA:44,0
LF:11
LH:0
BRDA:23,0,0,0
BRDA:23,0,1,0
BRDA:26,1,0,0
BRDA:26,1,1,0
BRF:4
BRH:0
end_of_record
TN:
SF:components/TodaysFocus.tsx
FN:10,TodaysFocus
FNF:1
FNH:0
FNDA:0,TodaysFocus
DA:11,0
DA:12,0
DA:21,0
DA:22,0
DA:23,0
DA:24,0
DA:26,0
DA:47,0
LF:8
LH:0
BRDA:11,0,0,0
BRDA:11,0,1,0
BRDA:22,1,0,0
BRDA:22,1,1,0
BRDA:23,2,0,0
BRDA:23,2,1,0
BRDA:24,3,0,0
BRDA:24,3,1,0
BRDA:38,4,0,0
BRDA:38,4,1,0
BRDA:38,4,2,0
BRF:11
BRH:0
end_of_record
TN:
SF:components/WhoopAuthButton.tsx
FN:18,WhoopAuthButton
FN:20,(anonymous_1)
FN:21,(anonymous_2)
FN:22,(anonymous_3)
FN:24,(anonymous_4)
FN:51,(anonymous_5)
FN:60,(anonymous_6)
FNF:7
FNH:0
FNDA:0,WhoopAuthButton
FNDA:0,(anonymous_1)
FNDA:0,(anonymous_2)
FNDA:0,(anonymous_3)
FNDA:0,(anonymous_4)
FNDA:0,(anonymous_5)
FNDA:0,(anonymous_6)
DA:19,0
DA:20,0
DA:21,0
DA:22,0
DA:24,0
DA:25,0
DA:26,0
DA:27,0
DA:28,0
DA:30,0
DA:31,0
DA:32,0
DA:33,0
DA:34,0
DA:36,0
DA:37,0
DA:40,0
DA:42,0
DA:43,0
DA:44,0
DA:45,0
DA:47,0
DA:51,0
DA:52,0
DA:61,0
DA:62,0
DA:69,0
DA:70,0
DA:86,0
DA:106,0
LF:30
LH:0
BRDA:30,0,0,0
BRDA:30,0,1,0
BRDA:42,1,0,0
BRDA:42,1,1,0
BRDA:69,2,0,0
BRDA:69,2,1,0
BRDA:92,3,0,0
BRDA:92,3,1,0
BRF:8
BRH:0
end_of_record
TN:
SF:components/useClientOnlyValue.ts
FN:2,useClientOnlyValue
FNF:1
FNH:0
FNDA:0,useClientOnlyValue
DA:3,0
LF:1
LH:0
BRF:0
BRH:0
end_of_record
TN:
SF:components/useClientOnlyValue.web.ts
FN:5,useClientOnlyValue
FN:7,(anonymous_1)
FNF:2
FNH:0
FNDA:0,useClientOnlyValue
FNDA:0,(anonymous_1)
DA:6,0
DA:7,0
DA:8,0
DA:11,0
LF:4
LH:0
BRF:0
BRH:0
end_of_record
TN:
SF:components/useColorScheme.ts
FNF:0
FNH:0
LF:0
LH:0
BRF:0
BRH:0
end_of_record
TN:
SF:components/useColorScheme.web.ts
FN:6,useColorScheme
FNF:1
FNH:0
FNDA:0,useColorScheme
DA:7,0
LF:1
LH:0
BRF:0
BRH:0
end_of_record
TN:
SF:lib/storage.ts
FN:10,saveToStorage
FN:20,loadFromStorage
FN:30,removeFromStorage
FN:39,clearAllStorage
FNF:4
FNH:0
FNDA:0,saveToStorage
FNDA:0,loadFromStorage
FNDA:0,removeFromStorage
FNDA:0,clearAllStorage
DA:3,0
DA:11,0
DA:12,0
DA:13,0
DA:15,0
DA:16,0
DA:21,0
DA:22,0
DA:23,0
DA:25,0
DA:26,0
DA:31,0
DA:32,0
DA:34,0
DA:35,0
DA:40,0
DA:41,0
DA:43,0
DA:44,0
LF:19
LH:0
BRDA:23,0,0,0
BRDA:23,0,1,0
BRF:2
BRH:0
end_of_record
TN:
SF:lib/correlations/analyzer.ts
FN:24,(anonymous_0)
FN:30,(anonymous_1)
FN:36,(anonymous_2)
FN:42,(anonymous_3)
FN:48,(anonymous_4)
FN:54,(anonymous_5)
FN:60,(anonymous_6)
FN:66,(anonymous_7)
FN:72,(anonymous_8)
FN:78,(anonymous_9)
FN:86,alignData
FN:125,analyzeHabit
FN:166,(anonymous_12)
FN:207,analyzeAllHabits
FN:222,(anonymous_14)
FN:234,getHabitConfigs
FN:241,rankByImpact
FN:242,(anonymous_17)
FNF:18
FNH:0
FNDA:0,(anonymous_0)
FNDA:0,(anonymous_1)
FNDA:0,(anonymous_2)
FNDA:0,(anonymous_3)
FNDA:0,(anonymous_4)
FNDA:0,(anonymous_5)
FNDA:0,(anonymous_6)
FNDA:0,(anonymous_7)
FNDA:0,(anonymous_8)
FNDA:0,(anonymous_9)
FNDA:0,alignData
FNDA:0,analyzeHabit
FNDA:0,(anonymous_12)
FNDA:0,analyzeAllHabits
FNDA:0,(anonymous_14)
FNDA:0,getHabitConfigs
FNDA:0,rankByImpact
FNDA:0,(anonymous_17)
DA:19,0
DA:24,0
DA:30,0
DA:36,0
DA:42,0
DA:48,0
DA:54,0
DA:60,0
DA:66,0
DA:72,0
DA:78,0
DA:92,0
DA:93,0
DA:94,0
DA:97,0
DA:98,0
DA:100,0
DA:101,0
DA:102,0
DA:105,0
DA:106,0
DA:107,0
DA:108,0
DA:109,0
DA:112,0
DA:113,0
DA:114,0
DA:115,0
DA:119,0
DA:131,0
DA:138,0
DA:139,0
DA:142,0
DA:143,0
DA:144,0
DA:147,0
DA:148,0
DA:150,0
DA:151,0
DA:152,0
DA:154,0
DA:155,0
DA:156,0
DA:158,0
DA:162,0
DA:163,0
DA:166,0
DA:167,0
DA:169,0
DA:170,0
DA:172,0
DA:173,0
DA:174,0
DA:176,0
DA:180,0
DA:181,0
DA:184,0
DA:188,0
DA:199,0
DA:200,0
DA:212,0
DA:214,0
DA:215,0
DA:216,0
DA:217,0
DA:222,0
DA:224,0
DA:235,0
DA:242,0
DA:244,0
DA:245,0
DA:246,0
LF:72
LH:0
BRDA:36,0,0,0
BRDA:36,0,1,0
BRDA:42,1,0,0
BRDA:42,1,1,0
BRDA:48,2,0,0
BRDA:48,2,1,0
BRDA:54,3,0,0
BRDA:54,3,1,0
BRDA:54,4,0,0
BRDA:54,4,1,0
BRDA:60,5,0,0
BRDA:60,5,1,0
BRDA:66,6,0,0
BRDA:66,6,1,0
BRDA:66,7,0,0
BRDA:66,7,1,0
BRDA:78,8,0,0
BRDA:78,8,1,0
BRDA:90,9,0,0
BRDA:102,10,0,0
BRDA:102,10,1,0
BRDA:106,11,0,0
BRDA:106,11,1,0
BRDA:113,12,0,0
BRDA:113,12,1,0
BRDA:129,13,0,0
BRDA:138,14,0,0
BRDA:138,14,1,0
BRDA:150,15,0,0
BRDA:150,15,1,0
BRDA:155,16,0,0
BRDA:155,16,1,0
BRDA:162,17,0,0
BRDA:162,17,1,0
BRDA:163,18,0,0
BRDA:163,18,1,0
BRDA:173,19,0,0
BRDA:173,19,1,0
BRDA:180,20,0,0
BRDA:180,20,1,0
BRDA:181,21,0,0
BRDA:181,21,1,0
BRDA:184,22,0,0
BRDA:184,22,1,0
BRDA:210,23,0,0
BRDA:216,24,0,0
BRDA:216,24,1,0
BRDA:244,25,0,0
BRDA:244,25,1,0
BRDA:244,26,0,0
BRDA:244,26,1,0
BRDA:245,27,0,0
BRDA:245,27,1,0
BRDA:245,28,0,0
BRDA:245,28,1,0
BRF:55
BRH:0
end_of_record
TN:
SF:lib/correlations/calculator.ts
FN:5,calculateCorrelation
FN:16,(anonymous_1)
FN:17,(anonymous_2)
FN:44,calculateMean
FN:46,(anonymous_4)
FN:52,calculateStdDev
FN:55,(anonymous_6)
FN:56,(anonymous_7)
FN:63,calculatePercentageDiff
FNF:9
FNH:0
FNDA:0,calculateCorrelation
FNDA:0,(anonymous_1)
FNDA:0,(anonymous_2)
FNDA:0,calculateMean
FNDA:0,(anonymous_4)
FNDA:0,calculateStdDev
FNDA:0,(anonymous_6)
FNDA:0,(anonymous_7)
FNDA:0,calculatePercentageDiff
DA:6,0
DA:7,0
DA:10,0
DA:11,0
DA:12,0
DA:16,0
DA:17,0
DA:20,0
DA:21,0
DA:22,0
DA:24,0
DA:25,0
DA:26,0
DA:27,0
DA:28,0
DA:29,0
DA:33,0
DA:34,0
DA:37,0
DA:38,0
DA:45,0
DA:46,0
DA:53,0
DA:54,0
DA:55,0
DA:56,0
DA:57,0
DA:64,0
DA:65,0
LF:29
LH:0
BRDA:6,0,0,0
BRDA:6,0,1,0
BRDA:11,1,0,0
BRDA:11,1,1,0
BRDA:33,2,0,0
BRDA:33,2,1,0
BRDA:33,3,0,0
BRDA:33,3,1,0
BRDA:45,4,0,0
BRDA:45,4,1,0
BRDA:53,5,0,0
BRDA:53,5,1,0
BRDA:64,6,0,0
BRDA:64,6,1,0
BRF:14
BRH:0
end_of_record
TN:
SF:lib/correlations/significance.ts
FN:13,calculateSignificance
FN:49,approximatePValue
FN:86,getMinSampleSize
FN:101,isSampleSufficient
FNF:4
FNH:0
FNDA:0,calculateSignificance
FNDA:0,approximatePValue
FNDA:0,getMinSampleSize
FNDA:0,isSampleSufficient
DA:17,0
DA:20,0
DA:25,0
DA:31,0
DA:32,0
DA:33,0
DA:34,0
DA:35,0
DA:36,0
DA:38,0
DA:39,0
DA:42,0
DA:50,0
DA:58,0
DA:59,0
DA:60,0
DA:61,0
DA:62,0
DA:65,0
DA:66,0
DA:67,0
DA:68,0
DA:69,0
DA:72,0
DA:73,0
DA:74,0
DA:75,0
DA:76,0
DA:80,0
DA:87,0
DA:89,0
DA:91,0
DA:94,0
DA:102,0
LF:34
LH:0
BRDA:31,0,0,0
BRDA:31,0,1,0
BRDA:31,1,0,0
BRDA:31,1,1,0
BRDA:31,1,2,0
BRDA:34,2,0,0
BRDA:34,2,1,0
BRDA:34,3,0,0
BRDA:34,3,1,0
BRDA:34,3,2,0
BRDA:58,4,0,0
BRDA:58,4,1,0
BRDA:59,5,0,0
BRDA:59,5,1,0
BRDA:60,6,0,0
BRDA:60,6,1,0
BRDA:61,7,0,0
BRDA:61,7,1,0
BRDA:65,8,0,0
BRDA:65,8,1,0
BRDA:66,9,0,0
BRDA:66,9,1,0
BRDA:67,10,0,0
BRDA:67,10,1,0
BRDA:68,11,0,0
BRDA:68,11,1,0
BRDA:72,12,0,0
BRDA:72,12,1,0
BRDA:73,13,0,0
BRDA:73,13,1,0
BRDA:74,14,0,0
BRDA:74,14,1,0
BRDA:75,15,0,0
BRDA:75,15,1,0
BRDA:87,16,0,0
BRDA:87,16,1,0
BRDA:87,16,2,0
BRDA:87,16,3,0
BRF:38
BRH:0
end_of_record
TN:
SF:lib/goals/tracker.ts
FN:16,percentileToTargetHrv
FN:44,calculateGoalProgress
FN:66,(anonymous_2)
FN:71,(anonymous_3)
FN:85,(anonymous_4)
FN:86,(anonymous_5)
FNF:6
FNH:0
FNDA:0,percentileToTargetHrv
FNDA:0,calculateGoalProgress
FNDA:0,(anonymous_2)
FNDA:0,(anonymous_3)
FNDA:0,(anonymous_4)
FNDA:0,(anonymous_5)
DA:21,0
DA:23,0
DA:24,0
DA:26,0
DA:28,0
DA:29,0
DA:31,0
DA:33,0
DA:34,0
DA:37,0
DA:38,0
DA:48,0
DA:49,0
DA:52,0
DA:59,0
DA:60,0
DA:62,0
DA:63,0
DA:66,0
DA:67,0
DA:70,0
DA:71,0
DA:72,0
DA:74,0
DA:75,0
DA:76,0
DA:78,0
DA:83,0
DA:84,0
DA:85,0
DA:86,0
DA:88,0
DA:89,0
DA:90,0
DA:91,0
DA:95,0
DA:107,0
LF:37
LH:0
BRDA:23,0,0,0
BRDA:23,0,1,0
BRDA:26,1,0,0
BRDA:26,1,1,0
BRDA:31,2,0,0
BRDA:31,2,1,0
BRDA:48,3,0,0
BRDA:48,3,1,0
BRDA:48,4,0,0
BRDA:48,4,1,0
BRDA:62,5,0,0
BRDA:62,5,1,0
BRDA:66,6,0,0
BRDA:66,6,1,0
BRDA:75,7,0,0
BRDA:75,7,1,0
BRDA:84,8,0,0
BRDA:84,8,1,0
BRDA:85,9,0,0
BRDA:85,9,1,0
BRDA:86,10,0,0
BRDA:86,10,1,0
BRDA:88,11,0,0
BRDA:88,11,1,0
BRDA:90,12,0,0
BRDA:90,12,1,0
BRDA:91,13,0,0
BRDA:91,13,1,0
BRF:28
BRH:0
end_of_record
TN:
SF:lib/hrv/percentile.ts
FN:14,getPercentile
FN:47,getPercentileDescription
FN:58,getOrdinalSuffix
FNF:3
FNH:0
FNDA:0,getPercentile
FNDA:0,getPercentileDescription
FNDA:0,getOrdinalSuffix
DA:15,0
DA:16,0
DA:20,0
DA:22,0
DA:23,0
DA:25,0
DA:26,0
DA:28,0
DA:31,0
DA:34,0
DA:36,0
DA:48,0
DA:49,0
DA:50,0
DA:51,0
DA:52,0
DA:59,0
DA:60,0
DA:61,0
LF:19
LH:0
BRDA:20,0,0,0
BRDA:20,0,1,0
BRDA:23,1,0,0
BRDA:23,1,1,0
BRDA:26,2,0,0
BRDA:26,2,1,0
BRDA:34,3,0,0
BRDA:34,3,1,0
BRDA:34,4,0,0
BRDA:34,4,1,0
BRDA:48,5,0,0
BRDA:48,5,1,0
BRDA:49,6,0,0
BRDA:49,6,1,0
BRDA:50,7,0,0
BRDA:50,7,1,0
BRDA:51,8,0,0
BRDA:51,8,1,0
BRDA:61,9,0,0
BRDA:61,9,1,0
BRDA:61,9,2,0
BRF:21
BRH:0
end_of_record
TN:
SF:lib/hrv/statistics.ts
FN:15,calculateAverage
FN:17,(anonymous_1)
FN:24,getReadingsForLastDays
FN:35,(anonymous_3)
FN:41,calculateRollingAverage
FN:50,(anonymous_5)
FN:66,calculateStatistics
FN:79,(anonymous_7)
FN:83,(anonymous_8)
FN:84,(anonymous_9)
FN:85,(anonymous_10)
FN:86,(anonymous_11)
FN:125,calculateChange
FNF:13
FNH:0
FNDA:0,calculateAverage
FNDA:0,(anonymous_1)
FNDA:0,getReadingsForLastDays
FNDA:0,(anonymous_3)
FNDA:0,calculateRollingAverage
FNDA:0,(anonymous_5)
FNDA:0,calculateStatistics
FNDA:0,(anonymous_7)
FNDA:0,(anonymous_8)
FNDA:0,(anonymous_9)
FNDA:0,(anonymous_10)
FNDA:0,(anonymous_11)
FNDA:0,calculateChange
DA:16,0
DA:17,0
DA:18,0
DA:28,0
DA:29,0
DA:31,0
DA:32,0
DA:33,0
DA:35,0
DA:45,0
DA:47,0
DA:48,0
DA:49,0
DA:50,0
DA:52,0
DA:53,0
DA:60,0
DA:67,0
DA:68,0
DA:79,0
DA:80,0
DA:83,0
DA:84,0
DA:85,0
DA:86,0
DA:89,0
DA:90,0
DA:93,0
DA:94,0
DA:97,0
DA:98,0
DA:99,0
DA:100,0
DA:101,0
DA:102,0
DA:103,0
DA:104,0
DA:105,0
DA:107,0
DA:112,0
DA:129,0
DA:130,0
DA:133,0
DA:134,0
DA:136,0
LF:45
LH:0
BRDA:16,0,0,0
BRDA:16,0,1,0
BRDA:52,1,0,0
BRDA:52,1,1,0
BRDA:67,2,0,0
BRDA:67,2,1,0
BRDA:98,3,0,0
BRDA:98,3,1,0
BRDA:98,4,0,0
BRDA:98,4,1,0
BRDA:100,5,0,0
BRDA:100,5,1,0
BRDA:102,6,0,0
BRDA:102,6,1,0
BRDA:104,7,0,0
BRDA:104,7,1,0
BRDA:114,8,0,0
BRDA:114,8,1,0
BRDA:115,9,0,0
BRDA:115,9,1,0
BRDA:129,10,0,0
BRDA:129,10,1,0
BRDA:134,11,0,0
BRDA:134,11,1,0
BRDA:134,12,0,0
BRDA:134,12,1,0
BRF:26
BRH:0
end_of_record
TN:
SF:lib/recommendations/engine.ts
FN:13,analyzeHabitFrequency
FN:53,generateRecommendations
FN:108,(anonymous_2)
FN:118,getTodaysFocus
FN:133,(anonymous_4)
FN:140,(anonymous_5)
FN:149,generateWeeklyPlan
FN:160,(anonymous_7)
FNF:8
FNH:0
FNDA:0,analyzeHabitFrequency
FNDA:0,generateRecommendations
FNDA:0,(anonymous_2)
FNDA:0,getTodaysFocus
FNDA:0,(anonymous_4)
FNDA:0,(anonymous_5)
FNDA:0,generateWeeklyPlan
FNDA:0,(anonymous_7)
DA:14,0
DA:15,0
DA:17,0
DA:20,0
DA:29,0
DA:30,0
DA:31,0
DA:32,0
DA:33,0
DA:34,0
DA:35,0
DA:38,0
DA:39,0
DA:47,0
DA:58,0
DA:59,0
DA:62,0
DA:63,0
DA:65,0
DA:67,0
DA:68,0
DA:71,0
DA:72,0
DA:75,0
DA:77,0
DA:78,0
DA:79,0
DA:91,0
DA:93,0
DA:94,0
DA:95,0
DA:108,0
DA:111,0
DA:122,0
DA:125,0
DA:126,0
DA:128,0
DA:129,0
DA:130,0
DA:132,0
DA:133,0
DA:136,0
DA:140,0
DA:141,0
DA:143,0
DA:152,0
DA:155,0
DA:156,0
DA:160,0
DA:162,0
DA:164,0
DA:165,0
DA:168,0
LF:53
LH:0
BRDA:17,0,0,0
BRDA:17,0,1,0
BRDA:30,1,0,0
BRDA:30,1,1,0
BRDA:31,2,0,0
BRDA:31,2,1,0
BRDA:32,3,0,0
BRDA:32,3,1,0
BRDA:33,4,0,0
BRDA:33,4,1,0
BRDA:34,5,0,0
BRDA:34,5,1,0
BRDA:35,6,0,0
BRDA:35,6,1,0
BRDA:56,7,0,0
BRDA:58,8,0,0
BRDA:58,8,1,0
BRDA:58,9,0,0
BRDA:58,9,1,0
BRDA:67,10,0,0
BRDA:67,10,1,0
BRDA:67,11,0,0
BRDA:67,11,1,0
BRDA:72,12,0,0
BRDA:72,12,1,0
BRDA:75,13,0,0
BRDA:75,13,1,0
BRDA:75,14,0,0
BRDA:75,14,1,0
BRDA:77,15,0,0
BRDA:77,15,1,0
BRDA:91,16,0,0
BRDA:91,16,1,0
BRDA:91,17,0,0
BRDA:91,17,1,0
BRDA:93,18,0,0
BRDA:93,18,1,0
BRDA:122,19,0,0
BRDA:122,19,1,0
BRDA:125,20,0,0
BRDA:125,20,1,0
BRDA:128,21,0,0
BRDA:128,21,1,0
BRDA:129,22,0,0
BRDA:129,22,1,0
BRDA:130,23,0,0
BRDA:130,23,1,0
BRDA:133,24,0,0
BRDA:133,24,1,0
BRDA:136,25,0,0
BRDA:136,25,1,0
BRDA:141,26,0,0
BRDA:141,26,1,0
BRF:53
BRH:0
end_of_record
TN:
SF:lib/whoop/api.ts
FN:15,whoopFetch
FN:75,getCycle
FN:85,getCycles
FN:103,getRecovery
FN:116,fetchWhoopHRVData
FN:126,(anonymous_5)
FN:158,(anonymous_6)
FN:170,fetchLatestWhoopHRV
FNF:8
FNH:0
FNDA:0,whoopFetch
FNDA:0,getCycle
FNDA:0,getCycles
FNDA:0,getRecovery
FNDA:0,fetchWhoopHRVData
FNDA:0,(anonymous_5)
FNDA:0,(anonymous_6)
FNDA:0,fetchLatestWhoopHRV
DA:10,2
DA:19,0
DA:26,0
DA:28,0
DA:29,0
DA:30,0
DA:33,0
DA:34,0
DA:35,0
DA:42,0
DA:49,0
DA:50,0
DA:55,0
DA:58,0
DA:59,0
DA:63,0
DA:64,0
DA:69,0
DA:79,0
DA:90,0
DA:97,0
DA:107,0
DA:121,0
DA:123,0
DA:126,0
DA:129,0
DA:131,0
DA:132,0
DA:133,0
DA:136,0
DA:140,0
DA:149,0
DA:152,0
DA:158,0
DA:160,0
DA:162,0
DA:163,0
DA:173,0
DA:174,0
DA:178,0
DA:180,0
LF:41
LH:1
BRDA:26,0,0,0
BRDA:26,0,1,0
BRDA:29,1,0,0
BRDA:29,1,1,0
BRDA:49,2,0,0
BRDA:49,2,1,0
BRDA:63,3,0,0
BRDA:63,3,1,0
BRDA:136,4,0,0
BRDA:136,4,1,0
BRDA:137,5,0,0
BRDA:137,5,1,0
BRDA:180,6,0,0
BRDA:180,6,1,0
BRF:14
BRH:0
end_of_record
TN:
SF:lib/whoop/auth.ts
FN:21,generateCodeChallenge
FN:37,startWhoopAuth
FN:99,exchangeCodeForTokens
FN:119,refreshWhoopToken
FNF:4
FNH:0
FNDA:0,generateCodeChallenge
FNDA:0,startWhoopAuth
FNDA:0,exchangeCodeForTokens
FNDA:0,refreshWhoopToken
DA:5,2
DA:6,2
DA:7,2
DA:9,2
DA:22,0
DA:28,0
DA:38,0
DA:40,0
DA:43,0
DA:46,0
DA:54,0
DA:57,0
DA:59,0
DA:61,0
DA:62,0
DA:63,0
DA:66,0
DA:67,0
DA:71,0
DA:72,0
DA:73,0
DA:75,0
DA:76,0
DA:78,0
DA:79,0
DA:82,0
DA:83,0
DA:87,0
DA:88,0
DA:91,0
DA:92,0
DA:100,0
DA:108,0
DA:109,0
DA:110,0
DA:113,0
DA:122,0
DA:130,0
DA:131,0
DA:132,0
DA:135,0
LF:41
LH:4
BRDA:61,0,0,0
BRDA:61,0,1,0
BRDA:66,1,0,0
BRDA:66,1,1,0
BRDA:75,2,0,0
BRDA:75,2,1,0
BRDA:78,3,0,0
BRDA:78,3,1,0
BRDA:82,4,0,0
BRDA:82,4,1,0
BRDA:108,5,0,0
BRDA:108,5,1,0
BRDA:110,6,0,0
BRDA:110,6,1,0
BRDA:130,7,0,0
BRDA:130,7,1,0
BRDA:132,8,0,0
BRDA:132,8,1,0
BRF:18
BRH:0
end_of_record
TN:
SF:lib/whoop/parser.ts
FN:12,generateId
FN:16,parseDate
FN:30,parseNumber
FN:42,parseWhoopCsv
FN:52,(anonymous_4)
FN:56,(anonymous_5)
FN:94,(anonymous_6)
FN:99,validateWhoopCsv
FNF:8
FNH:7
FNDA:18,generateId
FNDA:21,parseDate
FNDA:63,parseNumber
FNDA:12,parseWhoopCsv
FNDA:60,(anonymous_4)
FNDA:0,(anonymous_5)
FNDA:6,(anonymous_6)
FNDA:9,validateWhoopCsv
DA:13,18
DA:17,21
DA:20,21
DA:22,21
DA:23,0
DA:27,21
DA:31,63
DA:32,30
DA:33,30
DA:43,12
DA:49,12
DA:52,60
DA:55,12
DA:56,0
DA:59,12
DA:61,12
DA:62,21
DA:63,21
DA:64,21
DA:65,21
DA:68,21
DA:69,3
DA:70,3
DA:74,18
DA:75,0
DA:76,0
DA:78,18
DA:80,18
DA:90,18
DA:94,12
DA:96,12
DA:100,9
DA:102,9
DA:107,9
DA:108,16
DA:109,2
DA:116,7
LF:37
LH:33
BRDA:17,0,0,0
BRDA:17,0,1,21
BRDA:22,1,0,0
BRDA:22,1,1,21
BRDA:31,2,0,33
BRDA:31,2,1,30
BRDA:31,3,0,63
BRDA:31,3,1,30
BRDA:33,4,0,1
BRDA:33,4,1,29
BRDA:55,5,0,0
BRDA:55,5,1,12
BRDA:62,6,0,21
BRDA:62,6,1,0
BRDA:68,7,0,3
BRDA:68,7,1,18
BRDA:68,8,0,21
BRDA:68,8,1,21
BRDA:74,9,0,0
BRDA:74,9,1,18
BRDA:84,10,0,18
BRDA:84,10,1,10
BRDA:85,11,0,18
BRDA:85,11,1,16
BRDA:108,12,0,2
BRDA:108,12,1,14
BRF:26
BRH:21
end_of_record
TN:
SF:stores/achievementStore.ts
FN:19,(anonymous_0)
FN:23,(anonymous_1)
FN:24,(anonymous_2)
FN:44,(anonymous_3)
FN:56,(anonymous_4)
FN:57,(anonymous_5)
FN:61,(anonymous_6)
FN:62,(anonymous_7)
FN:65,(anonymous_8)
FN:66,(anonymous_9)
FN:82,(anonymous_10)
FN:91,(anonymous_11)
FN:97,(anonymous_12)
FN:98,(anonymous_13)
FN:98,(anonymous_14)
FN:108,checkAchievements
FNF:16
FNH:0
FNDA:0,(anonymous_0)
FNDA:0,(anonymous_1)
FNDA:0,(anonymous_2)
FNDA:0,(anonymous_3)
FNDA:0,(anonymous_4)
FNDA:0,(anonymous_5)
FNDA:0,(anonymous_6)
FNDA:0,(anonymous_7)
FNDA:0,(anonymous_8)
FNDA:0,(anonymous_9)
FNDA:0,(anonymous_10)
FNDA:0,(anonymous_11)
FNDA:0,(anonymous_12)
FNDA:0,(anonymous_13)
FNDA:0,(anonymous_14)
FNDA:0,checkAchievements
DA:17,0
DA:19,0
DA:24,0
DA:25,0
DA:26,0
DA:29,0
DA:30,0
DA:31,0
DA:34,0
DA:41,0
DA:43,0
DA:45,0
DA:50,0
DA:53,0
DA:57,0
DA:58,0
DA:62,0
DA:66,0
DA:67,0
DA:69,0
DA:71,0
DA:80,0
DA:81,0
DA:83,0
DA:87,0
DA:92,0
DA:97,0
DA:98,0
DA:99,0
DA:116,0
DA:117,0
DA:120,0
DA:121,0
DA:123,0
DA:124,0
DA:126,0
DA:127,0
DA:131,0
DA:132,0
DA:136,0
DA:137,0
DA:139,0
DA:140,0
DA:142,0
DA:143,0
DA:147,0
DA:148,0
DA:150,0
DA:151,0
DA:155,0
DA:156,0
DA:158,0
DA:159,0
DA:162,0
LF:54
LH:0
BRDA:25,0,0,0
BRDA:25,0,1,0
BRDA:30,1,0,0
BRDA:30,1,1,0
BRDA:41,2,0,0
BRDA:41,2,1,0
BRDA:45,3,0,0
BRDA:45,3,1,0
BRDA:69,4,0,0
BRDA:69,4,1,0
BRDA:80,5,0,0
BRDA:80,5,1,0
BRDA:83,6,0,0
BRDA:83,6,1,0
BRDA:120,7,0,0
BRDA:120,7,1,0
BRDA:120,8,0,0
BRDA:120,8,1,0
BRDA:123,9,0,0
BRDA:123,9,1,0
BRDA:123,10,0,0
BRDA:123,10,1,0
BRDA:126,11,0,0
BRDA:126,11,1,0
BRDA:126,12,0,0
BRDA:126,12,1,0
BRDA:131,13,0,0
BRDA:131,13,1,0
BRDA:131,14,0,0
BRDA:131,14,1,0
BRDA:136,15,0,0
BRDA:136,15,1,0
BRDA:136,16,0,0
BRDA:136,16,1,0
BRDA:139,17,0,0
BRDA:139,17,1,0
BRDA:139,18,0,0
BRDA:139,18,1,0
BRDA:142,19,0,0
BRDA:142,19,1,0
BRDA:142,20,0,0
BRDA:142,20,1,0
BRDA:147,21,0,0
BRDA:147,21,1,0
BRDA:147,22,0,0
BRDA:147,22,1,0
BRDA:150,23,0,0
BRDA:150,23,1,0
BRDA:150,24,0,0
BRDA:150,24,1,0
BRDA:155,25,0,0
BRDA:155,25,1,0
BRDA:155,26,0,0
BRDA:155,26,1,0
BRDA:158,27,0,0
BRDA:158,27,1,0
BRDA:158,28,0,0
BRDA:158,28,1,0
BRF:58
BRH:0
end_of_record
TN:
SF:stores/aiPlanStore.ts
FN:48,generateId
FN:55,(anonymous_1)
FN:61,(anonymous_2)
FN:65,(anonymous_3)
FN:71,(anonymous_4)
FN:76,(anonymous_5)
FN:77,(anonymous_6)
FN:78,(anonymous_7)
FN:84,(anonymous_8)
FN:85,(anonymous_9)
FN:88,(anonymous_10)
FN:94,(anonymous_11)
FN:95,(anonymous_12)
FN:98,(anonymous_13)
FN:103,(anonymous_14)
FN:104,(anonymous_15)
FN:115,(anonymous_16)
FN:116,(anonymous_17)
FN:121,(anonymous_18)
FN:125,(anonymous_19)
FN:129,(anonymous_20)
FN:133,(anonymous_21)
FN:141,(anonymous_22)
FN:143,(anonymous_23)
FN:145,(anonymous_24)
FN:157,(anonymous_25)
FN:163,(anonymous_26)
FN:164,(anonymous_27)
FN:164,(anonymous_28)
FN:168,(anonymous_29)
FNF:30
FNH:19
FNDA:0,generateId
FNDA:1,(anonymous_1)
FNDA:0,(anonymous_2)
FNDA:4,(anonymous_3)
FNDA:4,(anonymous_4)
FNDA:1,(anonymous_5)
FNDA:1,(anonymous_6)
FNDA:1,(anonymous_7)
FNDA:1,(anonymous_8)
FNDA:1,(anonymous_9)
FNDA:1,(anonymous_10)
FNDA:1,(anonymous_11)
FNDA:0,(anonymous_12)
FNDA:1,(anonymous_13)
FNDA:1,(anonymous_14)
FNDA:1,(anonymous_15)
FNDA:0,(anonymous_16)
FNDA:0,(anonymous_17)
FNDA:0,(anonymous_18)
FNDA:0,(anonymous_19)
FNDA:1,(anonymous_20)
FNDA:1,(anonymous_21)
FNDA:0,(anonymous_22)
FNDA:0,(anonymous_23)
FNDA:0,(anonymous_24)
FNDA:0,(anonymous_25)
FNDA:1,(anonymous_26)
FNDA:1,(anonymous_27)
FNDA:1,(anonymous_28)
FNDA:9,(anonymous_29)
DA:49,0
DA:53,1
DA:55,1
DA:62,0
DA:66,4
DA:71,4
DA:77,1
DA:79,1
DA:85,1
DA:89,1
DA:90,1
DA:91,1
DA:93,1
DA:94,1
DA:95,0
DA:99,1
DA:100,1
DA:104,1
DA:105,1
DA:107,1
DA:108,1
DA:109,1
DA:116,0
DA:117,0
DA:119,0
DA:120,0
DA:121,0
DA:126,0
DA:130,1
DA:131,1
DA:133,1
DA:134,1
DA:135,1
DA:138,1
DA:142,0
DA:143,0
DA:145,0
DA:146,0
DA:147,0
DA:150,0
DA:158,0
DA:163,1
DA:164,1
DA:165,1
DA:168,9
LF:45
LH:29
BRDA:68,0,0,4
BRDA:68,0,1,0
BRDA:79,1,0,1
BRDA:79,1,1,0
BRDA:105,2,0,0
BRDA:105,2,1,1
BRDA:108,3,0,1
BRDA:108,3,1,0
BRDA:117,4,0,0
BRDA:117,4,1,0
BRDA:131,5,0,0
BRDA:131,5,1,1
BRDA:146,6,0,0
BRDA:146,6,1,0
BRDA:153,7,0,0
BRDA:153,7,1,0
BRF:16
BRH:5
end_of_record
TN:
SF:stores/chatStore.ts
FN:29,generateId
FN:36,(anonymous_1)
FN:42,(anonymous_2)
FN:52,(anonymous_3)
FN:60,(anonymous_4)
FN:61,(anonymous_5)
FN:62,(anonymous_6)
FN:67,(anonymous_7)
FN:71,(anonymous_8)
FN:73,(anonymous_9)
FN:76,(anonymous_10)
FN:83,(anonymous_11)
FN:84,(anonymous_12)
FN:96,(anonymous_13)
FN:97,(anonymous_14)
FN:98,(anonymous_15)
FN:102,(anonymous_16)
FN:112,(anonymous_17)
FN:113,(anonymous_18)
FN:120,(anonymous_19)
FN:125,(anonymous_20)
FN:131,(anonymous_21)
FN:132,(anonymous_22)
FN:132,(anonymous_23)
FNF:24
FNH:0
FNDA:0,generateId
FNDA:0,(anonymous_1)
FNDA:0,(anonymous_2)
FNDA:0,(anonymous_3)
FNDA:0,(anonymous_4)
FNDA:0,(anonymous_5)
FNDA:0,(anonymous_6)
FNDA:0,(anonymous_7)
FNDA:0,(anonymous_8)
FNDA:0,(anonymous_9)
FNDA:0,(anonymous_10)
FNDA:0,(anonymous_11)
FNDA:0,(anonymous_12)
FNDA:0,(anonymous_13)
FNDA:0,(anonymous_14)
FNDA:0,(anonymous_15)
FNDA:0,(anonymous_16)
FNDA:0,(anonymous_17)
FNDA:0,(anonymous_18)
FNDA:0,(anonymous_19)
FNDA:0,(anonymous_20)
FNDA:0,(anonymous_21)
FNDA:0,(anonymous_22)
FNDA:0,(anonymous_23)
DA:30,0
DA:34,0
DA:36,0
DA:43,0
DA:44,0
DA:52,0
DA:57,0
DA:61,0
DA:62,0
DA:68,0
DA:72,0
DA:73,0
DA:77,0
DA:83,0
DA:85,0
DA:97,0
DA:99,0
DA:103,0
DA:113,0
DA:114,0
DA:117,0
DA:121,0
DA:122,0
DA:126,0
DA:131,0
DA:132,0
DA:133,0
LF:27
LH:0
BRDA:46,0,0,0
BRDA:46,0,1,0
BRDA:63,1,0,0
BRDA:63,1,1,0
BRDA:73,2,0,0
BRDA:73,2,1,0
BRDA:79,3,0,0
BRDA:79,3,1,0
BRDA:80,4,0,0
BRDA:80,4,1,0
BRDA:85,5,0,0
BRDA:85,5,1,0
BRDA:99,6,0,0
BRDA:99,6,1,0
BRDA:103,7,0,0
BRDA:103,7,1,0
BRDA:112,8,0,0
BRDA:114,9,0,0
BRDA:114,9,1,0
BRF:19
BRH:0
end_of_record
TN:
SF:stores/habitStore.ts
FN:19,generateId
FN:26,(anonymous_1)
FN:30,(anonymous_2)
FN:38,(anonymous_3)
FN:54,(anonymous_4)
FN:56,(anonymous_5)
FN:62,(anonymous_6)
FN:64,(anonymous_7)
FN:68,(anonymous_8)
FN:69,(anonymous_9)
FN:72,(anonymous_10)
FN:75,(anonymous_11)
FN:77,(anonymous_12)
FN:80,(anonymous_13)
FN:81,(anonymous_14)
FN:84,(anonymous_15)
FN:88,(anonymous_16)
FN:94,(anonymous_17)
FN:95,(anonymous_18)
FN:95,(anonymous_19)
FN:103,calculateStreak
FN:111,(anonymous_21)
FN:150,getDatesWithEntries
FN:151,(anonymous_23)
FNF:24
FNH:0
FNDA:0,generateId
FNDA:0,(anonymous_1)
FNDA:0,(anonymous_2)
FNDA:0,(anonymous_3)
FNDA:0,(anonymous_4)
FNDA:0,(anonymous_5)
FNDA:0,(anonymous_6)
FNDA:0,(anonymous_7)
FNDA:0,(anonymous_8)
FNDA:0,(anonymous_9)
FNDA:0,(anonymous_10)
FNDA:0,(anonymous_11)
FNDA:0,(anonymous_12)
FNDA:0,(anonymous_13)
FNDA:0,(anonymous_14)
FNDA:0,(anonymous_15)
FNDA:0,(anonymous_16)
FNDA:0,(anonymous_17)
FNDA:0,(anonymous_18)
FNDA:0,(anonymous_19)
FNDA:0,calculateStreak
FNDA:0,(anonymous_21)
FNDA:0,getDatesWithEntries
FNDA:0,(anonymous_23)
DA:20,0
DA:24,0
DA:26,0
DA:31,0
DA:37,0
DA:38,0
DA:41,0
DA:43,0
DA:44,0
DA:45,0
DA:46,0
DA:49,0
DA:50,0
DA:55,0
DA:57,0
DA:63,0
DA:64,0
DA:69,0
DA:73,0
DA:75,0
DA:77,0
DA:81,0
DA:85,0
DA:89,0
DA:94,0
DA:95,0
DA:96,0
DA:104,0
DA:106,0
DA:107,0
DA:108,0
DA:111,0
DA:112,0
DA:116,0
DA:117,0
DA:119,0
DA:120,0
DA:121,0
DA:123,0
DA:124,0
DA:129,0
DA:130,0
DA:132,0
DA:133,0
DA:134,0
DA:135,0
DA:137,0
DA:138,0
DA:139,0
DA:140,0
DA:142,0
DA:146,0
DA:151,0
LF:53
LH:0
BRDA:41,0,0,0
BRDA:41,0,1,0
BRDA:57,1,0,0
BRDA:57,1,1,0
BRDA:75,2,0,0
BRDA:75,2,1,0
BRDA:104,3,0,0
BRDA:104,3,1,0
BRDA:117,4,0,0
BRDA:117,4,1,0
BRDA:123,5,0,0
BRDA:123,5,1,0
BRDA:130,6,0,0
BRDA:130,6,1,0
BRDA:137,7,0,0
BRDA:137,7,1,0
BRDA:140,8,0,0
BRDA:140,8,1,0
BRF:18
BRH:0
end_of_record
TN:
SF:stores/healthProfileStore.ts
FN:18,(anonymous_0)
FN:23,(anonymous_1)
FN:27,(anonymous_2)
FN:36,(anonymous_3)
FN:40,(anonymous_4)
FN:46,(anonymous_5)
FN:47,(anonymous_6)
FN:47,(anonymous_7)
FNF:8
FNH:0
FNDA:0,(anonymous_0)
FNDA:0,(anonymous_1)
FNDA:0,(anonymous_2)
FNDA:0,(anonymous_3)
FNDA:0,(anonymous_4)
FNDA:0,(anonymous_5)
FNDA:0,(anonymous_6)
FNDA:0,(anonymous_7)
DA:16,0
DA:18,0
DA:24,0
DA:28,0
DA:29,0
DA:30,0
DA:37,0
DA:41,0
DA:46,0
DA:47,0
DA:48,0
LF:11
LH:0
BRDA:29,0,0,0
BRDA:29,0,1,0
BRF:2
BRH:0
end_of_record
TN:
SF:stores/hrvStore.ts
FN:25,(anonymous_0)
FN:32,(anonymous_1)
FN:51,(anonymous_2)
FN:59,(anonymous_3)
FN:60,(anonymous_4)
FN:63,(anonymous_5)
FN:65,(anonymous_6)
FN:69,(anonymous_7)
FN:74,(anonymous_8)
FN:78,(anonymous_9)
FN:82,(anonymous_10)
FN:129,(anonymous_11)
FN:130,(anonymous_12)
FN:130,(anonymous_13)
FNF:14
FNH:8
FNDA:2,(anonymous_0)
FNDA:10,(anonymous_1)
FNDA:9,(anonymous_2)
FNDA:2,(anonymous_3)
FNDA:1,(anonymous_4)
FNDA:0,(anonymous_5)
FNDA:0,(anonymous_6)
FNDA:0,(anonymous_7)
FNDA:0,(anonymous_8)
FNDA:0,(anonymous_9)
FNDA:0,(anonymous_10)
FNDA:2,(anonymous_11)
FNDA:2,(anonymous_12)
FNDA:2,(anonymous_13)
DA:23,2
DA:25,2
DA:33,10
DA:34,10
DA:37,10
DA:38,1
DA:42,10
DA:43,10
DA:44,20
DA:45,17
DA:47,20
DA:51,10
DA:52,9
DA:55,10
DA:56,10
DA:60,2
DA:64,0
DA:65,0
DA:70,0
DA:71,0
DA:75,0
DA:79,0
DA:83,0
DA:85,0
DA:86,0
DA:89,0
DA:91,0
DA:93,0
DA:94,0
DA:99,0
DA:106,0
DA:109,0
DA:115,0
DA:118,0
DA:119,0
DA:123,0
DA:129,2
DA:130,2
DA:131,2
LF:39
LH:19
BRDA:44,0,0,17
BRDA:44,0,1,3
BRDA:65,1,0,0
BRDA:65,1,1,0
BRDA:71,2,0,0
BRDA:71,2,1,0
BRDA:82,3,0,0
BRDA:85,4,0,0
BRDA:85,4,1,0
BRDA:85,5,0,0
BRDA:85,5,1,0
BRDA:118,6,0,0
BRDA:118,6,1,0
BRF:13
BRH:2
end_of_record
TN:
SF:stores/screenshotStore.ts
FN:18,generateId
FN:25,(anonymous_1)
FN:30,(anonymous_2)
FN:35,(anonymous_3)
FN:40,(anonymous_4)
FN:41,(anonymous_5)
FN:42,(anonymous_6)
FN:48,(anonymous_7)
FN:49,(anonymous_8)
FN:50,(anonymous_9)
FN:54,(anonymous_10)
FN:55,(anonymous_11)
FN:58,(anonymous_12)
FN:64,(anonymous_13)
FN:65,(anonymous_14)
FN:68,(anonymous_15)
FN:74,(anonymous_16)
FN:75,(anonymous_17)
FN:75,(anonymous_18)
FNF:19
FNH:0
FNDA:0,generateId
FNDA:0,(anonymous_1)
FNDA:0,(anonymous_2)
FNDA:0,(anonymous_3)
FNDA:0,(anonymous_4)
FNDA:0,(anonymous_5)
FNDA:0,(anonymous_6)
FNDA:0,(anonymous_7)
FNDA:0,(anonymous_8)
FNDA:0,(anonymous_9)
FNDA:0,(anonymous_10)
FNDA:0,(anonymous_11)
FNDA:0,(anonymous_12)
FNDA:0,(anonymous_13)
FNDA:0,(anonymous_14)
FNDA:0,(anonymous_15)
FNDA:0,(anonymous_16)
FNDA:0,(anonymous_17)
FNDA:0,(anonymous_18)
DA:19,0
DA:23,0
DA:25,0
DA:31,0
DA:35,0
DA:41,0
DA:43,0
DA:49,0
DA:50,0
DA:55,0
DA:59,0
DA:60,0
DA:61,0
DA:63,0
DA:64,0
DA:65,0
DA:69,0
DA:74,0
DA:75,0
DA:76,0
LF:20
LH:0
BRDA:33,0,0,0
BRDA:33,0,1,0
BRDA:43,1,0,0
BRDA:43,1,1,0
BRF:4
BRH:0
end_of_record
TN:
SF:stores/userStore.ts
FN:16,generateId
FN:23,(anonymous_1)
FN:28,(anonymous_2)
FN:38,(anonymous_3)
FN:47,(anonymous_4)
FN:51,(anonymous_5)
FN:57,(anonymous_6)
FN:58,(anonymous_7)
FN:58,(anonymous_8)
FNF:9
FNH:0
FNDA:0,generateId
FNDA:0,(anonymous_1)
FNDA:0,(anonymous_2)
FNDA:0,(anonymous_3)
FNDA:0,(anonymous_4)
FNDA:0,(anonymous_5)
FNDA:0,(anonymous_6)
FNDA:0,(anonymous_7)
FNDA:0,(anonymous_8)
DA:17,0
DA:21,0
DA:23,0
DA:29,0
DA:35,0
DA:39,0
DA:40,0
DA:41,0
DA:48,0
DA:52,0
DA:57,0
DA:58,0
DA:59,0
LF:13
LH:0
BRDA:40,0,0,0
BRDA:40,0,1,0
BRF:2
BRH:0
end_of_record
TN:
SF:stores/whoopAuthStore.ts
FN:25,(anonymous_0)
FN:32,(anonymous_1)
FN:42,(anonymous_2)
FN:51,(anonymous_3)
FN:58,(anonymous_4)
FN:64,(anonymous_5)
FN:65,(anonymous_6)
FN:65,(anonymous_7)
FNF:8
FNH:4
FNDA:2,(anonymous_0)
FNDA:0,(anonymous_1)
FNDA:0,(anonymous_2)
FNDA:0,(anonymous_3)
FNDA:0,(anonymous_4)
FNDA:2,(anonymous_5)
FNDA:2,(anonymous_6)
FNDA:2,(anonymous_7)
DA:23,2
DA:25,2
DA:33,0
DA:34,0
DA:43,0
DA:52,0
DA:53,0
DA:55,0
DA:59,0
DA:64,2
DA:65,2
DA:66,2
LF:12
LH:5
BRDA:53,0,0,0
BRDA:53,0,1,0
BRF:2
BRH:0
end_of_record
